/cs/phd/itskov/Storage/EhudC/EHC143_EV_DAY_2_rep_1_19jan20.avi_exp/EHC143_EV_DAY_2_rep_1_19jan20.avi
/cs/phd/itskov/venv_ec8585eb-8365-4373-aa33-c8625b8c87bc

Inactive Modules:
  1) infiniband

Already using interpreter /usr/bin/python3
Using base prefix '/usr'
New python executable in /cs/phd/itskov/venv_ec8585eb-8365-4373-aa33-c8625b8c87bc/bin/python3
Also creating executable in /cs/phd/itskov/venv_ec8585eb-8365-4373-aa33-c8625b8c87bc/bin/python
Installing setuptools, pkg_resources, pip, wheel...done.
Installing sk-video.
Collecting sk-video
  Using cached sk_video-1.1.10-py2.py3-none-any.whl (2.3 MB)
Requirement already satisfied: numpy in /usr/lib/python3/dist-packages (from sk-video) (1.16.2)
Requirement already satisfied: scipy in /usr/lib/python3/dist-packages (from sk-video) (1.1.0)
Installing collected packages: sk-video
Successfully installed sk-video-1.1.10
Done installting sk-video.
/cs/phd/itskov/Storage/EhudC/EHC143_EV_DAY_2_rep_1_19jan20.avi_exp/EHC143_EV_DAY_2_rep_1_19jan20.avi
2020-05-02 18:06:40.736258: I tensorflow/stream_executor/platform/default/dso_loader.cc:42] Successfully opened dynamic library libcudart.so.10.0
Unable to init server: Could not connect: Connection refused
Unable to init server: Could not connect: Connection refused

(AnalysisStep.py:10754): Gdk-CRITICAL **: 18:06:47.701: gdk_cursor_new_for_display: assertion 'GDK_IS_DISPLAY (display)' failed

(AnalysisStep.py:10754): Gdk-CRITICAL **: 18:06:47.703: gdk_cursor_new_for_display: assertion 'GDK_IS_DISPLAY (display)' failed
WARNING: Logging before flag parsing goes to stderr.
W0502 18:06:49.616104 139656336713536 deprecation_wrapper.py:119] From /cs/phd/itskov/WormSegmentation/Behavior/Pipeline/SegmentStep.py:23: The name tf.placeholder is deprecated. Please use tf.compat.v1.placeholder instead.

W0502 18:06:49.634965 139656336713536 deprecation_wrapper.py:119] From /cs/phd/itskov/WormSegmentation/Behavior/Pipeline/SegmentStep.py:26: The name tf.ConfigProto is deprecated. Please use tf.compat.v1.ConfigProto instead.

W0502 18:06:49.635143 139656336713536 deprecation_wrapper.py:119] From /cs/phd/itskov/WormSegmentation/Behavior/Pipeline/SegmentStep.py:29: The name tf.Session is deprecated. Please use tf.compat.v1.Session instead.

2020-05-02 18:06:49.652837: I tensorflow/core/platform/profile_utils/cpu_utils.cc:94] CPU Frequency: 2399880000 Hz
2020-05-02 18:06:49.653032: I tensorflow/compiler/xla/service/service.cc:168] XLA service 0x24c1e70 executing computations on platform Host. Devices:
2020-05-02 18:06:49.653053: I tensorflow/compiler/xla/service/service.cc:175]   StreamExecutor device (0): <undefined>, <undefined>
2020-05-02 18:06:49.657510: I tensorflow/stream_executor/platform/default/dso_loader.cc:42] Successfully opened dynamic library libcuda.so.1
2020-05-02 18:06:49.852460: I tensorflow/compiler/xla/service/service.cc:168] XLA service 0x4d9bcc0 executing computations on platform CUDA. Devices:
2020-05-02 18:06:49.852507: I tensorflow/compiler/xla/service/service.cc:175]   StreamExecutor device (0): Tesla M60, Compute Capability 5.2
2020-05-02 18:06:49.855736: I tensorflow/core/common_runtime/gpu/gpu_device.cc:1640] Found device 0 with properties: 
name: Tesla M60 major: 5 minor: 2 memoryClockRate(GHz): 1.1775
pciBusID: 0000:06:00.0
2020-05-02 18:06:49.855897: I tensorflow/stream_executor/platform/default/dso_loader.cc:42] Successfully opened dynamic library libcudart.so.10.0
2020-05-02 18:06:49.996627: I tensorflow/stream_executor/platform/default/dso_loader.cc:42] Successfully opened dynamic library libcublas.so.10.0
2020-05-02 18:06:50.056573: I tensorflow/stream_executor/platform/default/dso_loader.cc:42] Successfully opened dynamic library libcufft.so.10.0
2020-05-02 18:06:50.094135: I tensorflow/stream_executor/platform/default/dso_loader.cc:42] Successfully opened dynamic library libcurand.so.10.0
2020-05-02 18:06:50.201963: I tensorflow/stream_executor/platform/default/dso_loader.cc:42] Successfully opened dynamic library libcusolver.so.10.0
2020-05-02 18:06:50.266645: I tensorflow/stream_executor/platform/default/dso_loader.cc:42] Successfully opened dynamic library libcusparse.so.10.0
2020-05-02 18:06:50.531421: I tensorflow/stream_executor/platform/default/dso_loader.cc:42] Successfully opened dynamic library libcudnn.so.7
2020-05-02 18:06:50.536780: I tensorflow/core/common_runtime/gpu/gpu_device.cc:1763] Adding visible gpu devices: 0
2020-05-02 18:06:50.536858: I tensorflow/stream_executor/platform/default/dso_loader.cc:42] Successfully opened dynamic library libcudart.so.10.0
2020-05-02 18:06:55.321673: I tensorflow/core/common_runtime/gpu/gpu_device.cc:1181] Device interconnect StreamExecutor with strength 1 edge matrix:
2020-05-02 18:06:55.321741: I tensorflow/core/common_runtime/gpu/gpu_device.cc:1187]      0 
2020-05-02 18:06:55.321753: I tensorflow/core/common_runtime/gpu/gpu_device.cc:1200] 0:   N 
2020-05-02 18:06:55.326699: I tensorflow/core/common_runtime/gpu/gpu_device.cc:1326] Created TensorFlow device (/job:localhost/replica:0/task:0/device:GPU:0 with 7576 MB memory) -> physical GPU (device: 0, name: Tesla M60, pci bus id: 0000:06:00.0, compute capability: 5.2)
W0502 18:06:55.330579 139656336713536 deprecation.py:323] From /cs/phd/itskov/WormSegmentation/trainModel.py:28: conv2d (from tensorflow.python.layers.convolutional) is deprecated and will be removed in a future version.
Instructions for updating:
Use `tf.keras.layers.Conv2D` instead.
W0502 18:06:55.333235 139656336713536 deprecation.py:506] From /usr/local/tensorflow/avx-avx2-gpu/1.14.0/python3.7/site-packages/tensorflow/python/ops/init_ops.py:1251: calling VarianceScaling.__init__ (from tensorflow.python.ops.init_ops) with dtype is deprecated and will be removed in a future version.
Instructions for updating:
Call initializer instance with the dtype argument instead of passing it to the constructor
W0502 18:06:55.482144 139656336713536 ag_logging.py:145] Entity <bound method Conv.call of <tensorflow.python.layers.convolutional.Conv2D object at 0x7f03e10f0b70>> could not be transformed and will be executed as-is. Please report this to the AutgoGraph team. When filing the bug, set the verbosity to 10 (on Linux, `export AUTOGRAPH_VERBOSITY=10`) and attach the full output. Cause: converting <bound method Conv.call of <tensorflow.python.layers.convolutional.Conv2D object at 0x7f03e10f0b70>>: AttributeError: module 'astor' has no attribute 'code_gen'
W0502 18:06:55.634100 139656336713536 ag_logging.py:145] Entity <bound method Conv.call of <tensorflow.python.layers.convolutional.Conv2D object at 0x7f03e10f0b70>> could not be transformed and will be executed as-is. Please report this to the AutgoGraph team. When filing the bug, set the verbosity to 10 (on Linux, `export AUTOGRAPH_VERBOSITY=10`) and attach the full output. Cause: converting <bound method Conv.call of <tensorflow.python.layers.convolutional.Conv2D object at 0x7f03e10f0b70>>: AttributeError: module 'astor' has no attribute 'code_gen'
W0502 18:06:55.771390 139656336713536 ag_logging.py:145] Entity <bound method Conv.call of <tensorflow.python.layers.convolutional.Conv2D object at 0x7f03e10f0b70>> could not be transformed and will be executed as-is. Please report this to the AutgoGraph team. When filing the bug, set the verbosity to 10 (on Linux, `export AUTOGRAPH_VERBOSITY=10`) and attach the full output. Cause: converting <bound method Conv.call of <tensorflow.python.layers.convolutional.Conv2D object at 0x7f03e10f0b70>>: AttributeError: module 'astor' has no attribute 'code_gen'
W0502 18:06:55.773476 139656336713536 deprecation.py:323] From /cs/phd/itskov/WormSegmentation/trainModel.py:52: conv2d_transpose (from tensorflow.python.layers.convolutional) is deprecated and will be removed in a future version.
Instructions for updating:
Use `tf.keras.layers.Conv2DTranspose` instead.
W0502 18:06:56.135317 139656336713536 ag_logging.py:145] Entity <bound method Conv2DTranspose.call of <tensorflow.python.layers.convolutional.Conv2DTranspose object at 0x7f03d83776a0>> could not be transformed and will be executed as-is. Please report this to the AutgoGraph team. When filing the bug, set the verbosity to 10 (on Linux, `export AUTOGRAPH_VERBOSITY=10`) and attach the full output. Cause: converting <bound method Conv2DTranspose.call of <tensorflow.python.layers.convolutional.Conv2DTranspose object at 0x7f03d83776a0>>: AttributeError: module 'astor' has no attribute 'code_gen'
W0502 18:06:56.584853 139656336713536 ag_logging.py:145] Entity <bound method Conv2DTranspose.call of <tensorflow.python.layers.convolutional.Conv2DTranspose object at 0x7f03d83776a0>> could not be transformed and will be executed as-is. Please report this to the AutgoGraph team. When filing the bug, set the verbosity to 10 (on Linux, `export AUTOGRAPH_VERBOSITY=10`) and attach the full output. Cause: converting <bound method Conv2DTranspose.call of <tensorflow.python.layers.convolutional.Conv2DTranspose object at 0x7f03d83776a0>>: AttributeError: module 'astor' has no attribute 'code_gen'
W0502 18:06:56.961467 139656336713536 ag_logging.py:145] Entity <bound method Conv2DTranspose.call of <tensorflow.python.layers.convolutional.Conv2DTranspose object at 0x7f03d83776a0>> could not be transformed and will be executed as-is. Please report this to the AutgoGraph team. When filing the bug, set the verbosity to 10 (on Linux, `export AUTOGRAPH_VERBOSITY=10`) and attach the full output. Cause: converting <bound method Conv2DTranspose.call of <tensorflow.python.layers.convolutional.Conv2DTranspose object at 0x7f03d83776a0>>: AttributeError: module 'astor' has no attribute 'code_gen'
W0502 18:06:57.112246 139656336713536 ag_logging.py:145] Entity <bound method Conv.call of <tensorflow.python.layers.convolutional.Conv2D object at 0x7f03d83776a0>> could not be transformed and will be executed as-is. Please report this to the AutgoGraph team. When filing the bug, set the verbosity to 10 (on Linux, `export AUTOGRAPH_VERBOSITY=10`) and attach the full output. Cause: converting <bound method Conv.call of <tensorflow.python.layers.convolutional.Conv2D object at 0x7f03d83776a0>>: AttributeError: module 'astor' has no attribute 'code_gen'
W0502 18:06:57.118216 139656336713536 deprecation_wrapper.py:119] From /cs/phd/itskov/WormSegmentation/Behavior/Pipeline/SegmentStep.py:33: The name tf.train.Saver is deprecated. Please use tf.compat.v1.train.Saver instead.

W0502 18:06:57.133619 139656336713536 deprecation.py:323] From /usr/local/tensorflow/avx-avx2-gpu/1.14.0/python3.7/site-packages/tensorflow/python/training/saver.py:1276: checkpoint_exists (from tensorflow.python.training.checkpoint_management) is deprecated and will be removed in a future version.
Instructions for updating:
Use standard file APIs to check for files with this prefix.
2020-05-02 18:06:57.439979: I tensorflow/stream_executor/platform/default/dso_loader.cc:42] Successfully opened dynamic library libcudnn.so.7
/usr/lib/python3/dist-packages/scipy/ndimage/measurements.py:1328: RuntimeWarning: invalid value encountered in true_divide
  for dir in range(input.ndim)]
Channel: first_channel.
***** Here *****
*** Total Frames: 118 ***
Frame: 0 Time: 0.000000 m
	0. Split Channel time: 0.148217 s
	1. Segmentation time: 11.815767 s
	2. Output time: 0.871251 s
	Time to get frame: 0.062525
	3. Tracking time: 0.136655 s
	Overall: 12.972013 s
Frame: 1 Time: 0.216201 m
	0. Split Channel time: 0.012678 s
	1. Segmentation time: 0.124738 s
	2. Output time: 0.014692 s
	Time to get frame: 0.058509
	3. Tracking time: 0.129722 s
	Overall: 0.281900 s
Frame: 2 Time: 0.220899 m
	0. Split Channel time: 0.005477 s
	1. Segmentation time: 0.124565 s
	2. Output time: 0.015275 s
	Time to get frame: 0.071172
	3. Tracking time: 0.143760 s
	Overall: 0.289150 s
Frame: 3 Time: 0.225718 m
	0. Split Channel time: 0.002995 s
	1. Segmentation time: 0.124278 s
	2. Output time: 0.018801 s
	Time to get frame: 0.059847
	3. Tracking time: 0.131726 s
	Overall: 0.277865 s
Frame: 4 Time: 0.230350 m
	0. Split Channel time: 0.031445 s
	1. Segmentation time: 0.122562 s
	2. Output time: 0.018363 s
	Time to get frame: 0.060220
	3. Tracking time: 0.134654 s
	Overall: 0.307097 s
Frame: 5 Time: 0.235468 m
	0. Split Channel time: 0.032263 s
	1. Segmentation time: 0.124257 s
	2. Output time: 0.018538 s
	Time to get frame: 0.059542
	3. Tracking time: 0.131542 s
	Overall: 0.306680 s
Frame: 6 Time: 0.240580 m
	0. Split Channel time: 0.016860 s
	1. Segmentation time: 0.123971 s
	2. Output time: 0.015551 s
	Time to get frame: 0.064645
	3. Tracking time: 0.144488 s
	Overall: 0.300962 s
Frame: 7 Time: 0.245596 m
	0. Split Channel time: 0.010915 s
	1. Segmentation time: 0.125076 s
	2. Output time: 0.015560 s
	Time to get frame: 0.064752
	3. Tracking time: 0.143611 s
	Overall: 0.295250 s
Frame: 8 Time: 0.250517 m
	0. Split Channel time: 0.009140 s
	1. Segmentation time: 0.125090 s
	2. Output time: 0.019793 s
	Time to get frame: 0.059994
	3. Tracking time: 0.135085 s
	Overall: 0.289195 s
Frame: 9 Time: 0.255337 m
	0. Split Channel time: 0.007879 s
	1. Segmentation time: 0.124725 s
	2. Output time: 0.012690 s
	Time to get frame: 0.059452
	3. Tracking time: 0.134738 s
	Overall: 0.280092 s
Frame: 10 Time: 0.260005 m
	0. Split Channel time: 0.004261 s
	1. Segmentation time: 0.124191 s
	2. Output time: 0.012471 s
	Time to get frame: 0.060042
	3. Tracking time: 0.135289 s
	Overall: 0.276288 s
Frame: 11 Time: 0.264610 m
	0. Split Channel time: 0.002591 s
	1. Segmentation time: 0.125689 s
	2. Output time: 0.015381 s
	Time to get frame: 0.065465
	3. Tracking time: 0.139178 s
	Overall: 0.282901 s
Frame: 12 Time: 0.269325 m
	0. Split Channel time: 0.015780 s
	1. Segmentation time: 0.125546 s
	2. Output time: 0.014522 s
	Time to get frame: 0.060005
	3. Tracking time: 0.134125 s
	Overall: 0.290040 s
Frame: 13 Time: 0.274159 m
	0. Split Channel time: 0.028263 s
	1. Segmentation time: 0.126589 s
	2. Output time: 0.015077 s
	Time to get frame: 0.060125
	3. Tracking time: 0.128050 s
	Overall: 0.298043 s
Frame: 14 Time: 0.279127 m
	0. Split Channel time: 0.022820 s
	1. Segmentation time: 0.123035 s
	2. Output time: 0.014424 s
	Time to get frame: 0.060321
	3. Tracking time: 0.126104 s
	Overall: 0.286463 s
Frame: 15 Time: 0.283901 m
	0. Split Channel time: 0.010505 s
	1. Segmentation time: 0.122809 s
	2. Output time: 0.014525 s
	Time to get frame: 0.059859
	3. Tracking time: 0.125903 s
	Overall: 0.273811 s
Frame: 16 Time: 0.288465 m
	0. Split Channel time: 0.010664 s
	1. Segmentation time: 0.122892 s
	2. Output time: 0.017222 s
	Time to get frame: 0.063368
	3. Tracking time: 0.132871 s
	Overall: 0.283720 s
Frame: 17 Time: 0.293193 m
	0. Split Channel time: 0.006078 s
	1. Segmentation time: 0.123338 s
	2. Output time: 0.017111 s
	Time to get frame: 0.059896
	3. Tracking time: 0.125704 s
	Overall: 0.272297 s
Frame: 18 Time: 0.297732 m
	0. Split Channel time: 0.003822 s
	1. Segmentation time: 0.123291 s
	2. Output time: 0.017466 s
	Time to get frame: 0.064662
	3. Tracking time: 0.130952 s
	Overall: 0.275599 s
Frame: 19 Time: 0.302325 m
	0. Split Channel time: 0.002898 s
	1. Segmentation time: 0.123073 s
	2. Output time: 0.016818 s
	Time to get frame: 0.059253
	3. Tracking time: 0.122641 s
	Overall: 0.265499 s
Frame: 20 Time: 0.306750 m
	0. Split Channel time: 0.029908 s
	1. Segmentation time: 0.122770 s
	2. Output time: 0.014212 s
	Time to get frame: 0.059112
	3. Tracking time: 0.122782 s
	Overall: 0.289741 s
Frame: 21 Time: 0.311579 m
	0. Split Channel time: 0.030150 s
	1. Segmentation time: 0.122761 s
	2. Output time: 0.014449 s
	Time to get frame: 0.059376
	3. Tracking time: 0.122675 s
	Overall: 0.290105 s
Frame: 22 Time: 0.316415 m
	0. Split Channel time: 0.015229 s
	1. Segmentation time: 0.123059 s
	2. Output time: 0.014370 s
	Time to get frame: 0.059277
	3. Tracking time: 0.122381 s
	Overall: 0.275111 s
Frame: 23 Time: 0.321000 m
	0. Split Channel time: 0.011344 s
	1. Segmentation time: 0.122852 s
	2. Output time: 0.012435 s
	Time to get frame: 0.059403
	3. Tracking time: 0.122627 s
	Overall: 0.269341 s
Frame: 24 Time: 0.325489 m
	0. Split Channel time: 0.010181 s
	1. Segmentation time: 0.123837 s
	2. Output time: 0.019302 s
	Time to get frame: 0.064712
	3. Tracking time: 0.136438 s
	Overall: 0.289851 s
Frame: 25 Time: 0.330320 m
	0. Split Channel time: 0.005986 s
	1. Segmentation time: 0.124614 s
	2. Output time: 0.021782 s
	Time to get frame: 0.064655
	3. Tracking time: 0.135713 s
	Overall: 0.288179 s
Frame: 26 Time: 0.335123 m
	0. Split Channel time: 0.004592 s
	1. Segmentation time: 0.124524 s
	2. Output time: 0.017624 s
	Time to get frame: 0.059978
	3. Tracking time: 0.127628 s
	Overall: 0.274438 s
Frame: 27 Time: 0.339697 m
	0. Split Channel time: 0.003048 s
	1. Segmentation time: 0.123258 s
	2. Output time: 0.021392 s
	Time to get frame: 0.064348
	3. Tracking time: 0.135910 s
	Overall: 0.283683 s
Frame: 28 Time: 0.344425 m
	0. Split Channel time: 0.035796 s
	1. Segmentation time: 0.124294 s
	2. Output time: 0.021427 s
	Time to get frame: 0.063561
	3. Tracking time: 0.128914 s
	Overall: 0.310512 s
Frame: 29 Time: 0.349601 m
	0. Split Channel time: 0.031393 s
	1. Segmentation time: 0.122088 s
	2. Output time: 0.013111 s
	Time to get frame: 0.059495
	3. Tracking time: 0.122536 s
	Overall: 0.289197 s
Frame: 30 Time: 0.354421 m
	0. Split Channel time: 0.012527 s
	1. Segmentation time: 0.122308 s
	2. Output time: 0.016047 s
	Time to get frame: 0.059490
	3. Tracking time: 0.123377 s
	Overall: 0.274338 s
Frame: 31 Time: 0.358993 m
	0. Split Channel time: 0.010372 s
	1. Segmentation time: 0.123343 s
	2. Output time: 0.015834 s
	Time to get frame: 0.059774
	3. Tracking time: 0.123504 s
	Overall: 0.273121 s
Frame: 32 Time: 0.363545 m
	0. Split Channel time: 0.007102 s
	1. Segmentation time: 0.123118 s
	2. Output time: 0.016202 s
	Time to get frame: 0.059304
	3. Tracking time: 0.123051 s
	Overall: 0.269551 s
Frame: 33 Time: 0.368038 m
	0. Split Channel time: 0.007123 s
	1. Segmentation time: 0.123280 s
	2. Output time: 0.012964 s
	Time to get frame: 0.059388
	3. Tracking time: 0.123375 s
	Overall: 0.266811 s
Frame: 34 Time: 0.372485 m
	0. Split Channel time: 0.003756 s
	1. Segmentation time: 0.123022 s
	2. Output time: 0.012808 s
	Time to get frame: 0.059481
	3. Tracking time: 0.123440 s
	Overall: 0.263108 s
Frame: 35 Time: 0.376870 m
	0. Split Channel time: 0.002842 s
	1. Segmentation time: 0.124228 s
	2. Output time: 0.013923 s
	Time to get frame: 0.059680
	3. Tracking time: 0.124584 s
	Overall: 0.265642 s
Frame: 36 Time: 0.381298 m
	0. Split Channel time: 0.024685 s
	1. Segmentation time: 0.123004 s
	2. Output time: 0.012432 s
	Time to get frame: 0.059566
	3. Tracking time: 0.123249 s
	Overall: 0.283440 s
Frame: 37 Time: 0.386022 m
	0. Split Channel time: 0.014336 s
	1. Segmentation time: 0.123153 s
	2. Output time: 0.012468 s
	Time to get frame: 0.059917
	3. Tracking time: 0.123521 s
	Overall: 0.273547 s
Frame: 38 Time: 0.390581 m
	0. Split Channel time: 0.010952 s
	1. Segmentation time: 0.123003 s
	2. Output time: 0.012494 s
	Time to get frame: 0.059650
	3. Tracking time: 0.123531 s
	Overall: 0.270046 s
Frame: 39 Time: 0.395082 m
	0. Split Channel time: 0.032329 s
	1. Segmentation time: 0.122492 s
	2. Output time: 0.012444 s
	Time to get frame: 0.059821
	3. Tracking time: 0.123613 s
	Overall: 0.291014 s
Frame: 40 Time: 0.399932 m
	0. Split Channel time: 0.012664 s
	1. Segmentation time: 0.123350 s
	2. Output time: 0.012711 s
	Time to get frame: 0.059702
	3. Tracking time: 0.124661 s
	Overall: 0.273452 s
Frame: 41 Time: 0.404490 m
	0. Split Channel time: 0.006691 s
	1. Segmentation time: 0.123704 s
	2. Output time: 0.012582 s
	Time to get frame: 0.059696
	3. Tracking time: 0.124998 s
	Overall: 0.268043 s
Frame: 42 Time: 0.408957 m
	0. Split Channel time: 0.004900 s
	1. Segmentation time: 0.124167 s
	2. Output time: 0.016654 s
	Time to get frame: 0.063167
	3. Tracking time: 0.129859 s
	Overall: 0.275651 s
Frame: 43 Time: 0.413551 m
	0. Split Channel time: 0.002907 s
	1. Segmentation time: 0.124229 s
	2. Output time: 0.020917 s
	Time to get frame: 0.060263
	3. Tracking time: 0.127088 s
	Overall: 0.275208 s
Frame: 44 Time: 0.418138 m
	0. Split Channel time: 0.030457 s
	1. Segmentation time: 0.123187 s
	2. Output time: 0.018291 s
	Time to get frame: 0.060124
	3. Tracking time: 0.124035 s
	Overall: 0.296050 s
Frame: 45 Time: 0.423073 m
	0. Split Channel time: 0.025911 s
	1. Segmentation time: 0.123367 s
	2. Output time: 0.016507 s
	Time to get frame: 0.062988
	3. Tracking time: 0.127128 s
	Overall: 0.292986 s
Frame: 46 Time: 0.427956 m
	0. Split Channel time: 0.030328 s
	1. Segmentation time: 0.122969 s
	2. Output time: 0.017487 s
	Time to get frame: 0.067269
	3. Tracking time: 0.132210 s
	Overall: 0.303066 s
Frame: 47 Time: 0.433007 m
	0. Split Channel time: 0.011590 s
	1. Segmentation time: 0.122952 s
	2. Output time: 0.012677 s
	Time to get frame: 0.060172
	3. Tracking time: 0.126057 s
	Overall: 0.273349 s
Frame: 48 Time: 0.437563 m
	0. Split Channel time: 0.010748 s
	1. Segmentation time: 0.122914 s
	2. Output time: 0.017691 s
	Time to get frame: 0.063998
	3. Tracking time: 0.130044 s
	Overall: 0.281469 s
Frame: 49 Time: 0.442254 m
	0. Split Channel time: 0.006155 s
	1. Segmentation time: 0.122669 s
	2. Output time: 0.018361 s
	Time to get frame: 0.060208
	3. Tracking time: 0.126256 s
	Overall: 0.273504 s
Frame: 50 Time: 0.446813 m
	0. Split Channel time: 0.003793 s
	1. Segmentation time: 0.124373 s
	2. Output time: 0.017646 s
	Time to get frame: 0.060149
	3. Tracking time: 0.127184 s
	Overall: 0.273068 s
Frame: 51 Time: 0.451364 m
	0. Split Channel time: 0.002879 s
	1. Segmentation time: 0.123003 s
	2. Output time: 0.014287 s
	Time to get frame: 0.062520
	3. Tracking time: 0.128652 s
	Overall: 0.268891 s
Frame: 52 Time: 0.455846 m
	0. Split Channel time: 0.016446 s
	1. Segmentation time: 0.122867 s
	2. Output time: 0.013437 s
	Time to get frame: 0.059875
	3. Tracking time: 0.124132 s
	Overall: 0.276950 s
Frame: 53 Time: 0.460462 m
	0. Split Channel time: 0.018003 s
	1. Segmentation time: 0.122841 s
	2. Output time: 0.013286 s
	Time to get frame: 0.060055
	3. Tracking time: 0.124667 s
	Overall: 0.278866 s
Frame: 54 Time: 0.465109 m
	0. Split Channel time: 0.014321 s
	1. Segmentation time: 0.122831 s
	2. Output time: 0.013784 s
	Time to get frame: 0.060014
	3. Tracking time: 0.126005 s
	Overall: 0.277018 s
Frame: 55 Time: 0.469726 m
	0. Split Channel time: 0.010140 s
	1. Segmentation time: 0.123168 s
	2. Output time: 0.011934 s
	Time to get frame: 0.060193
	3. Tracking time: 0.126058 s
	Overall: 0.271365 s
Frame: 56 Time: 0.474249 m
	0. Split Channel time: 0.010400 s
	1. Segmentation time: 0.122793 s
	2. Output time: 0.013367 s
	Time to get frame: 0.062922
	3. Tracking time: 0.129040 s
	Overall: 0.275677 s
Frame: 57 Time: 0.478844 m
	0. Split Channel time: 0.006951 s
	1. Segmentation time: 0.123240 s
	2. Output time: 0.013228 s
	Time to get frame: 0.058247
	3. Tracking time: 0.124350 s
	Overall: 0.267859 s
Frame: 58 Time: 0.483308 m
	0. Split Channel time: 0.005764 s
	1. Segmentation time: 0.123046 s
	2. Output time: 0.013355 s
	Time to get frame: 0.059810
	3. Tracking time: 0.125991 s
	Overall: 0.268223 s
Frame: 59 Time: 0.487779 m
	0. Split Channel time: 0.003037 s
	1. Segmentation time: 0.123550 s
	2. Output time: 0.013166 s
	Time to get frame: 0.065863
	3. Tracking time: 0.130760 s
	Overall: 0.270575 s
Frame: 60 Time: 0.492289 m
	0. Split Channel time: 0.032665 s
	1. Segmentation time: 0.122949 s
	2. Output time: 0.013067 s
	Time to get frame: 0.061073
	3. Tracking time: 0.125602 s
	Overall: 0.294354 s
Frame: 61 Time: 0.497195 m
	0. Split Channel time: 0.015033 s
	1. Segmentation time: 0.123180 s
	2. Output time: 0.010763 s
	Time to get frame: 0.059907
	3. Tracking time: 0.122890 s
	Overall: 0.271932 s
Frame: 62 Time: 0.501727 m
	0. Split Channel time: 0.013677 s
	1. Segmentation time: 0.122908 s
	2. Output time: 0.015931 s
	Time to get frame: 0.066102
	3. Tracking time: 0.130533 s
	Overall: 0.283119 s
Frame: 63 Time: 0.506446 m
	0. Split Channel time: 0.010169 s
	1. Segmentation time: 0.123208 s
	2. Output time: 0.010486 s
	Time to get frame: 0.059109
	3. Tracking time: 0.125355 s
	Overall: 0.269292 s
Frame: 64 Time: 0.510934 m
	0. Split Channel time: 0.012681 s
	1. Segmentation time: 0.122976 s
	2. Output time: 0.012565 s
	Time to get frame: 0.067887
	3. Tracking time: 0.132255 s
	Overall: 0.280547 s
Frame: 65 Time: 0.515610 m
	0. Split Channel time: 0.006962 s
	1. Segmentation time: 0.123361 s
	2. Output time: 0.013215 s
	Time to get frame: 0.060134
	3. Tracking time: 0.125419 s
	Overall: 0.269028 s
Frame: 66 Time: 0.520094 m
	0. Split Channel time: 0.003643 s
	1. Segmentation time: 0.123170 s
	2. Output time: 0.013195 s
	Time to get frame: 0.059975
	3. Tracking time: 0.125174 s
	Overall: 0.265247 s
Frame: 67 Time: 0.524515 m
	0. Split Channel time: 0.002728 s
	1. Segmentation time: 0.123339 s
	2. Output time: 0.013377 s
	Time to get frame: 0.059614
	3. Tracking time: 0.124672 s
	Overall: 0.264194 s
Frame: 68 Time: 0.528918 m
	0. Split Channel time: 0.031357 s
	1. Segmentation time: 0.122884 s
	2. Output time: 0.012997 s
	Time to get frame: 0.060115
	3. Tracking time: 0.126494 s
	Overall: 0.293808 s
Frame: 69 Time: 0.533815 m
	0. Split Channel time: 0.031128 s
	1. Segmentation time: 0.122974 s
	2. Output time: 0.013025 s
	Time to get frame: 0.060249
	3. Tracking time: 0.125954 s
	Overall: 0.293151 s
Frame: 70 Time: 0.538701 m
	0. Split Channel time: 0.011467 s
	1. Segmentation time: 0.124295 s
	2. Output time: 0.040071 s
	Time to get frame: 0.069611
	3. Tracking time: 0.140798 s
	Overall: 0.316714 s
Frame: 71 Time: 0.543980 m
	0. Split Channel time: 0.031827 s
	1. Segmentation time: 0.124971 s
	2. Output time: 0.017897 s
	Time to get frame: 0.064341
	3. Tracking time: 0.135902 s
	Overall: 0.310680 s
Frame: 72 Time: 0.549158 m
	0. Split Channel time: 0.040917 s
	1. Segmentation time: 0.123877 s
	2. Output time: 0.019884 s
	Time to get frame: 0.067416
	3. Tracking time: 0.139056 s
	Overall: 0.323824 s
Frame: 73 Time: 0.554555 m
	0. Split Channel time: 0.010350 s
	1. Segmentation time: 0.124044 s
	2. Output time: 0.018466 s
	Time to get frame: 0.060216
	3. Tracking time: 0.126254 s
	Overall: 0.279184 s
Frame: 74 Time: 0.559208 m
	0. Split Channel time: 0.003863 s
	1. Segmentation time: 0.122983 s
	2. Output time: 0.017808 s
	Time to get frame: 0.065974
	3. Tracking time: 0.131184 s
	Overall: 0.275907 s
Frame: 75 Time: 0.563807 m
	0. Split Channel time: 0.002707 s
	1. Segmentation time: 0.123209 s
	2. Output time: 0.015900 s
	Time to get frame: 0.060325
	3. Tracking time: 0.124953 s
	Overall: 0.266829 s
Frame: 76 Time: 0.568254 m
	0. Split Channel time: 0.031768 s
	1. Segmentation time: 0.122553 s
	2. Output time: 0.016448 s
	Time to get frame: 0.060105
	3. Tracking time: 0.125603 s
	Overall: 0.296441 s
Frame: 77 Time: 0.573195 m
	0. Split Channel time: 0.029450 s
	1. Segmentation time: 0.122864 s
	2. Output time: 0.020047 s
	Time to get frame: 0.060221
	3. Tracking time: 0.125723 s
	Overall: 0.298173 s
Frame: 78 Time: 0.578164 m
	0. Split Channel time: 0.024500 s
	1. Segmentation time: 0.123130 s
	2. Output time: 0.019004 s
	Time to get frame: 0.066087
	3. Tracking time: 0.137856 s
	Overall: 0.304566 s
Frame: 79 Time: 0.583241 m
	0. Split Channel time: 0.014776 s
	1. Segmentation time: 0.123362 s
	2. Output time: 0.018964 s
	Time to get frame: 0.060249
	3. Tracking time: 0.125090 s
	Overall: 0.282265 s
Frame: 80 Time: 0.587945 m
	0. Split Channel time: 0.009633 s
	1. Segmentation time: 0.122412 s
	2. Output time: 0.015379 s
	Time to get frame: 0.059746
	3. Tracking time: 0.123717 s
	Overall: 0.271209 s
Frame: 81 Time: 0.592466 m
	0. Split Channel time: 0.006320 s
	1. Segmentation time: 0.123063 s
	2. Output time: 0.015208 s
	Time to get frame: 0.060430
	3. Tracking time: 0.125538 s
	Overall: 0.270203 s
Frame: 82 Time: 0.596969 m
	0. Split Channel time: 0.004076 s
	1. Segmentation time: 0.123552 s
	2. Output time: 0.016191 s
	Time to get frame: 0.060151
	3. Tracking time: 0.125041 s
	Overall: 0.268937 s
Frame: 83 Time: 0.601452 m
	0. Split Channel time: 0.002933 s
	1. Segmentation time: 0.123766 s
	2. Output time: 0.015746 s
	Time to get frame: 0.060136
	3. Tracking time: 0.125970 s
	Overall: 0.268482 s
Frame: 84 Time: 0.605927 m
	0. Split Channel time: 0.024385 s
	1. Segmentation time: 0.122226 s
	2. Output time: 0.018938 s
	Time to get frame: 0.065787
	3. Tracking time: 0.130960 s
	Overall: 0.296579 s
Frame: 85 Time: 0.610870 m
	0. Split Channel time: 0.033769 s
	1. Segmentation time: 0.122594 s
	2. Output time: 0.016354 s
	Time to get frame: 0.060142
	3. Tracking time: 0.125504 s
	Overall: 0.298295 s
Frame: 86 Time: 0.615841 m
	0. Split Channel time: 0.023964 s
	1. Segmentation time: 0.122390 s
	2. Output time: 0.016091 s
	Time to get frame: 0.060369
	3. Tracking time: 0.125711 s
	Overall: 0.288240 s
Frame: 87 Time: 0.620646 m
	0. Split Channel time: 0.013566 s
	1. Segmentation time: 0.122639 s
	2. Output time: 0.015297 s
	Time to get frame: 0.060230
	3. Tracking time: 0.126129 s
	Overall: 0.277698 s
Frame: 88 Time: 0.625274 m
	0. Split Channel time: 0.009737 s
	1. Segmentation time: 0.122814 s
	2. Output time: 0.016099 s
	Time to get frame: 0.060362
	3. Tracking time: 0.125434 s
	Overall: 0.274151 s
Frame: 89 Time: 0.629843 m
	0. Split Channel time: 0.008086 s
	1. Segmentation time: 0.123724 s
	2. Output time: 0.016007 s
	Time to get frame: 0.060158
	3. Tracking time: 0.125080 s
	Overall: 0.272969 s
Frame: 90 Time: 0.634393 m
	0. Split Channel time: 0.009538 s
	1. Segmentation time: 0.122890 s
	2. Output time: 0.017617 s
	Time to get frame: 0.060072
	3. Tracking time: 0.126031 s
	Overall: 0.276144 s
Frame: 91 Time: 0.638995 m
	0. Split Channel time: 0.002534 s
	1. Segmentation time: 0.123713 s
	2. Output time: 0.017182 s
	Time to get frame: 0.066267
	3. Tracking time: 0.139147 s
	Overall: 0.282645 s
Frame: 92 Time: 0.643706 m
	0. Split Channel time: 0.031587 s
	1. Segmentation time: 0.122690 s
	2. Output time: 0.016508 s
	Time to get frame: 0.066411
	3. Tracking time: 0.132759 s
	Overall: 0.303632 s
Frame: 93 Time: 0.648767 m
	0. Split Channel time: 0.036039 s
	1. Segmentation time: 0.122217 s
	2. Output time: 0.015871 s
	Time to get frame: 0.066346
	3. Tracking time: 0.132772 s
	Overall: 0.306971 s
Frame: 94 Time: 0.653883 m
	0. Split Channel time: 0.012523 s
	1. Segmentation time: 0.123105 s
	2. Output time: 0.016191 s
	Time to get frame: 0.060094
	3. Tracking time: 0.126207 s
	Overall: 0.278100 s
Frame: 95 Time: 0.658518 m
	0. Split Channel time: 0.010526 s
	1. Segmentation time: 0.123255 s
	2. Output time: 0.014293 s
	Time to get frame: 0.060448
	3. Tracking time: 0.127156 s
	Overall: 0.275303 s
Frame: 96 Time: 0.663107 m
	0. Split Channel time: 0.011623 s
	1. Segmentation time: 0.122999 s
	2. Output time: 0.014289 s
	Time to get frame: 0.060106
	3. Tracking time: 0.124443 s
	Overall: 0.273430 s
Frame: 97 Time: 0.667664 m
	0. Split Channel time: 0.009146 s
	1. Segmentation time: 0.122787 s
	2. Output time: 0.014066 s
	Time to get frame: 0.060145
	3. Tracking time: 0.125037 s
	Overall: 0.271101 s
Frame: 98 Time: 0.672182 m
	0. Split Channel time: 0.003688 s
	1. Segmentation time: 0.124636 s
	2. Output time: 0.018378 s
	Time to get frame: 0.060186
	3. Tracking time: 0.126606 s
	Overall: 0.273370 s
Frame: 99 Time: 0.676739 m
	0. Split Channel time: 0.003070 s
	1. Segmentation time: 0.123995 s
	2. Output time: 0.014063 s
	Time to get frame: 0.060044
	3. Tracking time: 0.130732 s
	Overall: 0.271938 s
Frame: 100 Time: 0.681271 m
	0. Split Channel time: 0.035519 s
	1. Segmentation time: 0.122715 s
	2. Output time: 0.016088 s
	Time to get frame: 0.060086
	3. Tracking time: 0.136608 s
	Overall: 0.310995 s
Frame: 101 Time: 0.686454 m
	0. Split Channel time: 0.034967 s
	1. Segmentation time: 0.123329 s
	2. Output time: 0.014077 s
	Time to get frame: 0.060190
	3. Tracking time: 0.133940 s
	Overall: 0.306383 s
Frame: 102 Time: 0.691561 m
	0. Split Channel time: 0.016833 s
	1. Segmentation time: 0.122737 s
	2. Output time: 0.016130 s
	Time to get frame: 0.068320
	3. Tracking time: 0.144081 s
	Overall: 0.299856 s
Frame: 103 Time: 0.696559 m
	0. Split Channel time: 0.016527 s
	1. Segmentation time: 0.123808 s
	2. Output time: 0.015130 s
	Time to get frame: 0.066109
	3. Tracking time: 0.139459 s
	Overall: 0.294993 s
Frame: 104 Time: 0.701475 m
	0. Split Channel time: 0.010304 s
	1. Segmentation time: 0.123073 s
	2. Output time: 0.013766 s
	Time to get frame: 0.060211
	3. Tracking time: 0.134647 s
	Overall: 0.281866 s
Frame: 105 Time: 0.706173 m
	0. Split Channel time: 0.007873 s
	1. Segmentation time: 0.123644 s
	2. Output time: 0.013353 s
	Time to get frame: 0.060533
	3. Tracking time: 0.127182 s
	Overall: 0.272121 s
Frame: 106 Time: 0.710709 m
	0. Split Channel time: 0.003578 s
	1. Segmentation time: 0.124484 s
	2. Output time: 0.014575 s
	Time to get frame: 0.069121
	3. Tracking time: 0.142528 s
	Overall: 0.285237 s
Frame: 107 Time: 0.715463 m
	0. Split Channel time: 0.002737 s
	1. Segmentation time: 0.123312 s
	2. Output time: 0.013566 s
	Time to get frame: 0.064327
	3. Tracking time: 0.130684 s
	Overall: 0.270363 s
Frame: 108 Time: 0.719969 m
	0. Split Channel time: 0.026990 s
	1. Segmentation time: 0.123522 s
	2. Output time: 0.014511 s
	Time to get frame: 0.067547
	3. Tracking time: 0.139337 s
	Overall: 0.304439 s
Frame: 109 Time: 0.725043 m
	0. Split Channel time: 0.015661 s
	1. Segmentation time: 0.125094 s
	2. Output time: 0.020810 s
	Time to get frame: 0.064814
	3. Tracking time: 0.143712 s
	Overall: 0.305366 s
Frame: 110 Time: 0.730132 m
	0. Split Channel time: 0.029181 s
	1. Segmentation time: 0.122920 s
	2. Output time: 0.013736 s
	Time to get frame: 0.065640
	3. Tracking time: 0.144437 s
	Overall: 0.310349 s
Frame: 111 Time: 0.735305 m
	0. Split Channel time: 0.012581 s
	1. Segmentation time: 0.123259 s
	2. Output time: 0.014992 s
	Time to get frame: 0.063217
	3. Tracking time: 0.136170 s
	Overall: 0.287073 s
Frame: 112 Time: 0.740090 m
	0. Split Channel time: 0.010315 s
	1. Segmentation time: 0.122536 s
	2. Output time: 0.013190 s
	Time to get frame: 0.066206
	3. Tracking time: 0.138892 s
	Overall: 0.285023 s
Frame: 113 Time: 0.744840 m
	0. Split Channel time: 0.005964 s
	1. Segmentation time: 0.125199 s
	2. Output time: 0.013073 s
	Time to get frame: 0.060878
	3. Tracking time: 0.134313 s
	Overall: 0.278628 s
Frame: 114 Time: 0.749484 m
	0. Split Channel time: 0.003728 s
	1. Segmentation time: 0.123838 s
	2. Output time: 0.038013 s
	Time to get frame: 0.063364
	3. Tracking time: 0.136000 s
	Overall: 0.301643 s
Frame: 115 Time: 0.754512 m
	0. Split Channel time: 0.002844 s
	1. Segmentation time: 0.123217 s
	2. Output time: 0.015395 s
	Time to get frame: 0.068487
	3. Tracking time: 0.147194 s
	Overall: 0.288713 s
Frame: 116 Time: 0.759324 m
	0. Split Channel time: 0.031957 s
	1. Segmentation time: 0.122392 s
	2. Output time: 0.012778 s
	Time to get frame: 0.060366
	3. Tracking time: 0.133827 s
	Overall: 0.301021 s
Frame: 117 Time: 0.764341 m
	0. Split Channel time: 0.029946 s
	1. Segmentation time: 0.123526 s
	2. Output time: 0.013250 s
	Time to get frame: 0.060132
	3. Tracking time: 0.134660 s
	Overall: 0.301450 s
Closing..
Filtering tracks..
Before filtering: 5137 tracks.
After filtering by length: (239,) tracks.
/cs/phd/itskov/Storage/EhudC/EHC143_EV_DAY_2_rep_1_19jan20.avi_exp/EHC143_EV_DAY_2_rep_1_19jan20_seg_raw_tracked.mp4
/cs/phd/itskov/Storage/EhudC/EHC143_EV_DAY_2_rep_1_19jan20.avi_exp/EHC143_EV_DAY_2_rep_1_19jan20_seg_both_tracked.mp4
Saving frame: 1 Time: 0.8184449672698975 Relevant Tracks: 239
Saving frame: 2 Time: 0.06200766563415527 Relevant Tracks: 239
Saving frame: 3 Time: 0.06025052070617676 Relevant Tracks: 239
Saving frame: 4 Time: 0.05853438377380371 Relevant Tracks: 239
Saving frame: 5 Time: 0.04726719856262207 Relevant Tracks: 239
Saving frame: 6 Time: 0.04931974411010742 Relevant Tracks: 239
Saving frame: 7 Time: 0.056427955627441406 Relevant Tracks: 237
Saving frame: 8 Time: 0.0577085018157959 Relevant Tracks: 236
Saving frame: 9 Time: 0.05504584312438965 Relevant Tracks: 234
Saving frame: 10 Time: 0.05291032791137695 Relevant Tracks: 234
Saving frame: 11 Time: 0.047333478927612305 Relevant Tracks: 234
Saving frame: 12 Time: 0.05685257911682129 Relevant Tracks: 232
Saving frame: 13 Time: 0.05277085304260254 Relevant Tracks: 227
Saving frame: 14 Time: 0.05490756034851074 Relevant Tracks: 226
Saving frame: 15 Time: 0.0640108585357666 Relevant Tracks: 224
Saving frame: 16 Time: 0.05301547050476074 Relevant Tracks: 222
Saving frame: 17 Time: 0.05137920379638672 Relevant Tracks: 221
Saving frame: 18 Time: 0.0498197078704834 Relevant Tracks: 216
Saving frame: 19 Time: 0.05765652656555176 Relevant Tracks: 213
Saving frame: 20 Time: 0.05792045593261719 Relevant Tracks: 210
Saving frame: 21 Time: 0.05015134811401367 Relevant Tracks: 209
Saving frame: 22 Time: 0.051720619201660156 Relevant Tracks: 206
Saving frame: 23 Time: 0.057474374771118164 Relevant Tracks: 204
Saving frame: 24 Time: 0.05786538124084473 Relevant Tracks: 202
Saving frame: 25 Time: 0.06380796432495117 Relevant Tracks: 200
Saving frame: 26 Time: 0.058022499084472656 Relevant Tracks: 199
Saving frame: 27 Time: 0.050464630126953125 Relevant Tracks: 198
Saving frame: 28 Time: 0.05794048309326172 Relevant Tracks: 196
Saving frame: 29 Time: 0.06877493858337402 Relevant Tracks: 194
Saving frame: 30 Time: 0.06284356117248535 Relevant Tracks: 190
Saving frame: 31 Time: 0.05153012275695801 Relevant Tracks: 189
Saving frame: 32 Time: 0.05787372589111328 Relevant Tracks: 188
Saving frame: 33 Time: 0.052164316177368164 Relevant Tracks: 187
Saving frame: 34 Time: 0.05166268348693848 Relevant Tracks: 183
Saving frame: 35 Time: 0.056993961334228516 Relevant Tracks: 179
Saving frame: 36 Time: 0.05521726608276367 Relevant Tracks: 177
Saving frame: 37 Time: 0.05468034744262695 Relevant Tracks: 175
Saving frame: 38 Time: 0.05093502998352051 Relevant Tracks: 171
Saving frame: 39 Time: 0.05718207359313965 Relevant Tracks: 170
Saving frame: 40 Time: 0.05752396583557129 Relevant Tracks: 169
Saving frame: 41 Time: 0.05236005783081055 Relevant Tracks: 168
Saving frame: 42 Time: 0.062494516372680664 Relevant Tracks: 167
Saving frame: 43 Time: 0.07196235656738281 Relevant Tracks: 166
Saving frame: 44 Time: 0.06497740745544434 Relevant Tracks: 166
Saving frame: 45 Time: 0.07599639892578125 Relevant Tracks: 162
Saving frame: 46 Time: 0.0767221450805664 Relevant Tracks: 159
Saving frame: 47 Time: 0.39587879180908203 Relevant Tracks: 159
Saving frame: 48 Time: 0.09405946731567383 Relevant Tracks: 158
Saving frame: 49 Time: 0.06525874137878418 Relevant Tracks: 156
Saving frame: 50 Time: 0.06927609443664551 Relevant Tracks: 154
Saving frame: 51 Time: 0.06973481178283691 Relevant Tracks: 150
Saving frame: 52 Time: 0.2240128517150879 Relevant Tracks: 149
Saving frame: 53 Time: 0.0743417739868164 Relevant Tracks: 149
Saving frame: 54 Time: 0.07113814353942871 Relevant Tracks: 147
Saving frame: 55 Time: 0.10909819602966309 Relevant Tracks: 146
Saving frame: 56 Time: 0.16402316093444824 Relevant Tracks: 142
Saving frame: 57 Time: 0.06331205368041992 Relevant Tracks: 140
Saving frame: 58 Time: 0.0750436782836914 Relevant Tracks: 139
Saving frame: 59 Time: 0.1518688201904297 Relevant Tracks: 136
Saving frame: 60 Time: 0.15624332427978516 Relevant Tracks: 133
Saving frame: 61 Time: 0.0811305046081543 Relevant Tracks: 133
Saving frame: 62 Time: 0.06464862823486328 Relevant Tracks: 132
Saving frame: 63 Time: 0.1802523136138916 Relevant Tracks: 130
Saving frame: 64 Time: 0.0865163803100586 Relevant Tracks: 129
Saving frame: 65 Time: 0.09056711196899414 Relevant Tracks: 126
Saving frame: 66 Time: 0.07115745544433594 Relevant Tracks: 123
Saving frame: 67 Time: 0.10948538780212402 Relevant Tracks: 119
Saving frame: 68 Time: 0.17942023277282715 Relevant Tracks: 118
Saving frame: 69 Time: 0.11003303527832031 Relevant Tracks: 116
Saving frame: 70 Time: 0.06840777397155762 Relevant Tracks: 113
Saving frame: 71 Time: 0.07055163383483887 Relevant Tracks: 112
Saving frame: 72 Time: 0.21198558807373047 Relevant Tracks: 111
Saving frame: 73 Time: 0.06783223152160645 Relevant Tracks: 108
Saving frame: 74 Time: 0.07297444343566895 Relevant Tracks: 105
Saving frame: 75 Time: 0.07696247100830078 Relevant Tracks: 101
Saving frame: 76 Time: 0.13641905784606934 Relevant Tracks: 98
Saving frame: 77 Time: 0.08932995796203613 Relevant Tracks: 97
Saving frame: 78 Time: 0.17833971977233887 Relevant Tracks: 94
Saving frame: 79 Time: 0.10374999046325684 Relevant Tracks: 93
Saving frame: 80 Time: 0.06450557708740234 Relevant Tracks: 90
Saving frame: 81 Time: 0.11829280853271484 Relevant Tracks: 87
Saving frame: 82 Time: 0.06643295288085938 Relevant Tracks: 87
Saving frame: 83 Time: 0.07279515266418457 Relevant Tracks: 85
Saving frame: 84 Time: 0.23512005805969238 Relevant Tracks: 84
Saving frame: 85 Time: 0.07497477531433105 Relevant Tracks: 83
Saving frame: 86 Time: 0.07397580146789551 Relevant Tracks: 80
Saving frame: 87 Time: 0.07697439193725586 Relevant Tracks: 79
Saving frame: 88 Time: 0.10269904136657715 Relevant Tracks: 77
Saving frame: 89 Time: 0.19433236122131348 Relevant Tracks: 71
Saving frame: 90 Time: 0.10398077964782715 Relevant Tracks: 69
Saving frame: 91 Time: 0.06720638275146484 Relevant Tracks: 69
Saving frame: 92 Time: 0.0626685619354248 Relevant Tracks: 66
Saving frame: 93 Time: 0.11404156684875488 Relevant Tracks: 64
Saving frame: 94 Time: 0.0835108757019043 Relevant Tracks: 63
Saving frame: 95 Time: 0.21778106689453125 Relevant Tracks: 59
Saving frame: 96 Time: 0.06468701362609863 Relevant Tracks: 57
Saving frame: 97 Time: 0.11308550834655762 Relevant Tracks: 54
Saving frame: 98 Time: 0.07228565216064453 Relevant Tracks: 49
Saving frame: 99 Time: 0.12745976448059082 Relevant Tracks: 47
Saving frame: 100 Time: 0.1307523250579834 Relevant Tracks: 43
Saving frame: 101 Time: 0.07422304153442383 Relevant Tracks: 42
Saving frame: 102 Time: 0.0679781436920166 Relevant Tracks: 42
Saving frame: 103 Time: 0.11607170104980469 Relevant Tracks: 40
Saving frame: 104 Time: 0.18918490409851074 Relevant Tracks: 38
Saving frame: 105 Time: 0.08568120002746582 Relevant Tracks: 38
Saving frame: 106 Time: 0.06373763084411621 Relevant Tracks: 38
Saving frame: 107 Time: 0.09443235397338867 Relevant Tracks: 36
Saving frame: 108 Time: 0.12538981437683105 Relevant Tracks: 34
Saving frame: 109 Time: 0.09737014770507812 Relevant Tracks: 33
Saving frame: 110 Time: 0.06338810920715332 Relevant Tracks: 31
Saving frame: 111 Time: 0.23858308792114258 Relevant Tracks: 31
Saving frame: 112 Time: 0.06306242942810059 Relevant Tracks: 29
Saving frame: 113 Time: 0.06389141082763672 Relevant Tracks: 29
Saving frame: 114 Time: 0.06017041206359863 Relevant Tracks: 27
Saving frame: 115 Time: 0.1423640251159668 Relevant Tracks: 24
Deactivating venv.
Deletd venv.
