/cs/phd/itskov/Storage/EhudC/EHC143_DAF2_DAY_6_rep_3_23jan20.avi_exp/EHC143_DAF2_DAY_6_rep_3_23jan20.avi
/cs/phd/itskov/venv_8efd7e77-123e-4725-b711-b16f89d3705b

Inactive Modules:
  1) infiniband

Already using interpreter /usr/bin/python3
Using base prefix '/usr'
New python executable in /cs/phd/itskov/venv_8efd7e77-123e-4725-b711-b16f89d3705b/bin/python3
Also creating executable in /cs/phd/itskov/venv_8efd7e77-123e-4725-b711-b16f89d3705b/bin/python
Installing setuptools, pkg_resources, pip, wheel...done.
Installing sk-video.
Collecting sk-video
  Using cached sk_video-1.1.10-py2.py3-none-any.whl (2.3 MB)
Requirement already satisfied: scipy in /usr/lib/python3/dist-packages (from sk-video) (1.1.0)
Requirement already satisfied: numpy in /usr/lib/python3/dist-packages (from sk-video) (1.16.2)
Installing collected packages: sk-video
Successfully installed sk-video-1.1.10
Done installting sk-video.
/cs/phd/itskov/Storage/EhudC/EHC143_DAF2_DAY_6_rep_3_23jan20.avi_exp/EHC143_DAF2_DAY_6_rep_3_23jan20.avi
2020-05-02 17:36:41.243669: I tensorflow/stream_executor/platform/default/dso_loader.cc:42] Successfully opened dynamic library libcudart.so.10.0
Unable to init server: Could not connect: Connection refused
Unable to init server: Could not connect: Connection refused

(AnalysisStep.py:7430): Gdk-CRITICAL **: 17:36:47.070: gdk_cursor_new_for_display: assertion 'GDK_IS_DISPLAY (display)' failed

(AnalysisStep.py:7430): Gdk-CRITICAL **: 17:36:47.072: gdk_cursor_new_for_display: assertion 'GDK_IS_DISPLAY (display)' failed
WARNING: Logging before flag parsing goes to stderr.
W0502 17:36:48.647853 140374193661760 deprecation_wrapper.py:119] From /cs/phd/itskov/WormSegmentation/Behavior/Pipeline/SegmentStep.py:23: The name tf.placeholder is deprecated. Please use tf.compat.v1.placeholder instead.

W0502 17:36:48.666896 140374193661760 deprecation_wrapper.py:119] From /cs/phd/itskov/WormSegmentation/Behavior/Pipeline/SegmentStep.py:26: The name tf.ConfigProto is deprecated. Please use tf.compat.v1.ConfigProto instead.

W0502 17:36:48.667073 140374193661760 deprecation_wrapper.py:119] From /cs/phd/itskov/WormSegmentation/Behavior/Pipeline/SegmentStep.py:29: The name tf.Session is deprecated. Please use tf.compat.v1.Session instead.

2020-05-02 17:36:48.684837: I tensorflow/core/platform/profile_utils/cpu_utils.cc:94] CPU Frequency: 2399880000 Hz
2020-05-02 17:36:48.685063: I tensorflow/compiler/xla/service/service.cc:168] XLA service 0x31fe1d0 executing computations on platform Host. Devices:
2020-05-02 17:36:48.685090: I tensorflow/compiler/xla/service/service.cc:175]   StreamExecutor device (0): <undefined>, <undefined>
2020-05-02 17:36:48.689644: I tensorflow/stream_executor/platform/default/dso_loader.cc:42] Successfully opened dynamic library libcuda.so.1
2020-05-02 17:36:48.883864: I tensorflow/compiler/xla/service/service.cc:168] XLA service 0x5add220 executing computations on platform CUDA. Devices:
2020-05-02 17:36:48.883904: I tensorflow/compiler/xla/service/service.cc:175]   StreamExecutor device (0): Tesla M60, Compute Capability 5.2
2020-05-02 17:36:48.886865: I tensorflow/core/common_runtime/gpu/gpu_device.cc:1640] Found device 0 with properties: 
name: Tesla M60 major: 5 minor: 2 memoryClockRate(GHz): 1.1775
pciBusID: 0000:06:00.0
2020-05-02 17:36:48.886990: I tensorflow/stream_executor/platform/default/dso_loader.cc:42] Successfully opened dynamic library libcudart.so.10.0
2020-05-02 17:36:49.026876: I tensorflow/stream_executor/platform/default/dso_loader.cc:42] Successfully opened dynamic library libcublas.so.10.0
2020-05-02 17:36:49.086164: I tensorflow/stream_executor/platform/default/dso_loader.cc:42] Successfully opened dynamic library libcufft.so.10.0
2020-05-02 17:36:49.123967: I tensorflow/stream_executor/platform/default/dso_loader.cc:42] Successfully opened dynamic library libcurand.so.10.0
2020-05-02 17:36:49.232418: I tensorflow/stream_executor/platform/default/dso_loader.cc:42] Successfully opened dynamic library libcusolver.so.10.0
2020-05-02 17:36:49.297820: I tensorflow/stream_executor/platform/default/dso_loader.cc:42] Successfully opened dynamic library libcusparse.so.10.0
2020-05-02 17:36:49.560893: I tensorflow/stream_executor/platform/default/dso_loader.cc:42] Successfully opened dynamic library libcudnn.so.7
2020-05-02 17:36:49.565816: I tensorflow/core/common_runtime/gpu/gpu_device.cc:1763] Adding visible gpu devices: 0
2020-05-02 17:36:49.565887: I tensorflow/stream_executor/platform/default/dso_loader.cc:42] Successfully opened dynamic library libcudart.so.10.0
2020-05-02 17:36:54.025908: I tensorflow/core/common_runtime/gpu/gpu_device.cc:1181] Device interconnect StreamExecutor with strength 1 edge matrix:
2020-05-02 17:36:54.026199: I tensorflow/core/common_runtime/gpu/gpu_device.cc:1187]      0 
2020-05-02 17:36:54.026224: I tensorflow/core/common_runtime/gpu/gpu_device.cc:1200] 0:   N 
2020-05-02 17:36:54.031448: I tensorflow/core/common_runtime/gpu/gpu_device.cc:1326] Created TensorFlow device (/job:localhost/replica:0/task:0/device:GPU:0 with 7576 MB memory) -> physical GPU (device: 0, name: Tesla M60, pci bus id: 0000:06:00.0, compute capability: 5.2)
W0502 17:36:54.036247 140374193661760 deprecation.py:323] From /cs/phd/itskov/WormSegmentation/trainModel.py:28: conv2d (from tensorflow.python.layers.convolutional) is deprecated and will be removed in a future version.
Instructions for updating:
Use `tf.keras.layers.Conv2D` instead.
W0502 17:36:54.039302 140374193661760 deprecation.py:506] From /usr/local/tensorflow/avx-avx2-gpu/1.14.0/python3.7/site-packages/tensorflow/python/ops/init_ops.py:1251: calling VarianceScaling.__init__ (from tensorflow.python.ops.init_ops) with dtype is deprecated and will be removed in a future version.
Instructions for updating:
Call initializer instance with the dtype argument instead of passing it to the constructor
W0502 17:36:54.201288 140374193661760 ag_logging.py:145] Entity <bound method Conv.call of <tensorflow.python.layers.convolutional.Conv2D object at 0x7fab04aadba8>> could not be transformed and will be executed as-is. Please report this to the AutgoGraph team. When filing the bug, set the verbosity to 10 (on Linux, `export AUTOGRAPH_VERBOSITY=10`) and attach the full output. Cause: converting <bound method Conv.call of <tensorflow.python.layers.convolutional.Conv2D object at 0x7fab04aadba8>>: AttributeError: module 'astor' has no attribute 'code_gen'
W0502 17:36:54.366274 140374193661760 ag_logging.py:145] Entity <bound method Conv.call of <tensorflow.python.layers.convolutional.Conv2D object at 0x7fab04b34f98>> could not be transformed and will be executed as-is. Please report this to the AutgoGraph team. When filing the bug, set the verbosity to 10 (on Linux, `export AUTOGRAPH_VERBOSITY=10`) and attach the full output. Cause: converting <bound method Conv.call of <tensorflow.python.layers.convolutional.Conv2D object at 0x7fab04b34f98>>: AttributeError: module 'astor' has no attribute 'code_gen'
W0502 17:36:54.516140 140374193661760 ag_logging.py:145] Entity <bound method Conv.call of <tensorflow.python.layers.convolutional.Conv2D object at 0x7fab04b34f98>> could not be transformed and will be executed as-is. Please report this to the AutgoGraph team. When filing the bug, set the verbosity to 10 (on Linux, `export AUTOGRAPH_VERBOSITY=10`) and attach the full output. Cause: converting <bound method Conv.call of <tensorflow.python.layers.convolutional.Conv2D object at 0x7fab04b34f98>>: AttributeError: module 'astor' has no attribute 'code_gen'
W0502 17:36:54.518433 140374193661760 deprecation.py:323] From /cs/phd/itskov/WormSegmentation/trainModel.py:52: conv2d_transpose (from tensorflow.python.layers.convolutional) is deprecated and will be removed in a future version.
Instructions for updating:
Use `tf.keras.layers.Conv2DTranspose` instead.
W0502 17:36:54.912464 140374193661760 ag_logging.py:145] Entity <bound method Conv2DTranspose.call of <tensorflow.python.layers.convolutional.Conv2DTranspose object at 0x7fab04b34f98>> could not be transformed and will be executed as-is. Please report this to the AutgoGraph team. When filing the bug, set the verbosity to 10 (on Linux, `export AUTOGRAPH_VERBOSITY=10`) and attach the full output. Cause: converting <bound method Conv2DTranspose.call of <tensorflow.python.layers.convolutional.Conv2DTranspose object at 0x7fab04b34f98>>: AttributeError: module 'astor' has no attribute 'code_gen'
W0502 17:36:55.418028 140374193661760 ag_logging.py:145] Entity <bound method Conv2DTranspose.call of <tensorflow.python.layers.convolutional.Conv2DTranspose object at 0x7fab04b34f98>> could not be transformed and will be executed as-is. Please report this to the AutgoGraph team. When filing the bug, set the verbosity to 10 (on Linux, `export AUTOGRAPH_VERBOSITY=10`) and attach the full output. Cause: converting <bound method Conv2DTranspose.call of <tensorflow.python.layers.convolutional.Conv2DTranspose object at 0x7fab04b34f98>>: AttributeError: module 'astor' has no attribute 'code_gen'
W0502 17:36:55.827843 140374193661760 ag_logging.py:145] Entity <bound method Conv2DTranspose.call of <tensorflow.python.layers.convolutional.Conv2DTranspose object at 0x7fab04b34f98>> could not be transformed and will be executed as-is. Please report this to the AutgoGraph team. When filing the bug, set the verbosity to 10 (on Linux, `export AUTOGRAPH_VERBOSITY=10`) and attach the full output. Cause: converting <bound method Conv2DTranspose.call of <tensorflow.python.layers.convolutional.Conv2DTranspose object at 0x7fab04b34f98>>: AttributeError: module 'astor' has no attribute 'code_gen'
W0502 17:36:55.992750 140374193661760 ag_logging.py:145] Entity <bound method Conv.call of <tensorflow.python.layers.convolutional.Conv2D object at 0x7fab04b34f98>> could not be transformed and will be executed as-is. Please report this to the AutgoGraph team. When filing the bug, set the verbosity to 10 (on Linux, `export AUTOGRAPH_VERBOSITY=10`) and attach the full output. Cause: converting <bound method Conv.call of <tensorflow.python.layers.convolutional.Conv2D object at 0x7fab04b34f98>>: AttributeError: module 'astor' has no attribute 'code_gen'
W0502 17:36:55.999125 140374193661760 deprecation_wrapper.py:119] From /cs/phd/itskov/WormSegmentation/Behavior/Pipeline/SegmentStep.py:33: The name tf.train.Saver is deprecated. Please use tf.compat.v1.train.Saver instead.

W0502 17:36:56.015639 140374193661760 deprecation.py:323] From /usr/local/tensorflow/avx-avx2-gpu/1.14.0/python3.7/site-packages/tensorflow/python/training/saver.py:1276: checkpoint_exists (from tensorflow.python.training.checkpoint_management) is deprecated and will be removed in a future version.
Instructions for updating:
Use standard file APIs to check for files with this prefix.
2020-05-02 17:36:56.323325: I tensorflow/stream_executor/platform/default/dso_loader.cc:42] Successfully opened dynamic library libcudnn.so.7
/usr/lib/python3/dist-packages/scipy/ndimage/measurements.py:1328: RuntimeWarning: invalid value encountered in true_divide
  for dir in range(input.ndim)]
Channel: first_channel.
***** Here *****
*** Total Frames: 118 ***
Frame: 0 Time: 0.000000 m
	0. Split Channel time: 0.137986 s
	1. Segmentation time: 11.441247 s
	2. Output time: 0.820992 s
	Time to get frame: 0.067776
	3. Tracking time: 0.148316 s
	Overall: 12.548666 s
Frame: 1 Time: 0.209145 m
	0. Split Channel time: 0.065587 s
	1. Segmentation time: 0.126233 s
	2. Output time: 0.015828 s
	Time to get frame: 0.064469
	3. Tracking time: 0.143123 s
	Overall: 0.350852 s
Frame: 2 Time: 0.214993 m
	0. Split Channel time: 0.032258 s
	1. Segmentation time: 0.125893 s
	2. Output time: 0.017529 s
	Time to get frame: 0.064356
	3. Tracking time: 0.145642 s
	Overall: 0.321406 s
Frame: 3 Time: 0.220350 m
	0. Split Channel time: 0.002869 s
	1. Segmentation time: 0.124255 s
	2. Output time: 0.020077 s
	Time to get frame: 0.064447
	3. Tracking time: 0.145411 s
	Overall: 0.292691 s
Frame: 4 Time: 0.225228 m
	0. Split Channel time: 0.048739 s
	1. Segmentation time: 0.125108 s
	2. Output time: 0.020799 s
	Time to get frame: 0.063984
	3. Tracking time: 0.137685 s
	Overall: 0.332420 s
Frame: 5 Time: 0.230768 m
	0. Split Channel time: 0.029799 s
	1. Segmentation time: 0.126404 s
	2. Output time: 0.018884 s
	Time to get frame: 0.064422
	3. Tracking time: 0.143264 s
	Overall: 0.318436 s
Frame: 6 Time: 0.236076 m
	0. Split Channel time: 0.031757 s
	1. Segmentation time: 0.126514 s
	2. Output time: 0.014118 s
	Time to get frame: 0.064297
	3. Tracking time: 0.142269 s
	Overall: 0.314740 s
Frame: 7 Time: 0.241321 m
	0. Split Channel time: 0.020172 s
	1. Segmentation time: 0.124718 s
	2. Output time: 0.015041 s
	Time to get frame: 0.066441
	3. Tracking time: 0.146113 s
	Overall: 0.306116 s
Frame: 8 Time: 0.246424 m
	0. Split Channel time: 0.006661 s
	1. Segmentation time: 0.125314 s
	2. Output time: 0.013314 s
	Time to get frame: 0.064200
	3. Tracking time: 0.143024 s
	Overall: 0.288381 s
Frame: 9 Time: 0.251230 m
	0. Split Channel time: 0.009223 s
	1. Segmentation time: 0.124000 s
	2. Output time: 0.021142 s
	Time to get frame: 0.067452
	3. Tracking time: 0.147383 s
	Overall: 0.301818 s
Frame: 10 Time: 0.256260 m
	0. Split Channel time: 0.003841 s
	1. Segmentation time: 0.125383 s
	2. Output time: 0.015371 s
	Time to get frame: 0.064181
	3. Tracking time: 0.143344 s
	Overall: 0.288008 s
Frame: 11 Time: 0.261061 m
	0. Split Channel time: 0.002360 s
	1. Segmentation time: 0.125782 s
	2. Output time: 0.017395 s
	Time to get frame: 0.064375
	3. Tracking time: 0.143058 s
	Overall: 0.288662 s
Frame: 12 Time: 0.265872 m
	0. Split Channel time: 0.015626 s
	1. Segmentation time: 0.123908 s
	2. Output time: 0.015332 s
	Time to get frame: 0.064055
	3. Tracking time: 0.145118 s
	Overall: 0.300055 s
Frame: 13 Time: 0.270873 m
	0. Split Channel time: 0.033091 s
	1. Segmentation time: 0.123853 s
	2. Output time: 0.017309 s
	Time to get frame: 0.064054
	3. Tracking time: 0.145371 s
	Overall: 0.319701 s
Frame: 14 Time: 0.276201 m
	0. Split Channel time: 0.033552 s
	1. Segmentation time: 0.124064 s
	2. Output time: 0.018463 s
	Time to get frame: 0.064242
	3. Tracking time: 0.144023 s
	Overall: 0.320181 s
Frame: 15 Time: 0.281538 m
	0. Split Channel time: 0.010669 s
	1. Segmentation time: 0.126582 s
	2. Output time: 0.020112 s
	Time to get frame: 0.064288
	3. Tracking time: 0.144244 s
	Overall: 0.301702 s
Frame: 16 Time: 0.286566 m
	0. Split Channel time: 0.030822 s
	1. Segmentation time: 0.124997 s
	2. Output time: 0.019447 s
	Time to get frame: 0.064108
	3. Tracking time: 0.144359 s
	Overall: 0.319709 s
Frame: 17 Time: 0.291895 m
	0. Split Channel time: 0.006163 s
	1. Segmentation time: 0.125778 s
	2. Output time: 0.012995 s
	Time to get frame: 0.064265
	3. Tracking time: 0.143365 s
	Overall: 0.288376 s
Frame: 18 Time: 0.296701 m
	0. Split Channel time: 0.003372 s
	1. Segmentation time: 0.125332 s
	2. Output time: 0.017035 s
	Time to get frame: 0.064142
	3. Tracking time: 0.143184 s
	Overall: 0.288994 s
Frame: 19 Time: 0.301518 m
	0. Split Channel time: 0.002500 s
	1. Segmentation time: 0.125949 s
	2. Output time: 0.013649 s
	Time to get frame: 0.064534
	3. Tracking time: 0.143247 s
	Overall: 0.285418 s
Frame: 20 Time: 0.306275 m
	0. Split Channel time: 0.016771 s
	1. Segmentation time: 0.125559 s
	2. Output time: 0.013327 s
	Time to get frame: 0.064354
	3. Tracking time: 0.143310 s
	Overall: 0.299033 s
Frame: 21 Time: 0.311259 m
	0. Split Channel time: 0.020204 s
	1. Segmentation time: 0.125796 s
	2. Output time: 0.014627 s
	Time to get frame: 0.064263
	3. Tracking time: 0.143399 s
	Overall: 0.304100 s
Frame: 22 Time: 0.316327 m
	0. Split Channel time: 0.031865 s
	1. Segmentation time: 0.125096 s
	2. Output time: 0.014560 s
	Time to get frame: 0.064546
	3. Tracking time: 0.143441 s
	Overall: 0.315031 s
Frame: 23 Time: 0.321578 m
	0. Split Channel time: 0.010160 s
	1. Segmentation time: 0.125322 s
	2. Output time: 0.015007 s
	Time to get frame: 0.064319
	3. Tracking time: 0.143530 s
	Overall: 0.294089 s
Frame: 24 Time: 0.326480 m
	0. Split Channel time: 0.008878 s
	1. Segmentation time: 0.127645 s
	2. Output time: 0.012927 s
	Time to get frame: 0.064373
	3. Tracking time: 0.138314 s
	Overall: 0.287835 s
Frame: 25 Time: 0.331277 m
	0. Split Channel time: 0.009068 s
	1. Segmentation time: 0.124513 s
	2. Output time: 0.013017 s
	Time to get frame: 0.066269
	3. Tracking time: 0.138688 s
	Overall: 0.285358 s
Frame: 26 Time: 0.336033 m
	0. Split Channel time: 0.004488 s
	1. Segmentation time: 0.124474 s
	2. Output time: 0.012275 s
	Time to get frame: 0.064199
	3. Tracking time: 0.136529 s
	Overall: 0.277834 s
Frame: 27 Time: 0.340664 m
	0. Split Channel time: 0.002332 s
	1. Segmentation time: 0.123396 s
	2. Output time: 0.014610 s
	Time to get frame: 0.064260
	3. Tracking time: 0.135198 s
	Overall: 0.275611 s
Frame: 28 Time: 0.345257 m
	0. Split Channel time: 0.035675 s
	1. Segmentation time: 0.123534 s
	2. Output time: 0.017514 s
	Time to get frame: 0.064246
	3. Tracking time: 0.135306 s
	Overall: 0.312104 s
Frame: 29 Time: 0.350459 m
	0. Split Channel time: 0.031498 s
	1. Segmentation time: 0.123008 s
	2. Output time: 0.017108 s
	Time to get frame: 0.064116
	3. Tracking time: 0.134877 s
	Overall: 0.306563 s
Frame: 30 Time: 0.355569 m
	0. Split Channel time: 0.013573 s
	1. Segmentation time: 0.123501 s
	2. Output time: 0.015970 s
	Time to get frame: 0.064303
	3. Tracking time: 0.135358 s
	Overall: 0.288471 s
Frame: 31 Time: 0.360377 m
	0. Split Channel time: 0.009554 s
	1. Segmentation time: 0.124506 s
	2. Output time: 0.017505 s
	Time to get frame: 0.064281
	3. Tracking time: 0.136304 s
	Overall: 0.287941 s
Frame: 32 Time: 0.365176 m
	0. Split Channel time: 0.007051 s
	1. Segmentation time: 0.123675 s
	2. Output time: 0.013131 s
	Time to get frame: 0.064314
	3. Tracking time: 0.143230 s
	Overall: 0.287151 s
Frame: 33 Time: 0.369962 m
	0. Split Channel time: 0.008925 s
	1. Segmentation time: 0.124307 s
	2. Output time: 0.013081 s
	Time to get frame: 0.064108
	3. Tracking time: 0.144490 s
	Overall: 0.290869 s
Frame: 34 Time: 0.374810 m
	0. Split Channel time: 0.003294 s
	1. Segmentation time: 0.124037 s
	2. Output time: 0.013180 s
	Time to get frame: 0.064497
	3. Tracking time: 0.145314 s
	Overall: 0.285890 s
Frame: 35 Time: 0.379575 m
	0. Split Channel time: 0.002318 s
	1. Segmentation time: 0.124094 s
	2. Output time: 0.013033 s
	Time to get frame: 0.064265
	3. Tracking time: 0.144936 s
	Overall: 0.284445 s
Frame: 36 Time: 0.384315 m
	0. Split Channel time: 0.016757 s
	1. Segmentation time: 0.124556 s
	2. Output time: 0.016936 s
	Time to get frame: 0.070229
	3. Tracking time: 0.150967 s
	Overall: 0.309287 s
Frame: 37 Time: 0.389470 m
	0. Split Channel time: 0.031928 s
	1. Segmentation time: 0.123328 s
	2. Output time: 0.017711 s
	Time to get frame: 0.064046
	3. Tracking time: 0.146104 s
	Overall: 0.319146 s
Frame: 38 Time: 0.394790 m
	0. Split Channel time: 0.011970 s
	1. Segmentation time: 0.122888 s
	2. Output time: 0.015087 s
	Time to get frame: 0.064107
	3. Tracking time: 0.144321 s
	Overall: 0.294343 s
Frame: 39 Time: 0.399695 m
	0. Split Channel time: 0.013690 s
	1. Segmentation time: 0.123581 s
	2. Output time: 0.015195 s
	Time to get frame: 0.064083
	3. Tracking time: 0.144731 s
	Overall: 0.297330 s
Frame: 40 Time: 0.404651 m
	0. Split Channel time: 0.007858 s
	1. Segmentation time: 0.122876 s
	2. Output time: 0.015056 s
	Time to get frame: 0.064215
	3. Tracking time: 0.144790 s
	Overall: 0.290649 s
Frame: 41 Time: 0.409495 m
	0. Split Channel time: 0.010981 s
	1. Segmentation time: 0.122928 s
	2. Output time: 0.017541 s
	Time to get frame: 0.070210
	3. Tracking time: 0.158491 s
	Overall: 0.310013 s
Frame: 42 Time: 0.414662 m
	0. Split Channel time: 0.003638 s
	1. Segmentation time: 0.123263 s
	2. Output time: 0.017524 s
	Time to get frame: 0.069792
	3. Tracking time: 0.150422 s
	Overall: 0.294921 s
Frame: 43 Time: 0.419578 m
	0. Split Channel time: 0.002518 s
	1. Segmentation time: 0.123518 s
	2. Output time: 0.017461 s
	Time to get frame: 0.069770
	3. Tracking time: 0.153656 s
	Overall: 0.297223 s
Frame: 44 Time: 0.424532 m
	0. Split Channel time: 0.030200 s
	1. Segmentation time: 0.122898 s
	2. Output time: 0.013233 s
	Time to get frame: 0.064436
	3. Tracking time: 0.144483 s
	Overall: 0.310881 s
Frame: 45 Time: 0.429713 m
	0. Split Channel time: 0.020103 s
	1. Segmentation time: 0.122633 s
	2. Output time: 0.018647 s
	Time to get frame: 0.070196
	3. Tracking time: 0.150533 s
	Overall: 0.311991 s
Frame: 46 Time: 0.434913 m
	0. Split Channel time: 0.032326 s
	1. Segmentation time: 0.122861 s
	2. Output time: 0.042193 s
	Time to get frame: 0.072411
	3. Tracking time: 0.153206 s
	Overall: 0.350657 s
Frame: 47 Time: 0.440757 m
	0. Split Channel time: 0.010101 s
	1. Segmentation time: 0.123028 s
	2. Output time: 0.015154 s
	Time to get frame: 0.064183
	3. Tracking time: 0.138265 s
	Overall: 0.286620 s
Frame: 48 Time: 0.445535 m
	0. Split Channel time: 0.009337 s
	1. Segmentation time: 0.123329 s
	2. Output time: 0.015501 s
	Time to get frame: 0.064371
	3. Tracking time: 0.136120 s
	Overall: 0.284362 s
Frame: 49 Time: 0.450274 m
	0. Split Channel time: 0.005778 s
	1. Segmentation time: 0.123221 s
	2. Output time: 0.013869 s
	Time to get frame: 0.064363
	3. Tracking time: 0.136739 s
	Overall: 0.279686 s
Frame: 50 Time: 0.454936 m
	0. Split Channel time: 0.003664 s
	1. Segmentation time: 0.122999 s
	2. Output time: 0.039188 s
	Time to get frame: 0.070657
	3. Tracking time: 0.142661 s
	Overall: 0.308582 s
Frame: 51 Time: 0.460079 m
	0. Split Channel time: 0.002536 s
	1. Segmentation time: 0.123197 s
	2. Output time: 0.014002 s
	Time to get frame: 0.064224
	3. Tracking time: 0.137122 s
	Overall: 0.276929 s
Frame: 52 Time: 0.464694 m
	0. Split Channel time: 0.030798 s
	1. Segmentation time: 0.122796 s
	2. Output time: 0.013846 s
	Time to get frame: 0.064387
	3. Tracking time: 0.136196 s
	Overall: 0.303705 s
Frame: 53 Time: 0.469756 m
	0. Split Channel time: 0.030074 s
	1. Segmentation time: 0.122975 s
	2. Output time: 0.018739 s
	Time to get frame: 0.069682
	3. Tracking time: 0.142104 s
	Overall: 0.313963 s
Frame: 54 Time: 0.474989 m
	0. Split Channel time: 0.029661 s
	1. Segmentation time: 0.122949 s
	2. Output time: 0.019202 s
	Time to get frame: 0.070212
	3. Tracking time: 0.142532 s
	Overall: 0.314416 s
Frame: 55 Time: 0.480229 m
	0. Split Channel time: 0.011195 s
	1. Segmentation time: 0.122979 s
	2. Output time: 0.016728 s
	Time to get frame: 0.064116
	3. Tracking time: 0.136400 s
	Overall: 0.287368 s
Frame: 56 Time: 0.485019 m
	0. Split Channel time: 0.010857 s
	1. Segmentation time: 0.122618 s
	2. Output time: 0.015755 s
	Time to get frame: 0.063949
	3. Tracking time: 0.136961 s
	Overall: 0.286267 s
Frame: 57 Time: 0.489790 m
	0. Split Channel time: 0.006202 s
	1. Segmentation time: 0.123238 s
	2. Output time: 0.024313 s
	Time to get frame: 0.069973
	3. Tracking time: 0.143490 s
	Overall: 0.297325 s
Frame: 58 Time: 0.494746 m
	0. Split Channel time: 0.004639 s
	1. Segmentation time: 0.124747 s
	2. Output time: 0.027030 s
	Time to get frame: 0.064065
	3. Tracking time: 0.137413 s
	Overall: 0.293917 s
Frame: 59 Time: 0.499644 m
	0. Split Channel time: 0.002779 s
	1. Segmentation time: 0.123668 s
	2. Output time: 0.022613 s
	Time to get frame: 0.063819
	3. Tracking time: 0.137341 s
	Overall: 0.286484 s
Frame: 60 Time: 0.504419 m
	0. Split Channel time: 0.030577 s
	1. Segmentation time: 0.124293 s
	2. Output time: 0.024125 s
	Time to get frame: 0.064028
	3. Tracking time: 0.137734 s
	Overall: 0.316819 s
Frame: 61 Time: 0.509700 m
	0. Split Channel time: 0.031735 s
	1. Segmentation time: 0.125220 s
	2. Output time: 0.023206 s
	Time to get frame: 0.068326
	3. Tracking time: 0.141322 s
	Overall: 0.321575 s
Frame: 62 Time: 0.515060 m
	0. Split Channel time: 0.012308 s
	1. Segmentation time: 0.123062 s
	2. Output time: 0.014231 s
	Time to get frame: 0.070180
	3. Tracking time: 0.146230 s
	Overall: 0.295904 s
Frame: 63 Time: 0.519991 m
	0. Split Channel time: 0.011591 s
	1. Segmentation time: 0.122864 s
	2. Output time: 0.015221 s
	Time to get frame: 0.070383
	3. Tracking time: 0.142691 s
	Overall: 0.292449 s
Frame: 64 Time: 0.524866 m
	0. Split Channel time: 0.013609 s
	1. Segmentation time: 0.123335 s
	2. Output time: 0.014292 s
	Time to get frame: 0.070267
	3. Tracking time: 0.141943 s
	Overall: 0.293249 s
Frame: 65 Time: 0.529753 m
	0. Split Channel time: 0.006864 s
	1. Segmentation time: 0.123015 s
	2. Output time: 0.014097 s
	Time to get frame: 0.070197
	3. Tracking time: 0.141925 s
	Overall: 0.285977 s
Frame: 66 Time: 0.534520 m
	0. Split Channel time: 0.003284 s
	1. Segmentation time: 0.124543 s
	2. Output time: 0.014171 s
	Time to get frame: 0.070292
	3. Tracking time: 0.145280 s
	Overall: 0.287344 s
Frame: 67 Time: 0.539309 m
	0. Split Channel time: 0.002497 s
	1. Segmentation time: 0.123114 s
	2. Output time: 0.014029 s
	Time to get frame: 0.064207
	3. Tracking time: 0.135525 s
	Overall: 0.275242 s
Frame: 68 Time: 0.543896 m
	0. Split Channel time: 0.015419 s
	1. Segmentation time: 0.124091 s
	2. Output time: 0.013888 s
	Time to get frame: 0.070296
	3. Tracking time: 0.141668 s
	Overall: 0.295139 s
Frame: 69 Time: 0.548815 m
	0. Split Channel time: 0.031985 s
	1. Segmentation time: 0.123250 s
	2. Output time: 0.015018 s
	Time to get frame: 0.070257
	3. Tracking time: 0.142220 s
	Overall: 0.312543 s
Frame: 70 Time: 0.554025 m
	0. Split Channel time: 0.012288 s
	1. Segmentation time: 0.123845 s
	2. Output time: 0.014566 s
	Time to get frame: 0.070254
	3. Tracking time: 0.146017 s
	Overall: 0.296783 s
Frame: 71 Time: 0.558971 m
	0. Split Channel time: 0.033457 s
	1. Segmentation time: 0.123666 s
	2. Output time: 0.014048 s
	Time to get frame: 0.075221
	3. Tracking time: 0.147646 s
	Overall: 0.318901 s
Frame: 72 Time: 0.564286 m
	0. Split Channel time: 0.009247 s
	1. Segmentation time: 0.124024 s
	2. Output time: 0.020648 s
	Time to get frame: 0.064094
	3. Tracking time: 0.136808 s
	Overall: 0.290805 s
Frame: 73 Time: 0.569133 m
	0. Split Channel time: 0.008291 s
	1. Segmentation time: 0.124774 s
	2. Output time: 0.016826 s
	Time to get frame: 0.064053
	3. Tracking time: 0.135855 s
	Overall: 0.285820 s
Frame: 74 Time: 0.573897 m
	0. Split Channel time: 0.003434 s
	1. Segmentation time: 0.123738 s
	2. Output time: 0.018172 s
	Time to get frame: 0.070232
	3. Tracking time: 0.146266 s
	Overall: 0.291681 s
Frame: 75 Time: 0.578758 m
	0. Split Channel time: 0.002397 s
	1. Segmentation time: 0.124474 s
	2. Output time: 0.016187 s
	Time to get frame: 0.064004
	3. Tracking time: 0.136711 s
	Overall: 0.279838 s
Frame: 76 Time: 0.583422 m
	0. Split Channel time: 0.021186 s
	1. Segmentation time: 0.124243 s
	2. Output time: 0.011881 s
	Time to get frame: 0.064214
	3. Tracking time: 0.143522 s
	Overall: 0.300898 s
Frame: 77 Time: 0.588438 m
	0. Split Channel time: 0.013434 s
	1. Segmentation time: 0.123619 s
	2. Output time: 0.012898 s
	Time to get frame: 0.064659
	3. Tracking time: 0.145359 s
	Overall: 0.295382 s
Frame: 78 Time: 0.593361 m
	0. Split Channel time: 0.011012 s
	1. Segmentation time: 0.123920 s
	2. Output time: 0.013894 s
	Time to get frame: 0.075063
	3. Tracking time: 0.156003 s
	Overall: 0.304896 s
Frame: 79 Time: 0.598442 m
	0. Split Channel time: 0.012373 s
	1. Segmentation time: 0.124187 s
	2. Output time: 0.011604 s
	Time to get frame: 0.064491
	3. Tracking time: 0.146238 s
	Overall: 0.294468 s
Frame: 80 Time: 0.603350 m
	0. Split Channel time: 0.020192 s
	1. Segmentation time: 0.122897 s
	2. Output time: 0.016991 s
	Time to get frame: 0.070989
	3. Tracking time: 0.145649 s
	Overall: 0.305812 s
Frame: 81 Time: 0.608448 m
	0. Split Channel time: 0.005877 s
	1. Segmentation time: 0.124147 s
	2. Output time: 0.017246 s
	Time to get frame: 0.068724
	3. Tracking time: 0.140889 s
	Overall: 0.288230 s
Frame: 82 Time: 0.613252 m
	0. Split Channel time: 0.003704 s
	1. Segmentation time: 0.123995 s
	2. Output time: 0.039204 s
	Time to get frame: 0.069276
	3. Tracking time: 0.143244 s
	Overall: 0.310217 s
Frame: 83 Time: 0.618423 m
	0. Split Channel time: 0.002848 s
	1. Segmentation time: 0.124632 s
	2. Output time: 0.019334 s
	Time to get frame: 0.070016
	3. Tracking time: 0.143518 s
	Overall: 0.290414 s
Frame: 84 Time: 0.623263 m
	0. Split Channel time: 0.031204 s
	1. Segmentation time: 0.125035 s
	2. Output time: 0.020147 s
	Time to get frame: 0.070008
	3. Tracking time: 0.143307 s
	Overall: 0.319782 s
Frame: 85 Time: 0.628593 m
	0. Split Channel time: 0.036820 s
	1. Segmentation time: 0.124353 s
	2. Output time: 0.019131 s
	Time to get frame: 0.064041
	3. Tracking time: 0.135450 s
	Overall: 0.315833 s
Frame: 86 Time: 0.633857 m
	0. Split Channel time: 0.029469 s
	1. Segmentation time: 0.123982 s
	2. Output time: 0.016210 s
	Time to get frame: 0.064119
	3. Tracking time: 0.136516 s
	Overall: 0.306246 s
Frame: 87 Time: 0.638961 m
	0. Split Channel time: 0.012266 s
	1. Segmentation time: 0.124952 s
	2. Output time: 0.017334 s
	Time to get frame: 0.064360
	3. Tracking time: 0.136184 s
	Overall: 0.290804 s
Frame: 88 Time: 0.643808 m
	0. Split Channel time: 0.009968 s
	1. Segmentation time: 0.123853 s
	2. Output time: 0.016886 s
	Time to get frame: 0.067177
	3. Tracking time: 0.139285 s
	Overall: 0.290062 s
Frame: 89 Time: 0.648642 m
	0. Split Channel time: 0.005807 s
	1. Segmentation time: 0.123929 s
	2. Output time: 0.016902 s
	Time to get frame: 0.070239
	3. Tracking time: 0.143811 s
	Overall: 0.290519 s
Frame: 90 Time: 0.653484 m
	0. Split Channel time: 0.004719 s
	1. Segmentation time: 0.123959 s
	2. Output time: 0.016438 s
	Time to get frame: 0.070185
	3. Tracking time: 0.142159 s
	Overall: 0.287344 s
Frame: 91 Time: 0.658273 m
	0. Split Channel time: 0.002467 s
	1. Segmentation time: 0.124863 s
	2. Output time: 0.016435 s
	Time to get frame: 0.067225
	3. Tracking time: 0.138418 s
	Overall: 0.282253 s
Frame: 92 Time: 0.662978 m
	0. Split Channel time: 0.034447 s
	1. Segmentation time: 0.123820 s
	2. Output time: 0.016360 s
	Time to get frame: 0.064049
	3. Tracking time: 0.135156 s
	Overall: 0.309855 s
Frame: 93 Time: 0.668142 m
	0. Split Channel time: 0.029943 s
	1. Segmentation time: 0.124027 s
	2. Output time: 0.016032 s
	Time to get frame: 0.064059
	3. Tracking time: 0.135558 s
	Overall: 0.305628 s
Frame: 94 Time: 0.673236 m
	0. Split Channel time: 0.012524 s
	1. Segmentation time: 0.124189 s
	2. Output time: 0.020288 s
	Time to get frame: 0.070382
	3. Tracking time: 0.141934 s
	Overall: 0.299019 s
Frame: 95 Time: 0.678220 m
	0. Split Channel time: 0.009955 s
	1. Segmentation time: 0.123936 s
	2. Output time: 0.016953 s
	Time to get frame: 0.064055
	3. Tracking time: 0.135718 s
	Overall: 0.286628 s
Frame: 96 Time: 0.682997 m
	0. Split Channel time: 0.008942 s
	1. Segmentation time: 0.124099 s
	2. Output time: 0.016879 s
	Time to get frame: 0.064032
	3. Tracking time: 0.135933 s
	Overall: 0.285923 s
Frame: 97 Time: 0.687763 m
	0. Split Channel time: 0.007075 s
	1. Segmentation time: 0.122885 s
	2. Output time: 0.016222 s
	Time to get frame: 0.063993
	3. Tracking time: 0.136299 s
	Overall: 0.282552 s
Frame: 98 Time: 0.692472 m
	0. Split Channel time: 0.003615 s
	1. Segmentation time: 0.123958 s
	2. Output time: 0.013797 s
	Time to get frame: 0.064020
	3. Tracking time: 0.135318 s
	Overall: 0.276754 s
Frame: 99 Time: 0.697084 m
	0. Split Channel time: 0.002531 s
	1. Segmentation time: 0.124399 s
	2. Output time: 0.017189 s
	Time to get frame: 0.063926
	3. Tracking time: 0.135638 s
	Overall: 0.279825 s
Frame: 100 Time: 0.701748 m
	0. Split Channel time: 0.031015 s
	1. Segmentation time: 0.124307 s
	2. Output time: 0.017303 s
	Time to get frame: 0.063976
	3. Tracking time: 0.135797 s
	Overall: 0.308493 s
Frame: 101 Time: 0.706890 m
	0. Split Channel time: 0.030792 s
	1. Segmentation time: 0.124028 s
	2. Output time: 0.013764 s
	Time to get frame: 0.064091
	3. Tracking time: 0.135948 s
	Overall: 0.304599 s
Frame: 102 Time: 0.711967 m
	0. Split Channel time: 0.015423 s
	1. Segmentation time: 0.123719 s
	2. Output time: 0.019016 s
	Time to get frame: 0.070135
	3. Tracking time: 0.142294 s
	Overall: 0.300529 s
Frame: 103 Time: 0.716976 m
	0. Split Channel time: 0.019845 s
	1. Segmentation time: 0.124064 s
	2. Output time: 0.017716 s
	Time to get frame: 0.070161
	3. Tracking time: 0.143069 s
	Overall: 0.304761 s
Frame: 104 Time: 0.722055 m
	0. Split Channel time: 0.009277 s
	1. Segmentation time: 0.123860 s
	2. Output time: 0.014282 s
	Time to get frame: 0.064542
	3. Tracking time: 0.136658 s
	Overall: 0.284147 s
Frame: 105 Time: 0.726791 m
	0. Split Channel time: 0.008853 s
	1. Segmentation time: 0.123906 s
	2. Output time: 0.016105 s
	Time to get frame: 0.064148
	3. Tracking time: 0.136201 s
	Overall: 0.285146 s
Frame: 106 Time: 0.731544 m
	0. Split Channel time: 0.003654 s
	1. Segmentation time: 0.123369 s
	2. Output time: 0.022531 s
	Time to get frame: 0.070374
	3. Tracking time: 0.142083 s
	Overall: 0.291720 s
Frame: 107 Time: 0.736406 m
	0. Split Channel time: 0.002563 s
	1. Segmentation time: 0.124353 s
	2. Output time: 0.020453 s
	Time to get frame: 0.064069
	3. Tracking time: 0.135896 s
	Overall: 0.283334 s
Frame: 108 Time: 0.741128 m
	0. Split Channel time: 0.032256 s
	1. Segmentation time: 0.124167 s
	2. Output time: 0.018433 s
	Time to get frame: 0.064284
	3. Tracking time: 0.135828 s
	Overall: 0.310752 s
Frame: 109 Time: 0.746307 m
	0. Split Channel time: 0.032455 s
	1. Segmentation time: 0.123736 s
	2. Output time: 0.015798 s
	Time to get frame: 0.063899
	3. Tracking time: 0.135880 s
	Overall: 0.307943 s
Frame: 110 Time: 0.751440 m
	0. Split Channel time: 0.034624 s
	1. Segmentation time: 0.123966 s
	2. Output time: 0.041241 s
	Time to get frame: 0.070583
	3. Tracking time: 0.142077 s
	Overall: 0.341980 s
Frame: 111 Time: 0.757140 m
	0. Split Channel time: 0.010029 s
	1. Segmentation time: 0.123671 s
	2. Output time: 0.018661 s
	Time to get frame: 0.064197
	3. Tracking time: 0.136517 s
	Overall: 0.288946 s
Frame: 112 Time: 0.761956 m
	0. Split Channel time: 0.011097 s
	1. Segmentation time: 0.124178 s
	2. Output time: 0.017117 s
	Time to get frame: 0.064320
	3. Tracking time: 0.136416 s
	Overall: 0.288876 s
Frame: 113 Time: 0.766770 m
	0. Split Channel time: 0.005711 s
	1. Segmentation time: 0.122970 s
	2. Output time: 0.017020 s
	Time to get frame: 0.064013
	3. Tracking time: 0.136333 s
	Overall: 0.282104 s
Frame: 114 Time: 0.771472 m
	0. Split Channel time: 0.003833 s
	1. Segmentation time: 0.122708 s
	2. Output time: 0.042232 s
	Time to get frame: 0.070564
	3. Tracking time: 0.142386 s
	Overall: 0.311246 s
Frame: 115 Time: 0.776660 m
	0. Split Channel time: 0.002551 s
	1. Segmentation time: 0.122678 s
	2. Output time: 0.017920 s
	Time to get frame: 0.064139
	3. Tracking time: 0.136090 s
	Overall: 0.279304 s
Frame: 116 Time: 0.781315 m
	0. Split Channel time: 0.030651 s
	1. Segmentation time: 0.122829 s
	2. Output time: 0.018799 s
	Time to get frame: 0.070163
	3. Tracking time: 0.142123 s
	Overall: 0.314474 s
Frame: 117 Time: 0.786556 m
	0. Split Channel time: 0.030680 s
	1. Segmentation time: 0.123326 s
	2. Output time: 0.019207 s
	Time to get frame: 0.064278
	3. Tracking time: 0.136085 s
	Overall: 0.309366 s
Closing..
Filtering tracks..
Before filtering: 6123 tracks.
After filtering by length: (397,) tracks.
/cs/phd/itskov/Storage/EhudC/EHC143_DAF2_DAY_6_rep_3_23jan20.avi_exp/EHC143_DAF2_DAY_6_rep_3_23jan20_seg_raw_tracked.mp4
/cs/phd/itskov/Storage/EhudC/EHC143_DAF2_DAY_6_rep_3_23jan20.avi_exp/EHC143_DAF2_DAY_6_rep_3_23jan20_seg_both_tracked.mp4
Saving frame: 1 Time: 0.7273969650268555 Relevant Tracks: 397
Saving frame: 2 Time: 0.05926513671875 Relevant Tracks: 397
Saving frame: 3 Time: 0.050599098205566406 Relevant Tracks: 397
Saving frame: 4 Time: 0.05054903030395508 Relevant Tracks: 397
Saving frame: 5 Time: 0.061365365982055664 Relevant Tracks: 397
Saving frame: 6 Time: 0.0671699047088623 Relevant Tracks: 397
Saving frame: 7 Time: 0.05319809913635254 Relevant Tracks: 397
Saving frame: 8 Time: 0.06257987022399902 Relevant Tracks: 396
Saving frame: 9 Time: 0.0581514835357666 Relevant Tracks: 395
Saving frame: 10 Time: 0.06993389129638672 Relevant Tracks: 391
Saving frame: 11 Time: 0.07097339630126953 Relevant Tracks: 388
Saving frame: 12 Time: 0.05893707275390625 Relevant Tracks: 387
Saving frame: 13 Time: 0.06200671195983887 Relevant Tracks: 384
Saving frame: 14 Time: 0.0796816349029541 Relevant Tracks: 377
Saving frame: 15 Time: 0.06450939178466797 Relevant Tracks: 372
Saving frame: 16 Time: 0.05955672264099121 Relevant Tracks: 371
Saving frame: 17 Time: 0.059365034103393555 Relevant Tracks: 370
Saving frame: 18 Time: 0.07178878784179688 Relevant Tracks: 368
Saving frame: 19 Time: 0.05627179145812988 Relevant Tracks: 363
Saving frame: 20 Time: 0.05969095230102539 Relevant Tracks: 360
Saving frame: 21 Time: 0.06560325622558594 Relevant Tracks: 357
Saving frame: 22 Time: 0.059645652770996094 Relevant Tracks: 353
Saving frame: 23 Time: 0.05327033996582031 Relevant Tracks: 348
Saving frame: 24 Time: 0.05911087989807129 Relevant Tracks: 345
Saving frame: 25 Time: 0.0569150447845459 Relevant Tracks: 340
Saving frame: 26 Time: 0.05794858932495117 Relevant Tracks: 336
Saving frame: 27 Time: 0.0567936897277832 Relevant Tracks: 331
Saving frame: 28 Time: 0.0749971866607666 Relevant Tracks: 324
Saving frame: 29 Time: 0.06859469413757324 Relevant Tracks: 318
Saving frame: 30 Time: 0.058829545974731445 Relevant Tracks: 315
Saving frame: 31 Time: 0.06492900848388672 Relevant Tracks: 313
Saving frame: 32 Time: 0.07865667343139648 Relevant Tracks: 308
Saving frame: 33 Time: 0.06749939918518066 Relevant Tracks: 305
Saving frame: 34 Time: 0.05899548530578613 Relevant Tracks: 303
Saving frame: 35 Time: 0.059728384017944336 Relevant Tracks: 303
Saving frame: 36 Time: 0.06046152114868164 Relevant Tracks: 299
Saving frame: 37 Time: 0.07769441604614258 Relevant Tracks: 297
Saving frame: 38 Time: 0.05330801010131836 Relevant Tracks: 291
Saving frame: 39 Time: 0.05244851112365723 Relevant Tracks: 287
Saving frame: 40 Time: 0.05770277976989746 Relevant Tracks: 284
Saving frame: 41 Time: 0.05845451354980469 Relevant Tracks: 279
Saving frame: 42 Time: 0.057021379470825195 Relevant Tracks: 276
Saving frame: 43 Time: 0.060331106185913086 Relevant Tracks: 274
Saving frame: 44 Time: 0.13359355926513672 Relevant Tracks: 269
Saving frame: 45 Time: 0.08298063278198242 Relevant Tracks: 267
Saving frame: 46 Time: 0.07498812675476074 Relevant Tracks: 265
Saving frame: 47 Time: 0.353132963180542 Relevant Tracks: 261
Saving frame: 48 Time: 0.10281729698181152 Relevant Tracks: 256
Saving frame: 49 Time: 0.06682729721069336 Relevant Tracks: 252
Saving frame: 50 Time: 0.11080026626586914 Relevant Tracks: 249
Saving frame: 51 Time: 0.09424352645874023 Relevant Tracks: 245
Saving frame: 52 Time: 0.07702136039733887 Relevant Tracks: 243
Saving frame: 53 Time: 0.23082661628723145 Relevant Tracks: 239
Saving frame: 54 Time: 0.07195401191711426 Relevant Tracks: 234
Saving frame: 55 Time: 0.10015487670898438 Relevant Tracks: 231
Saving frame: 56 Time: 0.16045141220092773 Relevant Tracks: 230
Saving frame: 57 Time: 0.09552168846130371 Relevant Tracks: 224
Saving frame: 58 Time: 0.06984734535217285 Relevant Tracks: 222
Saving frame: 59 Time: 0.12642335891723633 Relevant Tracks: 220
Saving frame: 60 Time: 0.13875913619995117 Relevant Tracks: 218
Saving frame: 61 Time: 0.08577489852905273 Relevant Tracks: 213
Saving frame: 62 Time: 0.11662125587463379 Relevant Tracks: 209
Saving frame: 63 Time: 0.15841412544250488 Relevant Tracks: 205
Saving frame: 64 Time: 0.1638948917388916 Relevant Tracks: 201
Saving frame: 65 Time: 0.07703518867492676 Relevant Tracks: 198
Saving frame: 66 Time: 0.12252926826477051 Relevant Tracks: 192
Saving frame: 67 Time: 0.08643555641174316 Relevant Tracks: 191
Saving frame: 68 Time: 0.16897797584533691 Relevant Tracks: 189
Saving frame: 69 Time: 0.06858253479003906 Relevant Tracks: 187
Saving frame: 70 Time: 0.117706298828125 Relevant Tracks: 183
Saving frame: 71 Time: 0.13433313369750977 Relevant Tracks: 180
Saving frame: 72 Time: 0.16727161407470703 Relevant Tracks: 176
Saving frame: 73 Time: 0.0956578254699707 Relevant Tracks: 172
Saving frame: 74 Time: 0.06929802894592285 Relevant Tracks: 172
Saving frame: 75 Time: 0.07893967628479004 Relevant Tracks: 169
Saving frame: 76 Time: 0.22876596450805664 Relevant Tracks: 165
Saving frame: 77 Time: 0.09492683410644531 Relevant Tracks: 162
Saving frame: 78 Time: 0.07871770858764648 Relevant Tracks: 160
Saving frame: 79 Time: 0.11109614372253418 Relevant Tracks: 155
Saving frame: 80 Time: 0.14528799057006836 Relevant Tracks: 149
Saving frame: 81 Time: 0.11111760139465332 Relevant Tracks: 145
Saving frame: 82 Time: 0.10899662971496582 Relevant Tracks: 143
Saving frame: 83 Time: 0.08895373344421387 Relevant Tracks: 140
Saving frame: 84 Time: 0.20598649978637695 Relevant Tracks: 139
Saving frame: 85 Time: 0.07992434501647949 Relevant Tracks: 134
Saving frame: 86 Time: 0.06962299346923828 Relevant Tracks: 132
Saving frame: 87 Time: 0.07638287544250488 Relevant Tracks: 128
Saving frame: 88 Time: 0.23851919174194336 Relevant Tracks: 124
Saving frame: 89 Time: 0.08400297164916992 Relevant Tracks: 120
Saving frame: 90 Time: 0.07397699356079102 Relevant Tracks: 115
Saving frame: 91 Time: 0.06769371032714844 Relevant Tracks: 112
Saving frame: 92 Time: 0.24387812614440918 Relevant Tracks: 107
Saving frame: 93 Time: 0.09432744979858398 Relevant Tracks: 104
Saving frame: 94 Time: 0.11153364181518555 Relevant Tracks: 98
Saving frame: 95 Time: 0.11389470100402832 Relevant Tracks: 93
Saving frame: 96 Time: 0.08291172981262207 Relevant Tracks: 91
Saving frame: 97 Time: 0.09900379180908203 Relevant Tracks: 91
Saving frame: 98 Time: 0.11402034759521484 Relevant Tracks: 89
Saving frame: 99 Time: 0.1816544532775879 Relevant Tracks: 88
Saving frame: 100 Time: 0.10871481895446777 Relevant Tracks: 84
Saving frame: 101 Time: 0.1080327033996582 Relevant Tracks: 81
Saving frame: 102 Time: 0.11344742774963379 Relevant Tracks: 78
Saving frame: 103 Time: 0.09219741821289062 Relevant Tracks: 75
Saving frame: 104 Time: 0.08842921257019043 Relevant Tracks: 72
Saving frame: 105 Time: 0.0709226131439209 Relevant Tracks: 68
Saving frame: 106 Time: 0.07316088676452637 Relevant Tracks: 63
Saving frame: 107 Time: 0.29024744033813477 Relevant Tracks: 59
Saving frame: 108 Time: 0.06880450248718262 Relevant Tracks: 54
Saving frame: 109 Time: 0.06146430969238281 Relevant Tracks: 48
Saving frame: 110 Time: 0.06365180015563965 Relevant Tracks: 46
Saving frame: 111 Time: 0.14378142356872559 Relevant Tracks: 43
Saving frame: 112 Time: 0.11199235916137695 Relevant Tracks: 41
Saving frame: 113 Time: 0.07627511024475098 Relevant Tracks: 39
Saving frame: 114 Time: 0.06368422508239746 Relevant Tracks: 34
Saving frame: 115 Time: 0.1311333179473877 Relevant Tracks: 30
Deactivating venv.
Deletd venv.
