/cs/phd/itskov/Storage/Chris/20-Sep-2018_Chris/MOCK_STAP.avi_13.18.11
Already using interpreter /usr/bin/python3
Using base prefix '/usr'
New python executable in /cs/phd/itskov/venv/bin/python3
Also creating executable in /cs/phd/itskov/venv/bin/python
Installing setuptools, pkg_resources, pip, wheel...done.
Gkr-Message: 10:39:03.933: couldn't connect to dbus session bus: Failed to connect to socket /run/user/186838/bus: No such file or directory
Keyring is skipped due to an exception: org.freedesktop.DBus.Error.FileNotFound: Failed to connect to socket /run/user/186838/bus: No such file or directory
Collecting sk-video
  Using cached https://files.pythonhosted.org/packages/dd/3f/ce848b8b2062ad1ccf1449094a740c775f6c761339f411e44f1e090f23a7/sk_video-1.1.10-py2.py3-none-any.whl
Requirement already satisfied: scipy in /usr/lib/python3/dist-packages (from sk-video) (1.1.0)
Requirement already satisfied: numpy in /usr/lib/python3/dist-packages (from sk-video) (1.14.5)
Installing collected packages: sk-video
Successfully installed sk-video-1.1.10
Keyring is skipped due to an exception: org.freedesktop.DBus.Error.FileNotFound: Failed to connect to socket /run/user/186838/bus: No such file or directory
Collecting glob2
Installing collected packages: glob2
Successfully installed glob2-0.7
/cs/phd/itskov/Storage/Chris/20-Sep-2018_Chris/MOCK_STAP.avi_13.18.11
Working on a mj2 file: /cs/phd/itskov/Storage/Chris/20-Sep-2018_Chris/MOCK_STAP.avi_13.18.11/20-Sep-2018-13.18.11-Mic1-MOCK_STAP.avi.mj2
Writing into: /cs/phd/itskov/Storage/Chris/20-Sep-2018_Chris/MOCK_STAP.avi_13.18.11/20-Sep-2018-13.18.11-Mic1-MOCK_STAP.avi_0_Full.mp4
Writing into: /cs/phd/itskov/Storage/Chris/20-Sep-2018_Chris/MOCK_STAP.avi_13.18.11/20-Sep-2018-13.18.11-Mic1-MOCK_STAP.avi_0_Compressed.mp4
fourcc: 1196444237, fps: 10, dims: (1920, 2560), Frames: 5627
0. Written frame:0. Read Time: 1.3136498928070068. Write Time: 1.7269532680511475
1. Written frame:1. Read Time: 2.390209674835205. Write Time: 0.04486370086669922
2. Written frame:2. Read Time: 0.35507988929748535. Write Time: 0.04541897773742676
3. Written frame:3. Read Time: 0.027910470962524414. Write Time: 0.05228257179260254
4. Written frame:4. Read Time: 0.022296428680419922. Write Time: 0.05179190635681152
5. Written frame:5. Read Time: 0.021097421646118164. Write Time: 0.050131797790527344
6. Written frame:6. Read Time: 0.0214536190032959. Write Time: 0.048543453216552734
7. Written frame:7. Read Time: 0.024846792221069336. Write Time: 0.04692339897155762
8. Written frame:8. Read Time: 0.028116703033447266. Write Time: 0.04360032081604004
9. Written frame:9. Read Time: 0.02161574363708496. Write Time: 2.2126896381378174
10. Written frame:10. Read Time: 0.04137468338012695. Write Time: 0.4079408645629883
11. Written frame:11. Read Time: 0.023163557052612305. Write Time: 0.3726656436920166
12. Written frame:12. Read Time: 0.014604806900024414. Write Time: 0.5067901611328125
13. Written frame:13. Read Time: 0.023615360260009766. Write Time: 0.11350274085998535
14. Written frame:14. Read Time: 0.02764582633972168. Write Time: 0.06591391563415527
15. Written frame:15. Read Time: 0.007551670074462891. Write Time: 1.3826966285705566
16. Written frame:16. Read Time: 0.019358158111572266. Write Time: 0.16060614585876465
17. Written frame:17. Read Time: 0.011933326721191406. Write Time: 0.303708553314209
18. Written frame:18. Read Time: 0.01405787467956543. Write Time: 0.6567480564117432
19. Written frame:19. Read Time: 0.034702301025390625. Write Time: 0.24746227264404297
20. Written frame:20. Read Time: 0.015293598175048828. Write Time: 0.20098447799682617
21. Written frame:21. Read Time: 0.020476102828979492. Write Time: 0.28667640686035156
22. Written frame:22. Read Time: 0.018744468688964844. Write Time: 0.302462100982666
23. Written frame:23. Read Time: 0.030832529067993164. Write Time: 0.9963192939758301
24. Written frame:24. Read Time: 0.013055562973022461. Write Time: 0.1683189868927002
25. Written frame:25. Read Time: 0.03466081619262695. Write Time: 0.7910294532775879
26. Written frame:26. Read Time: 0.013947248458862305. Write Time: 0.25969409942626953
27. Written frame:27. Read Time: 0.014399051666259766. Write Time: 0.21315383911132812
28. Written frame:28. Read Time: 0.022298336029052734. Write Time: 0.17878127098083496
29. Written frame:29. Read Time: 0.021909713745117188. Write Time: 0.6002764701843262
30. Written frame:30. Read Time: 0.012212991714477539. Write Time: 0.5099265575408936
31. Written frame:31. Read Time: 0.018811941146850586. Write Time: 0.32895994186401367
32. Written frame:32. Read Time: 0.019866943359375. Write Time: 0.8239033222198486
33. Written frame:33. Read Time: 0.013457775115966797. Write Time: 0.30376529693603516
34. Written frame:34. Read Time: 0.009601593017578125. Write Time: 0.21610403060913086
35. Written frame:35. Read Time: 0.025121212005615234. Write Time: 0.0536808967590332
36. Written frame:36. Read Time: 0.02070474624633789. Write Time: 0.8387315273284912
37. Written frame:37. Read Time: 0.01417684555053711. Write Time: 0.28356027603149414
38. Written frame:38. Read Time: 0.0166928768157959. Write Time: 1.0429670810699463
39. Written frame:39. Read Time: 0.0214693546295166. Write Time: 0.28869056701660156
40. Written frame:40. Read Time: 0.012830972671508789. Write Time: 0.1290879249572754
41. Written frame:41. Read Time: 0.017599821090698242. Write Time: 0.31464195251464844
42. Written frame:42. Read Time: 0.014505863189697266. Write Time: 0.4477660655975342
43. Written frame:43. Read Time: 0.012039899826049805. Write Time: 0.5016663074493408
44. Written frame:44. Read Time: 0.017553091049194336. Write Time: 1.018397331237793
45. Written frame:45. Read Time: 0.02130746841430664. Write Time: 0.7284138202667236
46. Written frame:46. Read Time: 0.014633893966674805. Write Time: 0.3996109962463379
47. Written frame:47. Read Time: 0.018984556198120117. Write Time: 0.2685060501098633
48. Written frame:48. Read Time: 0.03346109390258789. Write Time: 0.3582127094268799
49. Written frame:49. Read Time: 0.012969493865966797. Write Time: 0.44794774055480957
50. Written frame:50. Read Time: 0.01838517189025879. Write Time: 0.47170543670654297
51. Written frame:51. Read Time: 0.013428449630737305. Write Time: 1.0191404819488525
52. Written frame:52. Read Time: 0.013895988464355469. Write Time: 0.19965338706970215
53. Written frame:53. Read Time: 0.017067432403564453. Write Time: 0.08272480964660645
54. Written frame:54. Read Time: 0.01549983024597168. Write Time: 0.9030966758728027
55. Written frame:55. Read Time: 0.013821125030517578. Write Time: 0.2225480079650879
56. Written frame:56. Read Time: 0.017481327056884766. Write Time: 0.06922745704650879
57. Written frame:57. Read Time: 0.015625. Write Time: 1.4168055057525635
58. Written frame:58. Read Time: 0.014771223068237305. Write Time: 0.14302396774291992
59. Written frame:59. Read Time: 0.020259380340576172. Write Time: 0.2533290386199951
60. Written frame:60. Read Time: 0.015367984771728516. Write Time: 0.28948378562927246
61. Written frame:61. Read Time: 0.014314651489257812. Write Time: 0.611283540725708
62. Written frame:62. Read Time: 0.017754316329956055. Write Time: 0.07035994529724121
63. Written frame:63. Read Time: 0.0222475528717041. Write Time: 1.3498716354370117
64. Written frame:64. Read Time: 0.014332056045532227. Write Time: 0.28249096870422363
65. Written frame:65. Read Time: 0.02202153205871582. Write Time: 0.4460179805755615
66. Written frame:66. Read Time: 0.015648603439331055. Write Time: 0.5344035625457764
67. Written frame:67. Read Time: 0.04152369499206543. Write Time: 0.49830079078674316
68. Written frame:68. Read Time: 0.013746976852416992. Write Time: 0.3919553756713867
69. Written frame:69. Read Time: 0.014144659042358398. Write Time: 0.40024375915527344
70. Written frame:70. Read Time: 0.01699066162109375. Write Time: 0.49854612350463867
71. Written frame:71. Read Time: 0.013828754425048828. Write Time: 0.2509617805480957
72. Written frame:72. Read Time: 0.016091346740722656. Write Time: 0.992297887802124
73. Written frame:73. Read Time: 0.019603729248046875. Write Time: 0.11904692649841309
74. Written frame:74. Read Time: 0.013405323028564453. Write Time: 0.49272942543029785
75. Written frame:75. Read Time: 0.014519453048706055. Write Time: 0.21137595176696777
76. Written frame:76. Read Time: 0.04303479194641113. Write Time: 0.5066115856170654
77. Written frame:77. Read Time: 0.02632308006286621. Write Time: 0.9286158084869385
78. Written frame:78. Read Time: 0.027320146560668945. Write Time: 0.1749424934387207
79. Written frame:79. Read Time: 0.042334556579589844. Write Time: 0.1514139175415039
80. Written frame:80. Read Time: 0.013265848159790039. Write Time: 1.0632119178771973
81. Written frame:81. Read Time: 0.020371437072753906. Write Time: 0.31621742248535156
82. Written frame:82. Read Time: 0.01286458969116211. Write Time: 0.5467627048492432
83. Written frame:83. Read Time: 0.013725757598876953. Write Time: 0.4511871337890625
84. Written frame:84. Read Time: 0.020522594451904297. Write Time: 0.5376732349395752
85. Written frame:85. Read Time: 0.014817953109741211. Write Time: 0.3224506378173828
86. Written frame:86. Read Time: 0.014348030090332031. Write Time: 0.8979191780090332
87. Written frame:87. Read Time: 0.014669656753540039. Write Time: 0.32149553298950195
88. Written frame:88. Read Time: 0.014781951904296875. Write Time: 0.19298386573791504
89. Written frame:89. Read Time: 0.014455795288085938. Write Time: 0.7507615089416504
90. Written frame:90. Read Time: 0.013767480850219727. Write Time: 0.7355782985687256
91. Written frame:91. Read Time: 0.019722700119018555. Write Time: 0.2537071704864502
92. Written frame:92. Read Time: 0.017833232879638672. Write Time: 0.3239114284515381
93. Written frame:93. Read Time: 0.020587682723999023. Write Time: 0.22638726234436035
94. Written frame:94. Read Time: 0.01698446273803711. Write Time: 1.0587844848632812
95. Written frame:95. Read Time: 0.018738985061645508. Write Time: 0.14500045776367188
96. Written frame:96. Read Time: 0.06918478012084961. Write Time: 0.12566757202148438
97. Written frame:97. Read Time: 0.015633583068847656. Write Time: 0.5519185066223145
98. Written frame:98. Read Time: 0.01613330841064453. Write Time: 0.1804945468902588
99. Written frame:99. Read Time: 0.01368260383605957. Write Time: 1.1568493843078613
100. Written frame:100. Read Time: 0.013658285140991211. Write Time: 0.04217243194580078
101. Written frame:101. Read Time: 0.017056941986083984. Write Time: 0.6510951519012451
102. Written frame:102. Read Time: 0.014417648315429688. Write Time: 0.1680772304534912
103. Written frame:103. Read Time: 0.013887405395507812. Write Time: 0.5799205303192139
104. Written frame:104. Read Time: 0.02823495864868164. Write Time: 0.46943140029907227
105. Written frame:105. Read Time: 0.015692710876464844. Write Time: 1.145477533340454
106. Written frame:106. Read Time: 0.015122413635253906. Write Time: 0.3089592456817627
107. Written frame:107. Read Time: 0.016454219818115234. Write Time: 0.16980528831481934
108. Written frame:108. Read Time: 0.017513513565063477. Write Time: 0.9844214916229248
109. Written frame:109. Read Time: 0.02852487564086914. Write Time: 0.04266166687011719
110. Written frame:110. Read Time: 0.021397113800048828. Write Time: 0.725874662399292
111. Written frame:111. Read Time: 0.042910099029541016. Write Time: 0.19775390625
112. Written frame:112. Read Time: 0.027525663375854492. Write Time: 0.21274328231811523
113. Written frame:113. Read Time: 0.022089481353759766. Write Time: 0.49215054512023926
114. Written frame:114. Read Time: 0.017603397369384766. Write Time: 1.3505816459655762
115. Written frame:115. Read Time: 0.014712333679199219. Write Time: 0.2852652072906494
116. Written frame:116. Read Time: 0.015168428421020508. Write Time: 0.3797798156738281
117. Written frame:117. Read Time: 0.020477294921875. Write Time: 0.41971349716186523
118. Written frame:118. Read Time: 0.029937028884887695. Write Time: 0.40778064727783203
119. Written frame:119. Read Time: 0.015664339065551758. Write Time: 0.5474646091461182
120. Written frame:120. Read Time: 0.020740270614624023. Write Time: 0.6890983581542969
121. Written frame:121. Read Time: 0.019754648208618164. Write Time: 0.34600043296813965
122. Written frame:122. Read Time: 0.012676000595092773. Write Time: 0.05799508094787598
123. Written frame:123. Read Time: 0.03198099136352539. Write Time: 0.7382800579071045
124. Written frame:124. Read Time: 0.017470598220825195. Write Time: 0.493746280670166
125. Written frame:125. Read Time: 0.017833948135375977. Write Time: 0.1763296127319336
126. Written frame:126. Read Time: 0.022634267807006836. Write Time: 0.5295135974884033
127. Written frame:127. Read Time: 0.04456591606140137. Write Time: 0.7161924839019775
128. Written frame:128. Read Time: 0.02261662483215332. Write Time: 0.7172951698303223
129. Written frame:129. Read Time: 0.019756555557250977. Write Time: 0.36188650131225586
130. Written frame:130. Read Time: 0.017447948455810547. Write Time: 0.5967204570770264
131. Written frame:131. Read Time: 0.03792595863342285. Write Time: 0.09790754318237305
132. Written frame:132. Read Time: 0.01623368263244629. Write Time: 0.17188572883605957
133. Written frame:133. Read Time: 0.029227733612060547. Write Time: 1.3438990116119385
134. Written frame:134. Read Time: 0.011322975158691406. Write Time: 0.17399024963378906
135. Written frame:135. Read Time: 0.042949676513671875. Write Time: 0.2818911075592041
136. Written frame:136. Read Time: 0.02613520622253418. Write Time: 1.1678831577301025
137. Written frame:137. Read Time: 0.024296045303344727. Write Time: 0.0707852840423584
138. Written frame:138. Read Time: 0.021719932556152344. Write Time: 0.6090443134307861
139. Written frame:139. Read Time: 0.021234989166259766. Write Time: 0.434861421585083
140. Written frame:140. Read Time: 0.020618677139282227. Write Time: 0.28888916969299316
141. Written frame:141. Read Time: 0.014597892761230469. Write Time: 0.23931264877319336
142. Written frame:142. Read Time: 0.0159761905670166. Write Time: 0.3417065143585205
143. Written frame:143. Read Time: 0.02679300308227539. Write Time: 1.4363787174224854
144. Written frame:144. Read Time: 0.014385461807250977. Write Time: 0.03096294403076172
145. Written frame:145. Read Time: 0.016466379165649414. Write Time: 0.46294212341308594
146. Written frame:146. Read Time: 0.013849020004272461. Write Time: 0.19926214218139648
147. Written frame:147. Read Time: 0.013533592224121094. Write Time: 0.4728856086730957
148. Written frame:148. Read Time: 0.018677949905395508. Write Time: 0.5432660579681396
149. Written frame:149. Read Time: 0.019355058670043945. Write Time: 0.38085389137268066
150. Written frame:150. Read Time: 0.0246584415435791. Write Time: 1.279916763305664
151. Written frame:151. Read Time: 0.036870479583740234. Write Time: 0.24965548515319824
152. Written frame:152. Read Time: 0.01635432243347168. Write Time: 0.4623575210571289
153. Written frame:153. Read Time: 0.01497507095336914. Write Time: 0.048609256744384766
154. Written frame:154. Read Time: 0.015336275100708008. Write Time: 0.05767941474914551
155. Written frame:155. Read Time: 0.028723478317260742. Write Time: 0.7545003890991211
156. Written frame:156. Read Time: 0.013863325119018555. Write Time: 1.0288434028625488
157. Written frame:157. Read Time: 0.013653755187988281. Write Time: 0.5900847911834717
158. Written frame:158. Read Time: 0.02149677276611328. Write Time: 0.4546849727630615
159. Written frame:159. Read Time: 0.017852067947387695. Write Time: 0.18846607208251953
160. Written frame:160. Read Time: 0.013662338256835938. Write Time: 0.9369184970855713
161. Written frame:161. Read Time: 0.013278007507324219. Write Time: 0.03982734680175781
162. Written frame:162. Read Time: 0.017972230911254883. Write Time: 0.6935229301452637
163. Written frame:163. Read Time: 0.029859066009521484. Write Time: 0.6326532363891602
164. Written frame:164. Read Time: 0.0216524600982666. Write Time: 0.26130056381225586
165. Written frame:165. Read Time: 0.021428346633911133. Write Time: 0.5503807067871094
166. Written frame:166. Read Time: 0.015534639358520508. Write Time: 0.24078869819641113
167. Written frame:167. Read Time: 0.021588802337646484. Write Time: 1.2358722686767578
168. Written frame:168. Read Time: 0.023323535919189453. Write Time: 0.18411970138549805
169. Written frame:169. Read Time: 0.027529478073120117. Write Time: 0.22147774696350098
170. Written frame:170. Read Time: 0.021541595458984375. Write Time: 0.053649187088012695
171. Written frame:171. Read Time: 0.03971385955810547. Write Time: 0.09370899200439453
172. Written frame:172. Read Time: 0.016220808029174805. Write Time: 0.06690788269042969
173. Written frame:173. Read Time: 0.01724529266357422. Write Time: 1.8582055568695068
174. Written frame:174. Read Time: 0.023545503616333008. Write Time: 0.5503556728363037
175. Written frame:175. Read Time: 0.018239974975585938. Write Time: 0.3109438419342041
176. Written frame:176. Read Time: 0.026799440383911133. Write Time: 0.3353383541107178
177. Written frame:177. Read Time: 0.0310211181640625. Write Time: 0.21538114547729492
178. Written frame:178. Read Time: 0.01363682746887207. Write Time: 0.4298553466796875
179. Written frame:179. Read Time: 0.017819881439208984. Write Time: 1.2666575908660889
180. Written frame:180. Read Time: 0.015291690826416016. Write Time: 0.1311964988708496
181. Written frame:181. Read Time: 0.0070056915283203125. Write Time: 0.03298020362854004
182. Written frame:182. Read Time: 0.01679825782775879. Write Time: 1.1603777408599854
183. Written frame:183. Read Time: 0.01406097412109375. Write Time: 0.2501704692840576
184. Written frame:184. Read Time: 0.02085423469543457. Write Time: 0.3205990791320801
185. Written frame:185. Read Time: 0.02081894874572754. Write Time: 0.5085647106170654
186. Written frame:186. Read Time: 0.022405385971069336. Write Time: 0.28548312187194824
187. Written frame:187. Read Time: 0.0142669677734375. Write Time: 0.7367579936981201
188. Written frame:188. Read Time: 0.02969980239868164. Write Time: 0.029938459396362305
189. Written frame:189. Read Time: 0.01734781265258789. Write Time: 0.4542427062988281
190. Written frame:190. Read Time: 0.03525352478027344. Write Time: 0.20035409927368164
191. Written frame:191. Read Time: 0.013431310653686523. Write Time: 0.9832160472869873
192. Written frame:192. Read Time: 0.030089616775512695. Write Time: 0.8481004238128662
193. Written frame:193. Read Time: 0.027568817138671875. Write Time: 0.349031925201416
194. Written frame:194. Read Time: 0.013272762298583984. Write Time: 0.22571539878845215
195. Written frame:195. Read Time: 0.013183832168579102. Write Time: 0.28537487983703613
196. Written frame:196. Read Time: 0.01591634750366211. Write Time: 0.1976335048675537
197. Written frame:197. Read Time: 0.013943672180175781. Write Time: 0.23264694213867188
198. Written frame:198. Read Time: 0.01364755630493164. Write Time: 0.3144655227661133
199. Written frame:199. Read Time: 0.020486116409301758. Write Time: 1.891467571258545
200. Written frame:200. Read Time: 0.014261484146118164. Write Time: 0.1808638572692871
201. Written frame:201. Read Time: 0.028560876846313477. Write Time: 0.23029804229736328
202. Written frame:202. Read Time: 0.021582841873168945. Write Time: 0.7295846939086914
203. Written frame:203. Read Time: 0.02642369270324707. Write Time: 0.223038911819458
204. Written frame:204. Read Time: 0.014484643936157227. Write Time: 0.1292588710784912
205. Written frame:205. Read Time: 0.013515710830688477. Write Time: 0.9393916130065918
206. Written frame:206. Read Time: 0.017110347747802734. Write Time: 0.4600226879119873
207. Written frame:207. Read Time: 0.014546871185302734. Write Time: 0.22391724586486816
208. Written frame:208. Read Time: 0.014531612396240234. Write Time: 0.5681066513061523
209. Written frame:209. Read Time: 0.02323436737060547. Write Time: 0.34433865547180176
210. Written frame:210. Read Time: 0.013468742370605469. Write Time: 0.4680776596069336
211. Written frame:211. Read Time: 0.01869821548461914. Write Time: 0.2876701354980469
212. Written frame:212. Read Time: 0.02329850196838379. Write Time: 0.32146453857421875
213. Written frame:213. Read Time: 0.023360490798950195. Write Time: 0.6102006435394287
214. Written frame:214. Read Time: 0.018387556076049805. Write Time: 1.0462779998779297
215. Written frame:215. Read Time: 0.023778676986694336. Write Time: 0.2278456687927246
216. Written frame:216. Read Time: 0.02082347869873047. Write Time: 0.6370289325714111
217. Written frame:217. Read Time: 0.025257110595703125. Write Time: 0.3380599021911621
218. Written frame:218. Read Time: 0.03137016296386719. Write Time: 0.604820728302002
219. Written frame:219. Read Time: 0.04335427284240723. Write Time: 0.041723012924194336
220. Written frame:220. Read Time: 0.04555153846740723. Write Time: 0.7688274383544922
221. Written frame:221. Read Time: 0.01682114601135254. Write Time: 0.04028463363647461
222. Written frame:222. Read Time: 0.020593881607055664. Write Time: 0.03648781776428223
223. Written frame:223. Read Time: 0.01618337631225586. Write Time: 1.285818099975586
224. Written frame:224. Read Time: 0.018166303634643555. Write Time: 0.5703730583190918
225. Written frame:225. Read Time: 0.013833999633789062. Write Time: 0.3286759853363037
226. Written frame:226. Read Time: 0.017139673233032227. Write Time: 0.7466869354248047
227. Written frame:227. Read Time: 0.027059078216552734. Write Time: 0.20842719078063965
228. Written frame:228. Read Time: 0.014890193939208984. Write Time: 0.2631561756134033
229. Written frame:229. Read Time: 0.014161348342895508. Write Time: 0.570004940032959
230. Written frame:230. Read Time: 0.034148454666137695. Write Time: 0.35776209831237793
231. Written frame:231. Read Time: 0.019767045974731445. Write Time: 0.311708927154541
232. Written frame:232. Read Time: 0.013638734817504883. Write Time: 1.628173828125
233. Written frame:233. Read Time: 0.030524492263793945. Write Time: 0.018247604370117188
234. Written frame:234. Read Time: 0.016686201095581055. Write Time: 0.42664551734924316
235. Written frame:235. Read Time: 0.017693758010864258. Write Time: 0.6175706386566162
236. Written frame:236. Read Time: 0.017926692962646484. Write Time: 0.34290456771850586
237. Written frame:237. Read Time: 0.028590679168701172. Write Time: 0.1718583106994629
238. Written frame:238. Read Time: 0.028819561004638672. Write Time: 0.34512877464294434
239. Written frame:239. Read Time: 0.025494813919067383. Write Time: 0.9182412624359131
240. Written frame:240. Read Time: 0.030742883682250977. Write Time: 0.037091732025146484
241. Written frame:241. Read Time: 0.018807172775268555. Write Time: 0.4085726737976074
242. Written frame:242. Read Time: 0.032573699951171875. Write Time: 0.7636575698852539
243. Written frame:243. Read Time: 0.020941495895385742. Write Time: 0.1894664764404297
244. Written frame:244. Read Time: 0.013400793075561523. Write Time: 0.14453577995300293
245. Written frame:245. Read Time: 0.014551877975463867. Write Time: 0.5184531211853027
246. Written frame:246. Read Time: 0.04127645492553711. Write Time: 1.838618278503418
247. Written frame:247. Read Time: 0.03713798522949219. Write Time: 0.049471139907836914
248. Written frame:248. Read Time: 0.010687112808227539. Write Time: 0.03803062438964844
249. Written frame:249. Read Time: 0.006901264190673828. Write Time: 0.03331804275512695
250. Written frame:250. Read Time: 0.019654035568237305. Write Time: 0.03534555435180664
251. Written frame:251. Read Time: 0.017164230346679688. Write Time: 0.038483619689941406
252. Written frame:252. Read Time: 0.01872539520263672. Write Time: 2.356483221054077
253. Written frame:253. Read Time: 0.028351306915283203. Write Time: 0.3237636089324951
254. Written frame:254. Read Time: 0.017000913619995117. Write Time: 0.1689014434814453
255. Written frame:255. Read Time: 0.01822829246520996. Write Time: 0.42652392387390137
256. Written frame:256. Read Time: 0.037841796875. Write Time: 0.5062131881713867
257. Written frame:257. Read Time: 0.031072616577148438. Write Time: 0.30545544624328613
258. Written frame:258. Read Time: 0.04721379280090332. Write Time: 0.36815714836120605
259. Written frame:259. Read Time: 0.030745506286621094. Write Time: 0.915886640548706
260. Written frame:260. Read Time: 0.014398813247680664. Write Time: 0.5066444873809814
261. Written frame:261. Read Time: 0.018445253372192383. Write Time: 0.2700479030609131
262. Written frame:262. Read Time: 0.034458160400390625. Write Time: 0.3002305030822754
263. Written frame:263. Read Time: 0.031647682189941406. Write Time: 0.5310759544372559
264. Written frame:264. Read Time: 0.03189826011657715. Write Time: 0.559884786605835
265. Written frame:265. Read Time: 0.014150381088256836. Write Time: 0.35796499252319336
266. Written frame:266. Read Time: 0.03464770317077637. Write Time: 0.7880020141601562
267. Written frame:267. Read Time: 0.042809486389160156. Write Time: 0.1562643051147461
268. Written frame:268. Read Time: 0.055875301361083984. Write Time: 0.23685717582702637
269. Written frame:269. Read Time: 0.04323601722717285. Write Time: 0.70343017578125
270. Written frame:270. Read Time: 0.04723858833312988. Write Time: 0.509629487991333
271. Written frame:271. Read Time: 0.02020740509033203. Write Time: 0.34715867042541504
272. Written frame:272. Read Time: 0.03951859474182129. Write Time: 0.07526469230651855
273. Written frame:273. Read Time: 0.028663158416748047. Write Time: 0.6382317543029785
274. Written frame:274. Read Time: 0.019544601440429688. Write Time: 0.44744324684143066
275. Written frame:275. Read Time: 0.016945838928222656. Write Time: 0.5414333343505859
276. Written frame:276. Read Time: 0.01406550407409668. Write Time: 0.6694798469543457
277. Written frame:277. Read Time: 0.022632837295532227. Write Time: 0.36087512969970703
278. Written frame:278. Read Time: 0.041779518127441406. Write Time: 0.8107314109802246
279. Written frame:279. Read Time: 0.017392396926879883. Write Time: 0.3933119773864746
280. Written frame:280. Read Time: 0.013794660568237305. Write Time: 0.18696904182434082
281. Written frame:281. Read Time: 0.022124528884887695. Write Time: 0.4792613983154297
282. Written frame:282. Read Time: 0.08525538444519043. Write Time: 0.4237182140350342
283. Written frame:283. Read Time: 0.02369070053100586. Write Time: 0.4218759536743164
284. Written frame:284. Read Time: 0.04658174514770508. Write Time: 0.593116283416748
285. Written frame:285. Read Time: 0.021616220474243164. Write Time: 0.3631131649017334
286. Written frame:286. Read Time: 0.022657155990600586. Write Time: 0.1794271469116211
287. Written frame:287. Read Time: 0.0352628231048584. Write Time: 0.6549515724182129
288. Written frame:288. Read Time: 0.02086019515991211. Write Time: 0.10643458366394043
289. Written frame:289. Read Time: 0.021095991134643555. Write Time: 0.416886568069458
290. Written frame:290. Read Time: 0.012257814407348633. Write Time: 0.423311710357666
291. Written frame:291. Read Time: 0.025687217712402344. Write Time: 1.0813519954681396
292. Written frame:292. Read Time: 0.023878812789916992. Write Time: 0.1508469581604004
293. Written frame:293. Read Time: 0.01560664176940918. Write Time: 0.2836167812347412
294. Written frame:294. Read Time: 0.03344249725341797. Write Time: 0.08835387229919434
295. Written frame:295. Read Time: 0.020425081253051758. Write Time: 0.3972969055175781
296. Written frame:296. Read Time: 0.022612571716308594. Write Time: 0.4472498893737793
297. Written frame:297. Read Time: 0.015285491943359375. Write Time: 0.18501830101013184
298. Written frame:298. Read Time: 0.02231597900390625. Write Time: 0.6377649307250977
299. Written frame:299. Read Time: 0.016934633255004883. Write Time: 1.4786624908447266
300. Written frame:300. Read Time: 0.03786134719848633. Write Time: 0.07482194900512695
301. Written frame:301. Read Time: 0.020043611526489258. Write Time: 0.3909175395965576
302. Written frame:302. Read Time: 0.023895263671875. Write Time: 0.4919750690460205
303. Written frame:303. Read Time: 0.03199648857116699. Write Time: 0.40020275115966797
304. Written frame:304. Read Time: 0.05496644973754883. Write Time: 0.4865398406982422
305. Written frame:305. Read Time: 0.039395809173583984. Write Time: 0.14760994911193848
306. Written frame:306. Read Time: 0.014735937118530273. Write Time: 0.8182618618011475
307. Written frame:307. Read Time: 0.016570568084716797. Write Time: 0.1726837158203125
308. Written frame:308. Read Time: 0.017290592193603516. Write Time: 0.4417886734008789
309. Written frame:309. Read Time: 0.024363994598388672. Write Time: 0.45544886589050293
310. Written frame:310. Read Time: 0.03556704521179199. Write Time: 0.7242310047149658
311. Written frame:311. Read Time: 0.013200044631958008. Write Time: 0.18285846710205078
312. Written frame:312. Read Time: 0.028219223022460938. Write Time: 0.9806203842163086
313. Written frame:313. Read Time: 0.0179290771484375. Write Time: 0.55545973777771
314. Written frame:314. Read Time: 0.01452326774597168. Write Time: 0.15812158584594727
315. Written frame:315. Read Time: 0.013880014419555664. Write Time: 0.868675947189331
316. Written frame:316. Read Time: 0.016092300415039062. Write Time: 0.04825949668884277
317. Written frame:317. Read Time: 0.011550664901733398. Write Time: 1.107006549835205
318. Written frame:318. Read Time: 0.013184309005737305. Write Time: 0.27966737747192383
319. Written frame:319. Read Time: 0.025592565536499023. Write Time: 0.05332612991333008
320. Written frame:320. Read Time: 0.019487380981445312. Write Time: 0.6043524742126465
321. Written frame:321. Read Time: 0.015622854232788086. Write Time: 0.17429161071777344
322. Written frame:322. Read Time: 0.013802528381347656. Write Time: 0.45024919509887695
323. Written frame:323. Read Time: 0.017734289169311523. Write Time: 0.18365097045898438
324. Written frame:324. Read Time: 0.049466609954833984. Write Time: 1.8042051792144775
325. Written frame:325. Read Time: 0.029417037963867188. Write Time: 0.2244551181793213
326. Written frame:326. Read Time: 0.022391319274902344. Write Time: 0.20248842239379883
327. Written frame:327. Read Time: 0.02366328239440918. Write Time: 0.4809291362762451
328. Written frame:328. Read Time: 0.025195598602294922. Write Time: 0.32131123542785645
329. Written frame:329. Read Time: 0.014199018478393555. Write Time: 0.30469298362731934
330. Written frame:330. Read Time: 0.023212432861328125. Write Time: 1.0450708866119385
331. Written frame:331. Read Time: 0.014930963516235352. Write Time: 0.5025014877319336
332. Written frame:332. Read Time: 0.029221057891845703. Write Time: 0.26764774322509766
333. Written frame:333. Read Time: 0.020016908645629883. Write Time: 0.056819915771484375
334. Written frame:334. Read Time: 0.03777003288269043. Write Time: 1.0765266418457031
335. Written frame:335. Read Time: 0.03621625900268555. Write Time: 0.45174241065979004
336. Written frame:336. Read Time: 0.02154064178466797. Write Time: 0.253908634185791
337. Written frame:337. Read Time: 0.025211811065673828. Write Time: 0.7375161647796631
338. Written frame:338. Read Time: 0.03284811973571777. Write Time: 0.3820333480834961
339. Written frame:339. Read Time: 0.015545368194580078. Write Time: 0.47832608222961426
340. Written frame:340. Read Time: 0.01790928840637207. Write Time: 0.18682360649108887
341. Written frame:341. Read Time: 0.014159917831420898. Write Time: 0.3714008331298828
342. Written frame:342. Read Time: 0.014501571655273438. Write Time: 1.0585694313049316
343. Written frame:343. Read Time: 0.018255233764648438. Write Time: 0.23253631591796875
344. Written frame:344. Read Time: 0.01750922203063965. Write Time: 0.380631685256958
345. Written frame:345. Read Time: 0.01627206802368164. Write Time: 0.3911261558532715
346. Written frame:346. Read Time: 0.012942790985107422. Write Time: 0.4940156936645508
347. Written frame:347. Read Time: 0.017171621322631836. Write Time: 0.6706526279449463
348. Written frame:348. Read Time: 0.04774284362792969. Write Time: 0.1864633560180664
349. Written frame:349. Read Time: 0.032712697982788086. Write Time: 1.0555613040924072
350. Written frame:350. Read Time: 0.02092456817626953. Write Time: 0.2233138084411621
351. Written frame:351. Read Time: 0.016598224639892578. Write Time: 0.14745354652404785
352. Written frame:352. Read Time: 0.017949819564819336. Write Time: 1.0711650848388672
353. Written frame:353. Read Time: 0.01410365104675293. Write Time: 0.10427021980285645
354. Written frame:354. Read Time: 0.029279708862304688. Write Time: 0.16018128395080566
355. Written frame:355. Read Time: 0.012351274490356445. Write Time: 0.0910186767578125
356. Written frame:356. Read Time: 0.014606714248657227. Write Time: 0.11050224304199219
357. Written frame:357. Read Time: 0.018565654754638672. Write Time: 0.09685111045837402
358. Written frame:358. Read Time: 0.015208005905151367. Write Time: 1.3843936920166016
359. Written frame:359. Read Time: 0.014007568359375. Write Time: 1.0408077239990234
360. Written frame:360. Read Time: 0.014103412628173828. Write Time: 0.05285811424255371
361. Written frame:361. Read Time: 0.016417980194091797. Write Time: 0.7583529949188232
362. Written frame:362. Read Time: 0.014250516891479492. Write Time: 0.546116828918457
363. Written frame:363. Read Time: 0.025397539138793945. Write Time: 0.7310497760772705
364. Written frame:364. Read Time: 0.0386815071105957. Write Time: 0.21637344360351562
365. Written frame:365. Read Time: 0.05024290084838867. Write Time: 0.31307244300842285
366. Written frame:366. Read Time: 0.014567852020263672. Write Time: 0.2902195453643799
367. Written frame:367. Read Time: 0.021858692169189453. Write Time: 0.543574333190918
368. Written frame:368. Read Time: 0.02145552635192871. Write Time: 0.8263969421386719
369. Written frame:369. Read Time: 0.019251346588134766. Write Time: 0.41794753074645996
370. Written frame:370. Read Time: 0.02611088752746582. Write Time: 0.04431748390197754
371. Written frame:371. Read Time: 0.028570175170898438. Write Time: 0.06000208854675293
372. Written frame:372. Read Time: 0.011526107788085938. Write Time: 1.581404209136963
373. Written frame:373. Read Time: 0.02224278450012207. Write Time: 0.04497933387756348
374. Written frame:374. Read Time: 0.03580069541931152. Write Time: 0.025803089141845703
375. Written frame:375. Read Time: 0.03384685516357422. Write Time: 0.9360535144805908
376. Written frame:376. Read Time: 0.0157625675201416. Write Time: 0.2923274040222168
377. Written frame:377. Read Time: 0.027222633361816406. Write Time: 0.1701338291168213
378. Written frame:378. Read Time: 0.03328657150268555. Write Time: 1.332059383392334
379. Written frame:379. Read Time: 0.012907743453979492. Write Time: 0.16718268394470215
380. Written frame:380. Read Time: 0.039275407791137695. Write Time: 0.170271635055542
381. Written frame:381. Read Time: 0.01385641098022461. Write Time: 0.5743069648742676
382. Written frame:382. Read Time: 0.020404577255249023. Write Time: 0.19451451301574707
383. Written frame:383. Read Time: 0.019102096557617188. Write Time: 0.2255392074584961
384. Written frame:384. Read Time: 0.020253419876098633. Write Time: 1.293522596359253
385. Written frame:385. Read Time: 0.01777029037475586. Write Time: 0.25431036949157715
386. Written frame:386. Read Time: 0.0874624252319336. Write Time: 0.9523694515228271
387. Written frame:387. Read Time: 0.021365642547607422. Write Time: 0.3635289669036865
388. Written frame:388. Read Time: 0.03695344924926758. Write Time: 0.13672423362731934
389. Written frame:389. Read Time: 0.03261923789978027. Write Time: 0.89101243019104
390. Written frame:390. Read Time: 0.014450788497924805. Write Time: 0.07196259498596191
391. Written frame:391. Read Time: 0.023758649826049805. Write Time: 0.05224800109863281
392. Written frame:392. Read Time: 0.017470836639404297. Write Time: 0.49577832221984863
393. Written frame:393. Read Time: 0.015118837356567383. Write Time: 0.2582876682281494
394. Written frame:394. Read Time: 0.016585826873779297. Write Time: 1.2258427143096924
395. Written frame:395. Read Time: 0.03044748306274414. Write Time: 1.0564701557159424
396. Written frame:396. Read Time: 0.04307675361633301. Write Time: 0.29259681701660156
397. Written frame:397. Read Time: 0.015018939971923828. Write Time: 0.2190847396850586
398. Written frame:398. Read Time: 0.014867544174194336. Write Time: 0.5408833026885986
399. Written frame:399. Read Time: 0.021994352340698242. Write Time: 0.30933284759521484
400. Written frame:400. Read Time: 0.027799606323242188. Write Time: 0.31397223472595215
401. Written frame:401. Read Time: 0.029104948043823242. Write Time: 1.4797377586364746
402. Written frame:402. Read Time: 0.02166914939880371. Write Time: 0.03879737854003906
403. Written frame:403. Read Time: 0.024691343307495117. Write Time: 0.1459197998046875
404. Written frame:404. Read Time: 0.04602313041687012. Write Time: 1.5165941715240479
405. Written frame:405. Read Time: 0.031770944595336914. Write Time: 0.0449976921081543
406. Written frame:406. Read Time: 0.014348506927490234. Write Time: 0.3492121696472168
407. Written frame:407. Read Time: 0.04240727424621582. Write Time: 0.16389060020446777
408. Written frame:408. Read Time: 0.04750847816467285. Write Time: 0.045679569244384766
409. Written frame:409. Read Time: 0.02112102508544922. Write Time: 0.28437256813049316
410. Written frame:410. Read Time: 0.032877206802368164. Write Time: 1.5079383850097656
411. Written frame:411. Read Time: 0.015196084976196289. Write Time: 0.13425612449645996
412. Written frame:412. Read Time: 0.0211179256439209. Write Time: 0.5088553428649902
413. Written frame:413. Read Time: 0.0305783748626709. Write Time: 0.9034321308135986
414. Written frame:414. Read Time: 0.024864912033081055. Write Time: 0.38323140144348145
415. Written frame:415. Read Time: 0.027734994888305664. Write Time: 0.1435706615447998
416. Written frame:416. Read Time: 0.0191648006439209. Write Time: 1.0198132991790771
417. Written frame:417. Read Time: 0.01970839500427246. Write Time: 0.307877779006958
418. Written frame:418. Read Time: 0.012942075729370117. Write Time: 0.21483707427978516
419. Written frame:419. Read Time: 0.02300715446472168. Write Time: 0.9686768054962158
420. Written frame:420. Read Time: 0.02513265609741211. Write Time: 0.7733423709869385
421. Written frame:421. Read Time: 0.03869295120239258. Write Time: 0.059801578521728516
422. Written frame:422. Read Time: 0.006849050521850586. Write Time: 0.6507468223571777
423. Written frame:423. Read Time: 0.023233652114868164. Write Time: 0.07670044898986816
424. Written frame:424. Read Time: 0.021201133728027344. Write Time: 0.3562748432159424
425. Written frame:425. Read Time: 0.018655776977539062. Write Time: 0.5633690357208252
426. Written frame:426. Read Time: 0.031392574310302734. Write Time: 0.7323813438415527
427. Written frame:427. Read Time: 0.020025014877319336. Write Time: 0.48957228660583496
428. Written frame:428. Read Time: 0.021569252014160156. Write Time: 0.0387120246887207
429. Written frame:429. Read Time: 0.007925987243652344. Write Time: 1.2431244850158691
430. Written frame:430. Read Time: 0.0327305793762207. Write Time: 0.183121919631958
431. Written frame:431. Read Time: 0.030701637268066406. Write Time: 0.15470600128173828
432. Written frame:432. Read Time: 0.029224395751953125. Write Time: 0.3736748695373535
433. Written frame:433. Read Time: 0.015593767166137695. Write Time: 0.5395870208740234
434. Written frame:434. Read Time: 0.01679229736328125. Write Time: 0.5382001399993896
435. Written frame:435. Read Time: 0.0310060977935791. Write Time: 0.14296722412109375
436. Written frame:436. Read Time: 0.0339047908782959. Write Time: 0.7609169483184814
437. Written frame:437. Read Time: 0.018520832061767578. Write Time: 0.12468695640563965
438. Written frame:438. Read Time: 0.014459371566772461. Write Time: 0.033438920974731445
439. Written frame:439. Read Time: 0.006471872329711914. Write Time: 0.4505488872528076
440. Written frame:440. Read Time: 0.020822525024414062. Write Time: 0.8619701862335205
441. Written frame:441. Read Time: 0.020988941192626953. Write Time: 0.8948543071746826
442. Written frame:442. Read Time: 0.012209415435791016. Write Time: 0.4378056526184082
443. Written frame:443. Read Time: 0.01814866065979004. Write Time: 0.38208603858947754
444. Written frame:444. Read Time: 0.025069475173950195. Write Time: 0.18578886985778809
445. Written frame:445. Read Time: 0.013483762741088867. Write Time: 1.1441357135772705
446. Written frame:446. Read Time: 0.02097010612487793. Write Time: 0.06484341621398926
447. Written frame:447. Read Time: 0.01843714714050293. Write Time: 0.17563891410827637
448. Written frame:448. Read Time: 0.04157900810241699. Write Time: 0.4150412082672119
449. Written frame:449. Read Time: 0.035733699798583984. Write Time: 0.5619821548461914
450. Written frame:450. Read Time: 0.04366350173950195. Write Time: 0.5813915729522705
451. Written frame:451. Read Time: 0.026120662689208984. Write Time: 0.5571005344390869
452. Written frame:452. Read Time: 0.018264055252075195. Write Time: 0.6451218128204346
453. Written frame:453. Read Time: 0.014360666275024414. Write Time: 0.2671990394592285
454. Written frame:454. Read Time: 0.015538930892944336. Write Time: 0.3385429382324219
455. Written frame:455. Read Time: 0.016377925872802734. Write Time: 0.2619590759277344
456. Written frame:456. Read Time: 0.04542803764343262. Write Time: 0.4120965003967285
457. Written frame:457. Read Time: 0.021492958068847656. Write Time: 0.6549062728881836
458. Written frame:458. Read Time: 0.01510477066040039. Write Time: 0.5102674961090088
459. Written frame:459. Read Time: 0.020518779754638672. Write Time: 0.4717574119567871
460. Written frame:460. Read Time: 0.013823747634887695. Write Time: 0.5712473392486572
461. Written frame:461. Read Time: 0.02159404754638672. Write Time: 0.4303567409515381
462. Written frame:462. Read Time: 0.01279306411743164. Write Time: 0.3586699962615967
463. Written frame:463. Read Time: 0.02830362319946289. Write Time: 0.19817852973937988
464. Written frame:464. Read Time: 0.017128944396972656. Write Time: 0.14750933647155762
465. Written frame:465. Read Time: 0.019947528839111328. Write Time: 0.5267670154571533
466. Written frame:466. Read Time: 0.012726545333862305. Write Time: 1.0384917259216309
467. Written frame:467. Read Time: 0.02224445343017578. Write Time: 0.7644028663635254
468. Written frame:468. Read Time: 0.024463176727294922. Write Time: 0.11098933219909668
469. Written frame:469. Read Time: 0.009639501571655273. Write Time: 0.7075138092041016
470. Written frame:470. Read Time: 0.022385120391845703. Write Time: 0.2964513301849365
471. Written frame:471. Read Time: 0.021158695220947266. Write Time: 0.30313682556152344
472. Written frame:472. Read Time: 0.013720989227294922. Write Time: 0.06302261352539062
473. Written frame:473. Read Time: 0.03323554992675781. Write Time: 1.1848375797271729
474. Written frame:474. Read Time: 0.029185771942138672. Write Time: 0.716480016708374
475. Written frame:475. Read Time: 0.015256643295288086. Write Time: 0.11366820335388184
476. Written frame:476. Read Time: 0.014696598052978516. Write Time: 0.32100510597229004
477. Written frame:477. Read Time: 0.014503240585327148. Write Time: 0.32836055755615234
478. Written frame:478. Read Time: 0.024541378021240234. Write Time: 0.26508259773254395
479. Written frame:479. Read Time: 0.017611265182495117. Write Time: 0.5023829936981201
480. Written frame:480. Read Time: 0.019128799438476562. Write Time: 1.5223605632781982
481. Written frame:481. Read Time: 0.018548250198364258. Write Time: 0.18150758743286133
482. Written frame:482. Read Time: 0.011743545532226562. Write Time: 0.41786932945251465
483. Written frame:483. Read Time: 0.03356766700744629. Write Time: 0.04269981384277344
484. Written frame:484. Read Time: 0.019758939743041992. Write Time: 1.2358126640319824
485. Written frame:485. Read Time: 0.016371965408325195. Write Time: 0.14453601837158203
486. Written frame:486. Read Time: 0.020880937576293945. Write Time: 0.49956774711608887
487. Written frame:487. Read Time: 0.016872167587280273. Write Time: 0.20868968963623047
488. Written frame:488. Read Time: 0.016910552978515625. Write Time: 0.2688608169555664
489. Written frame:489. Read Time: 0.021525144577026367. Write Time: 0.9016108512878418
490. Written frame:490. Read Time: 0.014210939407348633. Write Time: 0.7961537837982178
491. Written frame:491. Read Time: 0.020833730697631836. Write Time: 0.23512649536132812
492. Written frame:492. Read Time: 0.035399436950683594. Write Time: 0.3194754123687744
493. Written frame:493. Read Time: 0.013993263244628906. Write Time: 0.3716411590576172
494. Written frame:494. Read Time: 0.04237985610961914. Write Time: 0.7514221668243408
495. Written frame:495. Read Time: 0.03229403495788574. Write Time: 0.08719062805175781
496. Written frame:496. Read Time: 0.03203415870666504. Write Time: 0.509730339050293
497. Written frame:497. Read Time: 0.042197465896606445. Write Time: 0.28621625900268555
498. Written frame:498. Read Time: 0.05554461479187012. Write Time: 0.5732738971710205
499. Written frame:499. Read Time: 0.04575681686401367. Write Time: 0.5713603496551514
500. Written frame:500. Read Time: 0.02033519744873047. Write Time: 0.5381665229797363
501. Written frame:501. Read Time: 0.02671980857849121. Write Time: 0.4604980945587158
502. Written frame:502. Read Time: 0.03008437156677246. Write Time: 0.033948421478271484
503. Written frame:503. Read Time: 0.012348651885986328. Write Time: 0.92411208152771
504. Written frame:504. Read Time: 0.021953344345092773. Write Time: 0.03891944885253906
505. Written frame:505. Read Time: 0.029606342315673828. Write Time: 0.7382690906524658
506. Written frame:506. Read Time: 0.014694452285766602. Write Time: 0.21804237365722656
507. Written frame:507. Read Time: 0.025120258331298828. Write Time: 1.2433884143829346
508. Written frame:508. Read Time: 0.0067064762115478516. Write Time: 0.39118504524230957
509. Written frame:509. Read Time: 0.014689922332763672. Write Time: 0.21420669555664062
510. Written frame:510. Read Time: 0.024745464324951172. Write Time: 0.6136207580566406
511. Written frame:511. Read Time: 0.01323699951171875. Write Time: 0.2812168598175049
512. Written frame:512. Read Time: 0.03396153450012207. Write Time: 0.38672971725463867
513. Written frame:513. Read Time: 0.033429622650146484. Write Time: 0.24385929107666016
514. Written frame:514. Read Time: 0.05261087417602539. Write Time: 0.19836020469665527
515. Written frame:515. Read Time: 0.018055438995361328. Write Time: 0.515460729598999
516. Written frame:516. Read Time: 0.016201257705688477. Write Time: 1.452831745147705
517. Written frame:517. Read Time: 0.014939308166503906. Write Time: 0.03479337692260742
518. Written frame:518. Read Time: 0.009550333023071289. Write Time: 0.43259716033935547
519. Written frame:519. Read Time: 0.021465539932250977. Write Time: 0.36950111389160156
520. Written frame:520. Read Time: 0.015390157699584961. Write Time: 0.9992005825042725
521. Written frame:521. Read Time: 0.013358831405639648. Write Time: 0.4463508129119873
522. Written frame:522. Read Time: 0.022148609161376953. Write Time: 0.06715846061706543
523. Written frame:523. Read Time: 0.022065401077270508. Write Time: 0.0901634693145752
524. Written frame:524. Read Time: 0.03927803039550781. Write Time: 1.075350284576416
525. Written frame:525. Read Time: 0.014379024505615234. Write Time: 0.30765724182128906
526. Written frame:526. Read Time: 0.030004262924194336. Write Time: 0.2065258026123047
527. Written frame:527. Read Time: 0.015042304992675781. Write Time: 0.2482743263244629
528. Written frame:528. Read Time: 0.012889862060546875. Write Time: 0.6755814552307129
529. Written frame:529. Read Time: 0.029750823974609375. Write Time: 0.6518721580505371
530. Written frame:530. Read Time: 0.03673839569091797. Write Time: 0.6067581176757812
531. Written frame:531. Read Time: 0.012572288513183594. Write Time: 1.3147928714752197
532. Written frame:532. Read Time: 0.03351330757141113. Write Time: 0.13728117942810059
533. Written frame:533. Read Time: 0.04065227508544922. Write Time: 0.09311580657958984
534. Written frame:534. Read Time: 0.021483421325683594. Write Time: 0.18361687660217285
535. Written frame:535. Read Time: 0.013145923614501953. Write Time: 0.7312250137329102
536. Written frame:536. Read Time: 0.03523755073547363. Write Time: 0.48332762718200684
537. Written frame:537. Read Time: 0.026539087295532227. Write Time: 0.8734540939331055
538. Written frame:538. Read Time: 0.014092206954956055. Write Time: 0.21292972564697266
539. Written frame:539. Read Time: 0.049155473709106445. Write Time: 0.23338794708251953
540. Written frame:540. Read Time: 0.018904447555541992. Write Time: 0.9993340969085693
541. Written frame:541. Read Time: 0.028366565704345703. Write Time: 0.2285141944885254
542. Written frame:542. Read Time: 0.01570582389831543. Write Time: 0.07312512397766113
543. Written frame:543. Read Time: 0.018973588943481445. Write Time: 0.8396902084350586
544. Written frame:544. Read Time: 0.0226595401763916. Write Time: 0.5690615177154541
545. Written frame:545. Read Time: 0.014245033264160156. Write Time: 0.38203978538513184
546. Written frame:546. Read Time: 0.026328086853027344. Write Time: 0.42979907989501953
547. Written frame:547. Read Time: 0.0235140323638916. Write Time: 0.45893096923828125
548. Written frame:548. Read Time: 0.03426527976989746. Write Time: 0.49816322326660156
549. Written frame:549. Read Time: 0.012890100479125977. Write Time: 0.21240592002868652
550. Written frame:550. Read Time: 0.017957448959350586. Write Time: 0.08790969848632812
551. Written frame:551. Read Time: 0.016409873962402344. Write Time: 0.6923871040344238
552. Written frame:552. Read Time: 0.027781963348388672. Write Time: 0.6925070285797119
553. Written frame:553. Read Time: 0.025978565216064453. Write Time: 0.9588260650634766
554. Written frame:554. Read Time: 0.014753103256225586. Write Time: 0.03442263603210449
555. Written frame:555. Read Time: 0.02171945571899414. Write Time: 0.08489203453063965
556. Written frame:556. Read Time: 0.021126985549926758. Write Time: 1.4050562381744385
557. Written frame:557. Read Time: 0.027521610260009766. Write Time: 0.22430133819580078
558. Written frame:558. Read Time: 0.014793634414672852. Write Time: 0.06868910789489746
559. Written frame:559. Read Time: 0.02056741714477539. Write Time: 0.18577170372009277
560. Written frame:560. Read Time: 0.020789384841918945. Write Time: 0.1421375274658203
561. Written frame:561. Read Time: 0.04604029655456543. Write Time: 1.6933915615081787
562. Written frame:562. Read Time: 0.014492988586425781. Write Time: 0.028122663497924805
563. Written frame:563. Read Time: 0.0208890438079834. Write Time: 0.21083498001098633
564. Written frame:564. Read Time: 0.016155481338500977. Write Time: 0.980527400970459
565. Written frame:565. Read Time: 0.014971017837524414. Write Time: 0.36692357063293457
566. Written frame:566. Read Time: 0.017082691192626953. Write Time: 0.751295804977417
567. Written frame:567. Read Time: 0.018700122833251953. Write Time: 0.6716597080230713
568. Written frame:568. Read Time: 0.01594233512878418. Write Time: 0.2765827178955078
569. Written frame:569. Read Time: 0.030562400817871094. Write Time: 0.4596266746520996
570. Written frame:570. Read Time: 0.013916969299316406. Write Time: 0.29543089866638184
571. Written frame:571. Read Time: 0.018408536911010742. Write Time: 0.6292288303375244
572. Written frame:572. Read Time: 0.015520811080932617. Write Time: 0.6785504817962646
573. Written frame:573. Read Time: 0.014008045196533203. Write Time: 0.46387195587158203
574. Written frame:574. Read Time: 0.023253679275512695. Write Time: 0.2603774070739746
575. Written frame:575. Read Time: 0.017492055892944336. Write Time: 0.2446286678314209
576. Written frame:576. Read Time: 0.013911962509155273. Write Time: 0.13694524765014648
577. Written frame:577. Read Time: 0.03123617172241211. Write Time: 0.7245523929595947
578. Written frame:578. Read Time: 0.019686460494995117. Write Time: 1.5320606231689453
579. Written frame:579. Read Time: 0.024115324020385742. Write Time: 0.5342514514923096
580. Written frame:580. Read Time: 0.016707658767700195. Write Time: 0.27097439765930176
581. Written frame:581. Read Time: 0.018169879913330078. Write Time: 0.4326753616333008
582. Written frame:582. Read Time: 0.017704248428344727. Write Time: 0.08411574363708496
583. Written frame:583. Read Time: 0.01627349853515625. Write Time: 1.1112377643585205
584. Written frame:584. Read Time: 0.02115607261657715. Write Time: 0.3134582042694092
585. Written frame:585. Read Time: 0.014666557312011719. Write Time: 0.605128288269043
586. Written frame:586. Read Time: 0.014274835586547852. Write Time: 0.31728529930114746
587. Written frame:587. Read Time: 0.026343822479248047. Write Time: 0.593878984451294
588. Written frame:588. Read Time: 0.03140902519226074. Write Time: 0.047785282135009766
589. Written frame:589. Read Time: 0.019449949264526367. Write Time: 1.0342695713043213
590. Written frame:590. Read Time: 0.019298553466796875. Write Time: 0.13142895698547363
591. Written frame:591. Read Time: 0.037224531173706055. Write Time: 0.17552638053894043
592. Written frame:592. Read Time: 0.016532182693481445. Write Time: 0.2808971405029297
593. Written frame:593. Read Time: 0.0169677734375. Write Time: 1.3369402885437012
594. Written frame:594. Read Time: 0.033452749252319336. Write Time: 0.5909395217895508
595. Written frame:595. Read Time: 0.01873159408569336. Write Time: 0.3738129138946533
596. Written frame:596. Read Time: 0.01838374137878418. Write Time: 0.22301840782165527
597. Written frame:597. Read Time: 0.0234525203704834. Write Time: 0.30308032035827637
598. Written frame:598. Read Time: 0.018983840942382812. Write Time: 1.549699068069458
599. Written frame:599. Read Time: 0.02218317985534668. Write Time: 0.126739501953125
600. Written frame:600. Read Time: 0.015446186065673828. Write Time: 0.2593550682067871
601. Written frame:601. Read Time: 0.016445159912109375. Write Time: 0.2651784420013428
602. Written frame:602. Read Time: 0.022472381591796875. Write Time: 0.2901186943054199
603. Written frame:603. Read Time: 0.02829885482788086. Write Time: 1.1554877758026123
604. Written frame:604. Read Time: 0.013305187225341797. Write Time: 0.07709407806396484
605. Written frame:605. Read Time: 0.021600008010864258. Write Time: 0.824906587600708
606. Written frame:606. Read Time: 0.020392894744873047. Write Time: 0.047373294830322266
607. Written frame:607. Read Time: 0.0219268798828125. Write Time: 0.12065958976745605
608. Written frame:608. Read Time: 0.0219571590423584. Write Time: 1.1613967418670654
609. Written frame:609. Read Time: 0.046126604080200195. Write Time: 0.41095781326293945
610. Written frame:610. Read Time: 0.019088268280029297. Write Time: 0.6833822727203369
611. Written frame:611. Read Time: 0.013077735900878906. Write Time: 0.1073455810546875
612. Written frame:612. Read Time: 0.024187564849853516. Write Time: 1.6036300659179688
613. Written frame:613. Read Time: 0.019710779190063477. Write Time: 0.035672664642333984
614. Written frame:614. Read Time: 0.006289482116699219. Write Time: 0.1743335723876953
615. Written frame:615. Read Time: 0.01908707618713379. Write Time: 0.22284388542175293
616. Written frame:616. Read Time: 0.014558553695678711. Write Time: 1.282209873199463
617. Written frame:617. Read Time: 0.014648914337158203. Write Time: 0.4128739833831787
618. Written frame:618. Read Time: 0.014784574508666992. Write Time: 0.18716216087341309
619. Written frame:619. Read Time: 0.03458046913146973. Write Time: 0.04642081260681152
620. Written frame:620. Read Time: 0.03678631782531738. Write Time: 0.33135414123535156
621. Written frame:621. Read Time: 0.06052851676940918. Write Time: 0.2563283443450928
622. Written frame:622. Read Time: 0.019204139709472656. Write Time: 0.8017144203186035
623. Written frame:623. Read Time: 0.018656253814697266. Write Time: 0.8230030536651611
624. Written frame:624. Read Time: 0.020447731018066406. Write Time: 0.08300423622131348
625. Written frame:625. Read Time: 0.03511333465576172. Write Time: 1.4635720252990723
626. Written frame:626. Read Time: 0.01766347885131836. Write Time: 0.1226963996887207
627. Written frame:627. Read Time: 0.03242039680480957. Write Time: 0.07489395141601562
628. Written frame:628. Read Time: 0.026852130889892578. Write Time: 0.5174949169158936
629. Written frame:629. Read Time: 0.023328304290771484. Write Time: 0.26323747634887695
630. Written frame:630. Read Time: 0.020357847213745117. Write Time: 0.7913405895233154
631. Written frame:631. Read Time: 0.013313055038452148. Write Time: 0.9447362422943115
632. Written frame:632. Read Time: 0.021310806274414062. Write Time: 0.14165830612182617
633. Written frame:633. Read Time: 0.022550106048583984. Write Time: 0.09306907653808594
634. Written frame:634. Read Time: 0.014578580856323242. Write Time: 0.771310567855835
635. Written frame:635. Read Time: 0.012657642364501953. Write Time: 0.06127429008483887
636. Written frame:636. Read Time: 0.029902219772338867. Write Time: 1.0918362140655518
637. Written frame:637. Read Time: 0.023258686065673828. Write Time: 0.10528421401977539
638. Written frame:638. Read Time: 0.019237041473388672. Write Time: 0.9232914447784424
639. Written frame:639. Read Time: 0.012544870376586914. Write Time: 0.06264019012451172
640. Written frame:640. Read Time: 0.014340400695800781. Write Time: 1.259627103805542
641. Written frame:641. Read Time: 0.030535459518432617. Write Time: 0.20097994804382324
642. Written frame:642. Read Time: 0.008118391036987305. Write Time: 0.035009145736694336
643. Written frame:643. Read Time: 0.017786026000976562. Write Time: 0.6719276905059814
644. Written frame:644. Read Time: 0.020874738693237305. Write Time: 0.9869866371154785
645. Written frame:645. Read Time: 0.021244049072265625. Write Time: 0.1669468879699707
646. Written frame:646. Read Time: 0.01982903480529785. Write Time: 0.4724864959716797
647. Written frame:647. Read Time: 0.03197526931762695. Write Time: 0.7918026447296143
648. Written frame:648. Read Time: 0.02176976203918457. Write Time: 0.227569580078125
649. Written frame:649. Read Time: 0.04028058052062988. Write Time: 0.5664987564086914
650. Written frame:650. Read Time: 0.02527785301208496. Write Time: 0.06050825119018555
651. Written frame:651. Read Time: 0.015209674835205078. Write Time: 0.12702441215515137
652. Written frame:652. Read Time: 0.02863597869873047. Write Time: 0.7211899757385254
653. Written frame:653. Read Time: 0.04317879676818848. Write Time: 1.2552132606506348