/cs/phd/itskov/Storage/EhudC/EHC143_DAF2_DAY_2_rep_3_19jan20.avi_exp/EHC143_DAF2_DAY_2_rep_3_19jan20.avi
/cs/phd/itskov/venv_4064b1f3-66d0-4741-94b1-f509fc105cbd

Inactive Modules:
  1) infiniband

Already using interpreter /usr/bin/python3
Using base prefix '/usr'
New python executable in /cs/phd/itskov/venv_4064b1f3-66d0-4741-94b1-f509fc105cbd/bin/python3
Also creating executable in /cs/phd/itskov/venv_4064b1f3-66d0-4741-94b1-f509fc105cbd/bin/python
Installing setuptools, pkg_resources, pip, wheel...done.
Installing sk-video.
Collecting sk-video
  Using cached sk_video-1.1.10-py2.py3-none-any.whl (2.3 MB)
Requirement already satisfied: numpy in /usr/lib/python3/dist-packages (from sk-video) (1.16.2)
Requirement already satisfied: scipy in /usr/lib/python3/dist-packages (from sk-video) (1.1.0)
Installing collected packages: sk-video
Successfully installed sk-video-1.1.10
Done installting sk-video.
/cs/phd/itskov/Storage/EhudC/EHC143_DAF2_DAY_2_rep_3_19jan20.avi_exp/EHC143_DAF2_DAY_2_rep_3_19jan20.avi
2020-05-02 17:36:39.953182: I tensorflow/stream_executor/platform/default/dso_loader.cc:42] Successfully opened dynamic library libcudart.so.10.0
Unable to init server: Could not connect: Connection refused
Unable to init server: Could not connect: Connection refused

(AnalysisStep.py:3008): Gdk-CRITICAL **: 17:36:45.962: gdk_cursor_new_for_display: assertion 'GDK_IS_DISPLAY (display)' failed

(AnalysisStep.py:3008): Gdk-CRITICAL **: 17:36:45.964: gdk_cursor_new_for_display: assertion 'GDK_IS_DISPLAY (display)' failed
WARNING: Logging before flag parsing goes to stderr.
W0502 17:36:47.464132 140054456813376 deprecation_wrapper.py:119] From /cs/phd/itskov/WormSegmentation/Behavior/Pipeline/SegmentStep.py:23: The name tf.placeholder is deprecated. Please use tf.compat.v1.placeholder instead.

W0502 17:36:47.481932 140054456813376 deprecation_wrapper.py:119] From /cs/phd/itskov/WormSegmentation/Behavior/Pipeline/SegmentStep.py:26: The name tf.ConfigProto is deprecated. Please use tf.compat.v1.ConfigProto instead.

W0502 17:36:47.482120 140054456813376 deprecation_wrapper.py:119] From /cs/phd/itskov/WormSegmentation/Behavior/Pipeline/SegmentStep.py:29: The name tf.Session is deprecated. Please use tf.compat.v1.Session instead.

2020-05-02 17:36:47.499874: I tensorflow/core/platform/profile_utils/cpu_utils.cc:94] CPU Frequency: 2399985000 Hz
2020-05-02 17:36:47.500508: I tensorflow/compiler/xla/service/service.cc:168] XLA service 0x36471d0 executing computations on platform Host. Devices:
2020-05-02 17:36:47.500535: I tensorflow/compiler/xla/service/service.cc:175]   StreamExecutor device (0): <undefined>, <undefined>
2020-05-02 17:36:47.504792: I tensorflow/stream_executor/platform/default/dso_loader.cc:42] Successfully opened dynamic library libcuda.so.1
2020-05-02 17:36:47.742253: I tensorflow/compiler/xla/service/service.cc:168] XLA service 0x5f26000 executing computations on platform CUDA. Devices:
2020-05-02 17:36:47.742291: I tensorflow/compiler/xla/service/service.cc:175]   StreamExecutor device (0): Tesla M60, Compute Capability 5.2
2020-05-02 17:36:47.745307: I tensorflow/core/common_runtime/gpu/gpu_device.cc:1640] Found device 0 with properties: 
name: Tesla M60 major: 5 minor: 2 memoryClockRate(GHz): 1.1775
pciBusID: 0000:06:00.0
2020-05-02 17:36:47.745435: I tensorflow/stream_executor/platform/default/dso_loader.cc:42] Successfully opened dynamic library libcudart.so.10.0
2020-05-02 17:36:47.846220: I tensorflow/stream_executor/platform/default/dso_loader.cc:42] Successfully opened dynamic library libcublas.so.10.0
2020-05-02 17:36:47.908607: I tensorflow/stream_executor/platform/default/dso_loader.cc:42] Successfully opened dynamic library libcufft.so.10.0
2020-05-02 17:36:47.947234: I tensorflow/stream_executor/platform/default/dso_loader.cc:42] Successfully opened dynamic library libcurand.so.10.0
2020-05-02 17:36:48.061629: I tensorflow/stream_executor/platform/default/dso_loader.cc:42] Successfully opened dynamic library libcusolver.so.10.0
2020-05-02 17:36:48.129025: I tensorflow/stream_executor/platform/default/dso_loader.cc:42] Successfully opened dynamic library libcusparse.so.10.0
2020-05-02 17:36:48.406523: I tensorflow/stream_executor/platform/default/dso_loader.cc:42] Successfully opened dynamic library libcudnn.so.7
2020-05-02 17:36:48.411451: I tensorflow/core/common_runtime/gpu/gpu_device.cc:1763] Adding visible gpu devices: 0
2020-05-02 17:36:48.411581: I tensorflow/stream_executor/platform/default/dso_loader.cc:42] Successfully opened dynamic library libcudart.so.10.0
2020-05-02 17:36:52.992170: I tensorflow/core/common_runtime/gpu/gpu_device.cc:1181] Device interconnect StreamExecutor with strength 1 edge matrix:
2020-05-02 17:36:52.992427: I tensorflow/core/common_runtime/gpu/gpu_device.cc:1187]      0 
2020-05-02 17:36:52.992445: I tensorflow/core/common_runtime/gpu/gpu_device.cc:1200] 0:   N 
2020-05-02 17:36:52.997652: I tensorflow/core/common_runtime/gpu/gpu_device.cc:1326] Created TensorFlow device (/job:localhost/replica:0/task:0/device:GPU:0 with 7576 MB memory) -> physical GPU (device: 0, name: Tesla M60, pci bus id: 0000:06:00.0, compute capability: 5.2)
W0502 17:36:53.001754 140054456813376 deprecation.py:323] From /cs/phd/itskov/WormSegmentation/trainModel.py:28: conv2d (from tensorflow.python.layers.convolutional) is deprecated and will be removed in a future version.
Instructions for updating:
Use `tf.keras.layers.Conv2D` instead.
W0502 17:36:53.004685 140054456813376 deprecation.py:506] From /usr/local/tensorflow/avx-avx2-gpu/1.14.0/python3.7/site-packages/tensorflow/python/ops/init_ops.py:1251: calling VarianceScaling.__init__ (from tensorflow.python.ops.init_ops) with dtype is deprecated and will be removed in a future version.
Instructions for updating:
Call initializer instance with the dtype argument instead of passing it to the constructor
W0502 17:36:53.162835 140054456813376 ag_logging.py:145] Entity <bound method Conv.call of <tensorflow.python.layers.convolutional.Conv2D object at 0x7f6092ddcc88>> could not be transformed and will be executed as-is. Please report this to the AutgoGraph team. When filing the bug, set the verbosity to 10 (on Linux, `export AUTOGRAPH_VERBOSITY=10`) and attach the full output. Cause: converting <bound method Conv.call of <tensorflow.python.layers.convolutional.Conv2D object at 0x7f6092ddcc88>>: AttributeError: module 'astor' has no attribute 'code_gen'
W0502 17:36:53.325049 140054456813376 ag_logging.py:145] Entity <bound method Conv.call of <tensorflow.python.layers.convolutional.Conv2D object at 0x7f609431d7b8>> could not be transformed and will be executed as-is. Please report this to the AutgoGraph team. When filing the bug, set the verbosity to 10 (on Linux, `export AUTOGRAPH_VERBOSITY=10`) and attach the full output. Cause: converting <bound method Conv.call of <tensorflow.python.layers.convolutional.Conv2D object at 0x7f609431d7b8>>: AttributeError: module 'astor' has no attribute 'code_gen'
W0502 17:36:53.471755 140054456813376 ag_logging.py:145] Entity <bound method Conv.call of <tensorflow.python.layers.convolutional.Conv2D object at 0x7f609431d7b8>> could not be transformed and will be executed as-is. Please report this to the AutgoGraph team. When filing the bug, set the verbosity to 10 (on Linux, `export AUTOGRAPH_VERBOSITY=10`) and attach the full output. Cause: converting <bound method Conv.call of <tensorflow.python.layers.convolutional.Conv2D object at 0x7f609431d7b8>>: AttributeError: module 'astor' has no attribute 'code_gen'
W0502 17:36:53.473986 140054456813376 deprecation.py:323] From /cs/phd/itskov/WormSegmentation/trainModel.py:52: conv2d_transpose (from tensorflow.python.layers.convolutional) is deprecated and will be removed in a future version.
Instructions for updating:
Use `tf.keras.layers.Conv2DTranspose` instead.
W0502 17:36:53.858383 140054456813376 ag_logging.py:145] Entity <bound method Conv2DTranspose.call of <tensorflow.python.layers.convolutional.Conv2DTranspose object at 0x7f609431d7b8>> could not be transformed and will be executed as-is. Please report this to the AutgoGraph team. When filing the bug, set the verbosity to 10 (on Linux, `export AUTOGRAPH_VERBOSITY=10`) and attach the full output. Cause: converting <bound method Conv2DTranspose.call of <tensorflow.python.layers.convolutional.Conv2DTranspose object at 0x7f609431d7b8>>: AttributeError: module 'astor' has no attribute 'code_gen'
W0502 17:36:54.339594 140054456813376 ag_logging.py:145] Entity <bound method Conv2DTranspose.call of <tensorflow.python.layers.convolutional.Conv2DTranspose object at 0x7f6094475898>> could not be transformed and will be executed as-is. Please report this to the AutgoGraph team. When filing the bug, set the verbosity to 10 (on Linux, `export AUTOGRAPH_VERBOSITY=10`) and attach the full output. Cause: converting <bound method Conv2DTranspose.call of <tensorflow.python.layers.convolutional.Conv2DTranspose object at 0x7f6094475898>>: AttributeError: module 'astor' has no attribute 'code_gen'
W0502 17:36:54.742040 140054456813376 ag_logging.py:145] Entity <bound method Conv2DTranspose.call of <tensorflow.python.layers.convolutional.Conv2DTranspose object at 0x7f6094475898>> could not be transformed and will be executed as-is. Please report this to the AutgoGraph team. When filing the bug, set the verbosity to 10 (on Linux, `export AUTOGRAPH_VERBOSITY=10`) and attach the full output. Cause: converting <bound method Conv2DTranspose.call of <tensorflow.python.layers.convolutional.Conv2DTranspose object at 0x7f6094475898>>: AttributeError: module 'astor' has no attribute 'code_gen'
W0502 17:36:54.903532 140054456813376 ag_logging.py:145] Entity <bound method Conv.call of <tensorflow.python.layers.convolutional.Conv2D object at 0x7f6092d8dc50>> could not be transformed and will be executed as-is. Please report this to the AutgoGraph team. When filing the bug, set the verbosity to 10 (on Linux, `export AUTOGRAPH_VERBOSITY=10`) and attach the full output. Cause: converting <bound method Conv.call of <tensorflow.python.layers.convolutional.Conv2D object at 0x7f6092d8dc50>>: AttributeError: module 'astor' has no attribute 'code_gen'
W0502 17:36:54.909697 140054456813376 deprecation_wrapper.py:119] From /cs/phd/itskov/WormSegmentation/Behavior/Pipeline/SegmentStep.py:33: The name tf.train.Saver is deprecated. Please use tf.compat.v1.train.Saver instead.

W0502 17:36:54.925648 140054456813376 deprecation.py:323] From /usr/local/tensorflow/avx-avx2-gpu/1.14.0/python3.7/site-packages/tensorflow/python/training/saver.py:1276: checkpoint_exists (from tensorflow.python.training.checkpoint_management) is deprecated and will be removed in a future version.
Instructions for updating:
Use standard file APIs to check for files with this prefix.
2020-05-02 17:36:55.231400: I tensorflow/stream_executor/platform/default/dso_loader.cc:42] Successfully opened dynamic library libcudnn.so.7
/usr/lib/python3/dist-packages/scipy/ndimage/measurements.py:1328: RuntimeWarning: invalid value encountered in true_divide
  for dir in range(input.ndim)]
Channel: first_channel.
***** Here *****
*** Total Frames: 118 ***
Frame: 0 Time: 0.000000 m
	0. Split Channel time: 0.140820 s
	1. Segmentation time: 11.677020 s
	2. Output time: 0.800113 s
	Time to get frame: 0.066772
	3. Tracking time: 0.145925 s
	Overall: 12.764005 s
Frame: 1 Time: 0.212734 m
	0. Split Channel time: 0.025285 s
	1. Segmentation time: 0.126773 s
	2. Output time: 0.011487 s
	Time to get frame: 0.062570
	3. Tracking time: 0.131090 s
	Overall: 0.294713 s
Frame: 2 Time: 0.217646 m
	0. Split Channel time: 0.003693 s
	1. Segmentation time: 0.125916 s
	2. Output time: 0.013559 s
	Time to get frame: 0.064207
	3. Tracking time: 0.133703 s
	Overall: 0.276937 s
Frame: 3 Time: 0.222262 m
	0. Split Channel time: 0.002511 s
	1. Segmentation time: 0.124311 s
	2. Output time: 0.012255 s
	Time to get frame: 0.064497
	3. Tracking time: 0.136489 s
	Overall: 0.275632 s
Frame: 4 Time: 0.226856 m
	0. Split Channel time: 0.086690 s
	1. Segmentation time: 0.124523 s
	2. Output time: 0.017189 s
	Time to get frame: 0.067927
	3. Tracking time: 0.139578 s
	Overall: 0.368056 s
Frame: 5 Time: 0.232990 m
	0. Split Channel time: 0.037861 s
	1. Segmentation time: 0.122899 s
	2. Output time: 0.013544 s
	Time to get frame: 0.064746
	3. Tracking time: 0.136337 s
	Overall: 0.310747 s
Frame: 6 Time: 0.238169 m
	0. Split Channel time: 0.043439 s
	1. Segmentation time: 0.124076 s
	2. Output time: 0.014079 s
	Time to get frame: 0.064501
	3. Tracking time: 0.142855 s
	Overall: 0.324531 s
Frame: 7 Time: 0.243578 m
	0. Split Channel time: 0.033991 s
	1. Segmentation time: 0.122626 s
	2. Output time: 0.016207 s
	Time to get frame: 0.064851
	3. Tracking time: 0.145816 s
	Overall: 0.318714 s
Frame: 8 Time: 0.248890 m
	0. Split Channel time: 0.041827 s
	1. Segmentation time: 0.122819 s
	2. Output time: 0.014679 s
	Time to get frame: 0.070596
	3. Tracking time: 0.152526 s
	Overall: 0.331925 s
Frame: 9 Time: 0.254423 m
	0. Split Channel time: 0.029155 s
	1. Segmentation time: 0.123209 s
	2. Output time: 0.012817 s
	Time to get frame: 0.064376
	3. Tracking time: 0.144989 s
	Overall: 0.310242 s
Frame: 10 Time: 0.259593 m
	0. Split Channel time: 0.016191 s
	1. Segmentation time: 0.122770 s
	2. Output time: 0.014199 s
	Time to get frame: 0.064302
	3. Tracking time: 0.146204 s
	Overall: 0.299435 s
Frame: 11 Time: 0.264584 m
	0. Split Channel time: 0.002433 s
	1. Segmentation time: 0.122918 s
	2. Output time: 0.015349 s
	Time to get frame: 0.064318
	3. Tracking time: 0.145070 s
	Overall: 0.285836 s
Frame: 12 Time: 0.269348 m
	0. Split Channel time: 0.067655 s
	1. Segmentation time: 0.123068 s
	2. Output time: 0.014141 s
	Time to get frame: 0.064198
	3. Tracking time: 0.145879 s
	Overall: 0.350815 s
Frame: 13 Time: 0.275195 m
	0. Split Channel time: 0.052525 s
	1. Segmentation time: 0.123184 s
	2. Output time: 0.018329 s
	Time to get frame: 0.064129
	3. Tracking time: 0.144388 s
	Overall: 0.338502 s
Frame: 14 Time: 0.280837 m
	0. Split Channel time: 0.095695 s
	1. Segmentation time: 0.123915 s
	2. Output time: 0.014912 s
	Time to get frame: 0.070240
	3. Tracking time: 0.152682 s
	Overall: 0.387277 s
Frame: 15 Time: 0.287292 m
	0. Split Channel time: 0.030369 s
	1. Segmentation time: 0.123279 s
	2. Output time: 0.018463 s
	Time to get frame: 0.065679
	3. Tracking time: 0.145855 s
	Overall: 0.318038 s
Frame: 16 Time: 0.292593 m
	0. Split Channel time: 0.011019 s
	1. Segmentation time: 0.123061 s
	2. Output time: 0.016125 s
	Time to get frame: 0.064366
	3. Tracking time: 0.145787 s
	Overall: 0.296066 s
Frame: 17 Time: 0.297527 m
	0. Split Channel time: 0.005435 s
	1. Segmentation time: 0.122599 s
	2. Output time: 0.014103 s
	Time to get frame: 0.070289
	3. Tracking time: 0.151534 s
	Overall: 0.293739 s
Frame: 18 Time: 0.302423 m
	0. Split Channel time: 0.003422 s
	1. Segmentation time: 0.122836 s
	2. Output time: 0.015120 s
	Time to get frame: 0.064411
	3. Tracking time: 0.145837 s
	Overall: 0.287284 s
Frame: 19 Time: 0.307211 m
	0. Split Channel time: 0.002468 s
	1. Segmentation time: 0.122869 s
	2. Output time: 0.012861 s
	Time to get frame: 0.064583
	3. Tracking time: 0.145406 s
	Overall: 0.283675 s
Frame: 20 Time: 0.311939 m
	0. Split Channel time: 0.032497 s
	1. Segmentation time: 0.122839 s
	2. Output time: 0.012996 s
	Time to get frame: 0.064202
	3. Tracking time: 0.145532 s
	Overall: 0.313939 s
Frame: 21 Time: 0.317171 m
	0. Split Channel time: 0.020908 s
	1. Segmentation time: 0.122975 s
	2. Output time: 0.012945 s
	Time to get frame: 0.064056
	3. Tracking time: 0.144661 s
	Overall: 0.301562 s
Frame: 22 Time: 0.322198 m
	0. Split Channel time: 0.038811 s
	1. Segmentation time: 0.122509 s
	2. Output time: 0.012658 s
	Time to get frame: 0.064081
	3. Tracking time: 0.145802 s
	Overall: 0.319850 s
Frame: 23 Time: 0.327529 m
	0. Split Channel time: 0.048842 s
	1. Segmentation time: 0.123967 s
	2. Output time: 0.012870 s
	Time to get frame: 0.064389
	3. Tracking time: 0.145527 s
	Overall: 0.331280 s
Frame: 24 Time: 0.333050 m
	0. Split Channel time: 0.027527 s
	1. Segmentation time: 0.122998 s
	2. Output time: 0.016246 s
	Time to get frame: 0.066290
	3. Tracking time: 0.147652 s
	Overall: 0.314493 s
Frame: 25 Time: 0.338292 m
	0. Split Channel time: 0.016265 s
	1. Segmentation time: 0.124090 s
	2. Output time: 0.014906 s
	Time to get frame: 0.067694
	3. Tracking time: 0.148922 s
	Overall: 0.304260 s
Frame: 26 Time: 0.343363 m
	0. Split Channel time: 0.038020 s
	1. Segmentation time: 0.122788 s
	2. Output time: 0.014185 s
	Time to get frame: 0.064044
	3. Tracking time: 0.145836 s
	Overall: 0.320901 s
Frame: 27 Time: 0.348711 m
	0. Split Channel time: 0.002394 s
	1. Segmentation time: 0.123822 s
	2. Output time: 0.011899 s
	Time to get frame: 0.066527
	3. Tracking time: 0.148079 s
	Overall: 0.286260 s
Frame: 28 Time: 0.353482 m
	0. Split Channel time: 0.058151 s
	1. Segmentation time: 0.122824 s
	2. Output time: 0.011873 s
	Time to get frame: 0.066226
	3. Tracking time: 0.147837 s
	Overall: 0.340760 s
Frame: 29 Time: 0.359162 m
	0. Split Channel time: 0.014325 s
	1. Segmentation time: 0.123054 s
	2. Output time: 0.011698 s
	Time to get frame: 0.066240
	3. Tracking time: 0.146839 s
	Overall: 0.295988 s
Frame: 30 Time: 0.364095 m
	0. Split Channel time: 0.070125 s
	1. Segmentation time: 0.123071 s
	2. Output time: 0.017843 s
	Time to get frame: 0.070193
	3. Tracking time: 0.154816 s
	Overall: 0.365928 s
Frame: 31 Time: 0.370194 m
	0. Split Channel time: 0.034303 s
	1. Segmentation time: 0.122728 s
	2. Output time: 0.018080 s
	Time to get frame: 0.067129
	3. Tracking time: 0.147664 s
	Overall: 0.322848 s
Frame: 32 Time: 0.375575 m
	0. Split Channel time: 0.016912 s
	1. Segmentation time: 0.123618 s
	2. Output time: 0.013172 s
	Time to get frame: 0.064103
	3. Tracking time: 0.145791 s
	Overall: 0.299560 s
Frame: 33 Time: 0.380568 m
	0. Split Channel time: 0.005473 s
	1. Segmentation time: 0.123141 s
	2. Output time: 0.015197 s
	Time to get frame: 0.064043
	3. Tracking time: 0.145419 s
	Overall: 0.289305 s
Frame: 34 Time: 0.385389 m
	0. Split Channel time: 0.015157 s
	1. Segmentation time: 0.123517 s
	2. Output time: 0.015434 s
	Time to get frame: 0.064414
	3. Tracking time: 0.144986 s
	Overall: 0.299160 s
Frame: 35 Time: 0.390376 m
	0. Split Channel time: 0.002463 s
	1. Segmentation time: 0.125977 s
	2. Output time: 0.015237 s
	Time to get frame: 0.064152
	3. Tracking time: 0.146602 s
	Overall: 0.290340 s
Frame: 36 Time: 0.395215 m
	0. Split Channel time: 0.033459 s
	1. Segmentation time: 0.125380 s
	2. Output time: 0.013268 s
	Time to get frame: 0.064118
	3. Tracking time: 0.146965 s
	Overall: 0.319143 s
Frame: 37 Time: 0.400534 m
	0. Split Channel time: 0.039081 s
	1. Segmentation time: 0.123757 s
	2. Output time: 0.012833 s
	Time to get frame: 0.064268
	3. Tracking time: 0.147556 s
	Overall: 0.323306 s
Frame: 38 Time: 0.405922 m
	0. Split Channel time: 0.026198 s
	1. Segmentation time: 0.123510 s
	2. Output time: 0.013098 s
	Time to get frame: 0.064098
	3. Tracking time: 0.146704 s
	Overall: 0.309580 s
Frame: 39 Time: 0.411082 m
	0. Split Channel time: 0.014900 s
	1. Segmentation time: 0.124553 s
	2. Output time: 0.012946 s
	Time to get frame: 0.064176
	3. Tracking time: 0.146700 s
	Overall: 0.299227 s
Frame: 40 Time: 0.416069 m
	0. Split Channel time: 0.049666 s
	1. Segmentation time: 0.126307 s
	2. Output time: 0.017629 s
	Time to get frame: 0.070166
	3. Tracking time: 0.151626 s
	Overall: 0.345303 s
Frame: 41 Time: 0.421825 m
	0. Split Channel time: 0.024565 s
	1. Segmentation time: 0.124771 s
	2. Output time: 0.016949 s
	Time to get frame: 0.070822
	3. Tracking time: 0.161210 s
	Overall: 0.327570 s
Frame: 42 Time: 0.427284 m
	0. Split Channel time: 0.029716 s
	1. Segmentation time: 0.126671 s
	2. Output time: 0.017312 s
	Time to get frame: 0.070010
	3. Tracking time: 0.152959 s
	Overall: 0.326738 s
Frame: 43 Time: 0.432730 m
	0. Split Channel time: 0.002324 s
	1. Segmentation time: 0.124899 s
	2. Output time: 0.012829 s
	Time to get frame: 0.064322
	3. Tracking time: 0.146728 s
	Overall: 0.286844 s
Frame: 44 Time: 0.437511 m
	0. Split Channel time: 0.047003 s
	1. Segmentation time: 0.128060 s
	2. Output time: 0.013211 s
	Time to get frame: 0.064656
	3. Tracking time: 0.145830 s
	Overall: 0.334199 s
Frame: 45 Time: 0.443081 m
	0. Split Channel time: 0.035169 s
	1. Segmentation time: 0.124449 s
	2. Output time: 0.018725 s
	Time to get frame: 0.064423
	3. Tracking time: 0.147015 s
	Overall: 0.325430 s
Frame: 46 Time: 0.448505 m
	0. Split Channel time: 0.050370 s
	1. Segmentation time: 0.126360 s
	2. Output time: 0.016412 s
	Time to get frame: 0.070223
	3. Tracking time: 0.151528 s
	Overall: 0.344744 s
Frame: 47 Time: 0.454251 m
	0. Split Channel time: 0.037374 s
	1. Segmentation time: 0.124175 s
	2. Output time: 0.015041 s
	Time to get frame: 0.064401
	3. Tracking time: 0.146583 s
	Overall: 0.323251 s
Frame: 48 Time: 0.459638 m
	0. Split Channel time: 0.034794 s
	1. Segmentation time: 0.125697 s
	2. Output time: 0.020953 s
	Time to get frame: 0.070876
	3. Tracking time: 0.151780 s
	Overall: 0.333309 s
Frame: 49 Time: 0.465194 m
	0. Split Channel time: 0.033600 s
	1. Segmentation time: 0.124812 s
	2. Output time: 0.016376 s
	Time to get frame: 0.064209
	3. Tracking time: 0.147161 s
	Overall: 0.322021 s
Frame: 50 Time: 0.470561 m
	0. Split Channel time: 0.003345 s
	1. Segmentation time: 0.126086 s
	2. Output time: 0.019475 s
	Time to get frame: 0.076217
	3. Tracking time: 0.158800 s
	Overall: 0.307778 s
Frame: 51 Time: 0.475690 m
	0. Split Channel time: 0.002478 s
	1. Segmentation time: 0.126305 s
	2. Output time: 0.017540 s
	Time to get frame: 0.070255
	3. Tracking time: 0.151130 s
	Overall: 0.297523 s
Frame: 52 Time: 0.480649 m
	0. Split Channel time: 0.030260 s
	1. Segmentation time: 0.124458 s
	2. Output time: 0.016077 s
	Time to get frame: 0.070245
	3. Tracking time: 0.152681 s
	Overall: 0.323550 s
Frame: 53 Time: 0.486042 m
	0. Split Channel time: 0.049076 s
	1. Segmentation time: 0.124187 s
	2. Output time: 0.016765 s
	Time to get frame: 0.064221
	3. Tracking time: 0.146754 s
	Overall: 0.336854 s
Frame: 54 Time: 0.491656 m
	0. Split Channel time: 0.087564 s
	1. Segmentation time: 0.126101 s
	2. Output time: 0.016708 s
	Time to get frame: 0.070288
	3. Tracking time: 0.154601 s
	Overall: 0.385048 s
Frame: 55 Time: 0.498074 m
	0. Split Channel time: 0.024650 s
	1. Segmentation time: 0.124850 s
	2. Output time: 0.015749 s
	Time to get frame: 0.064850
	3. Tracking time: 0.146965 s
	Overall: 0.312288 s
Frame: 56 Time: 0.503279 m
	0. Split Channel time: 0.020318 s
	1. Segmentation time: 0.126466 s
	2. Output time: 0.016248 s
	Time to get frame: 0.068727
	3. Tracking time: 0.153113 s
	Overall: 0.316228 s
Frame: 57 Time: 0.508549 m
	0. Split Channel time: 0.026732 s
	1. Segmentation time: 0.126357 s
	2. Output time: 0.016491 s
	Time to get frame: 0.064448
	3. Tracking time: 0.145572 s
	Overall: 0.315223 s
Frame: 58 Time: 0.513803 m
	0. Split Channel time: 0.016591 s
	1. Segmentation time: 0.125950 s
	2. Output time: 0.014020 s
	Time to get frame: 0.070246
	3. Tracking time: 0.155661 s
	Overall: 0.312305 s
Frame: 59 Time: 0.519008 m
	0. Split Channel time: 0.002485 s
	1. Segmentation time: 0.127618 s
	2. Output time: 0.014453 s
	Time to get frame: 0.064482
	3. Tracking time: 0.139149 s
	Overall: 0.283774 s
Frame: 60 Time: 0.523738 m
	0. Split Channel time: 0.024284 s
	1. Segmentation time: 0.122887 s
	2. Output time: 0.017015 s
	Time to get frame: 0.064182
	3. Tracking time: 0.135788 s
	Overall: 0.300045 s
Frame: 61 Time: 0.528739 m
	0. Split Channel time: 0.037004 s
	1. Segmentation time: 0.123748 s
	2. Output time: 0.015360 s
	Time to get frame: 0.064212
	3. Tracking time: 0.135955 s
	Overall: 0.312146 s
Frame: 62 Time: 0.533941 m
	0. Split Channel time: 0.038463 s
	1. Segmentation time: 0.123147 s
	2. Output time: 0.017141 s
	Time to get frame: 0.064173
	3. Tracking time: 0.136050 s
	Overall: 0.314873 s
Frame: 63 Time: 0.539189 m
	0. Split Channel time: 0.030030 s
	1. Segmentation time: 0.124207 s
	2. Output time: 0.014208 s
	Time to get frame: 0.066227
	3. Tracking time: 0.139120 s
	Overall: 0.307646 s
Frame: 64 Time: 0.544317 m
	0. Split Channel time: 0.054063 s
	1. Segmentation time: 0.123494 s
	2. Output time: 0.016182 s
	Time to get frame: 0.069384
	3. Tracking time: 0.150023 s
	Overall: 0.343834 s
Frame: 65 Time: 0.550048 m
	0. Split Channel time: 0.005553 s
	1. Segmentation time: 0.124018 s
	2. Output time: 0.019317 s
	Time to get frame: 0.067928
	3. Tracking time: 0.150994 s
	Overall: 0.299953 s
Frame: 66 Time: 0.555047 m
	0. Split Channel time: 0.003641 s
	1. Segmentation time: 0.124210 s
	2. Output time: 0.021700 s
	Time to get frame: 0.067205
	3. Tracking time: 0.150624 s
	Overall: 0.300243 s
Frame: 67 Time: 0.560051 m
	0. Split Channel time: 0.002495 s
	1. Segmentation time: 0.125360 s
	2. Output time: 0.015896 s
	Time to get frame: 0.064376
	3. Tracking time: 0.146558 s
	Overall: 0.290379 s
Frame: 68 Time: 0.564891 m
	0. Split Channel time: 0.034699 s
	1. Segmentation time: 0.124350 s
	2. Output time: 0.016238 s
	Time to get frame: 0.070621
	3. Tracking time: 0.144281 s
	Overall: 0.319648 s
Frame: 69 Time: 0.570218 m
	0. Split Channel time: 0.048116 s
	1. Segmentation time: 0.123668 s
	2. Output time: 0.015889 s
	Time to get frame: 0.064230
	3. Tracking time: 0.135944 s
	Overall: 0.323690 s
Frame: 70 Time: 0.575613 m
	0. Split Channel time: 0.026333 s
	1. Segmentation time: 0.122554 s
	2. Output time: 0.036713 s
	Time to get frame: 0.069785
	3. Tracking time: 0.141233 s
	Overall: 0.326915 s
Frame: 71 Time: 0.581062 m
	0. Split Channel time: 0.062927 s
	1. Segmentation time: 0.123749 s
	2. Output time: 0.020353 s
	Time to get frame: 0.073244
	3. Tracking time: 0.145236 s
	Overall: 0.352335 s
Frame: 72 Time: 0.586934 m
	0. Split Channel time: 0.014915 s
	1. Segmentation time: 0.124133 s
	2. Output time: 0.020633 s
	Time to get frame: 0.070233
	3. Tracking time: 0.142748 s
	Overall: 0.302502 s
Frame: 73 Time: 0.591976 m
	0. Split Channel time: 0.023185 s
	1. Segmentation time: 0.123915 s
	2. Output time: 0.016794 s
	Time to get frame: 0.064513
	3. Tracking time: 0.136575 s
	Overall: 0.300539 s
Frame: 74 Time: 0.596985 m
	0. Split Channel time: 0.003288 s
	1. Segmentation time: 0.123136 s
	2. Output time: 0.013781 s
	Time to get frame: 0.070234
	3. Tracking time: 0.146064 s
	Overall: 0.286337 s
Frame: 75 Time: 0.601758 m
	0. Split Channel time: 0.002483 s
	1. Segmentation time: 0.126125 s
	2. Output time: 0.013702 s
	Time to get frame: 0.064446
	3. Tracking time: 0.144503 s
	Overall: 0.286885 s
Frame: 76 Time: 0.606539 m
	0. Split Channel time: 0.049503 s
	1. Segmentation time: 0.122912 s
	2. Output time: 0.015982 s
	Time to get frame: 0.070399
	3. Tracking time: 0.152493 s
	Overall: 0.340968 s
Frame: 77 Time: 0.612222 m
	0. Split Channel time: 0.034343 s
	1. Segmentation time: 0.124041 s
	2. Output time: 0.016881 s
	Time to get frame: 0.064578
	3. Tracking time: 0.137942 s
	Overall: 0.313281 s
Frame: 78 Time: 0.617444 m
	0. Split Channel time: 0.047299 s
	1. Segmentation time: 0.123944 s
	2. Output time: 0.016518 s
	Time to get frame: 0.064955
	3. Tracking time: 0.136780 s
	Overall: 0.324614 s
Frame: 79 Time: 0.622854 m
	0. Split Channel time: 0.023816 s
	1. Segmentation time: 0.124028 s
	2. Output time: 0.016667 s
	Time to get frame: 0.070932
	3. Tracking time: 0.142754 s
	Overall: 0.307343 s
Frame: 80 Time: 0.627976 m
	0. Split Channel time: 0.039234 s
	1. Segmentation time: 0.123714 s
	2. Output time: 0.016667 s
	Time to get frame: 0.064409
	3. Tracking time: 0.136067 s
	Overall: 0.315755 s
Frame: 81 Time: 0.633240 m
	0. Split Channel time: 0.005412 s
	1. Segmentation time: 0.122812 s
	2. Output time: 0.016761 s
	Time to get frame: 0.064169
	3. Tracking time: 0.135963 s
	Overall: 0.281020 s
Frame: 82 Time: 0.637924 m
	0. Split Channel time: 0.003425 s
	1. Segmentation time: 0.124086 s
	2. Output time: 0.019393 s
	Time to get frame: 0.068099
	3. Tracking time: 0.140120 s
	Overall: 0.287095 s
Frame: 83 Time: 0.642709 m
	0. Split Channel time: 0.002469 s
	1. Segmentation time: 0.124317 s
	2. Output time: 0.016862 s
	Time to get frame: 0.064201
	3. Tracking time: 0.144060 s
	Overall: 0.287779 s
Frame: 84 Time: 0.647505 m
	0. Split Channel time: 0.035538 s
	1. Segmentation time: 0.123191 s
	2. Output time: 0.016640 s
	Time to get frame: 0.064505
	3. Tracking time: 0.145840 s
	Overall: 0.321294 s
Frame: 85 Time: 0.652860 m
	0. Split Channel time: 0.025477 s
	1. Segmentation time: 0.123289 s
	2. Output time: 0.019357 s
	Time to get frame: 0.070269
	3. Tracking time: 0.143907 s
	Overall: 0.312110 s
Frame: 86 Time: 0.658062 m
	0. Split Channel time: 0.035240 s
	1. Segmentation time: 0.123365 s
	2. Output time: 0.017395 s
	Time to get frame: 0.070478
	3. Tracking time: 0.152758 s
	Overall: 0.328833 s
Frame: 87 Time: 0.663543 m
	0. Split Channel time: 0.013160 s
	1. Segmentation time: 0.124131 s
	2. Output time: 0.017881 s
	Time to get frame: 0.070091
	3. Tracking time: 0.141830 s
	Overall: 0.297081 s
Frame: 88 Time: 0.668494 m
	0. Split Channel time: 0.019354 s
	1. Segmentation time: 0.122952 s
	2. Output time: 0.015787 s
	Time to get frame: 0.069979
	3. Tracking time: 0.141968 s
	Overall: 0.300137 s
Frame: 89 Time: 0.673497 m
	0. Split Channel time: 0.014449 s
	1. Segmentation time: 0.122952 s
	2. Output time: 0.016546 s
	Time to get frame: 0.070212
	3. Tracking time: 0.141844 s
	Overall: 0.295861 s
Frame: 90 Time: 0.678428 m
	0. Split Channel time: 0.011187 s
	1. Segmentation time: 0.122825 s
	2. Output time: 0.019908 s
	Time to get frame: 0.070493
	3. Tracking time: 0.145468 s
	Overall: 0.299457 s
Frame: 91 Time: 0.683419 m
	0. Split Channel time: 0.002486 s
	1. Segmentation time: 0.122596 s
	2. Output time: 0.014123 s
	Time to get frame: 0.064173
	3. Tracking time: 0.136592 s
	Overall: 0.275866 s
Frame: 92 Time: 0.688017 m
	0. Split Channel time: 0.023295 s
	1. Segmentation time: 0.122566 s
	2. Output time: 0.015664 s
	Time to get frame: 0.064524
	3. Tracking time: 0.136266 s
	Overall: 0.297869 s
Frame: 93 Time: 0.692981 m
	0. Split Channel time: 0.025835 s
	1. Segmentation time: 0.122564 s
	2. Output time: 0.014824 s
	Time to get frame: 0.064494
	3. Tracking time: 0.136447 s
	Overall: 0.299742 s
Frame: 94 Time: 0.697977 m
	0. Split Channel time: 0.021191 s
	1. Segmentation time: 0.122846 s
	2. Output time: 0.014932 s
	Time to get frame: 0.064765
	3. Tracking time: 0.137581 s
	Overall: 0.296625 s
Frame: 95 Time: 0.702921 m
	0. Split Channel time: 0.026132 s
	1. Segmentation time: 0.123610 s
	2. Output time: 0.015105 s
	Time to get frame: 0.064247
	3. Tracking time: 0.136667 s
	Overall: 0.301592 s
Frame: 96 Time: 0.707948 m
	0. Split Channel time: 0.011617 s
	1. Segmentation time: 0.123648 s
	2. Output time: 0.014630 s
	Time to get frame: 0.070758
	3. Tracking time: 0.142161 s
	Overall: 0.292130 s
Frame: 97 Time: 0.712817 m
	0. Split Channel time: 0.012679 s
	1. Segmentation time: 0.122695 s
	2. Output time: 0.017386 s
	Time to get frame: 0.072747
	3. Tracking time: 0.144841 s
	Overall: 0.297673 s
Frame: 98 Time: 0.717778 m
	0. Split Channel time: 0.004523 s
	1. Segmentation time: 0.124202 s
	2. Output time: 0.017349 s
	Time to get frame: 0.069073
	3. Tracking time: 0.144439 s
	Overall: 0.290586 s
Frame: 99 Time: 0.722621 m
	0. Split Channel time: 0.002533 s
	1. Segmentation time: 0.122924 s
	2. Output time: 0.017020 s
	Time to get frame: 0.070201
	3. Tracking time: 0.142447 s
	Overall: 0.285003 s
Frame: 100 Time: 0.727371 m
	0. Split Channel time: 0.036142 s
	1. Segmentation time: 0.124012 s
	2. Output time: 0.016306 s
	Time to get frame: 0.070187
	3. Tracking time: 0.142995 s
	Overall: 0.319535 s
Frame: 101 Time: 0.732697 m
	0. Split Channel time: 0.035854 s
	1. Segmentation time: 0.123745 s
	2. Output time: 0.016332 s
	Time to get frame: 0.070415
	3. Tracking time: 0.151212 s
	Overall: 0.327215 s
Frame: 102 Time: 0.738151 m
	0. Split Channel time: 0.021610 s
	1. Segmentation time: 0.122835 s
	2. Output time: 0.017834 s
	Time to get frame: 0.067099
	3. Tracking time: 0.150869 s
	Overall: 0.313221 s
Frame: 103 Time: 0.743371 m
	0. Split Channel time: 0.037385 s
	1. Segmentation time: 0.123668 s
	2. Output time: 0.016896 s
	Time to get frame: 0.064142
	3. Tracking time: 0.146776 s
	Overall: 0.324805 s
Frame: 104 Time: 0.748785 m
	0. Split Channel time: 0.048145 s
	1. Segmentation time: 0.125135 s
	2. Output time: 0.013564 s
	Time to get frame: 0.064099
	3. Tracking time: 0.146849 s
	Overall: 0.333780 s
Frame: 105 Time: 0.754348 m
	0. Split Channel time: 0.017697 s
	1. Segmentation time: 0.122928 s
	2. Output time: 0.016254 s
	Time to get frame: 0.070138
	3. Tracking time: 0.143652 s
	Overall: 0.300610 s
Frame: 106 Time: 0.759358 m
	0. Split Channel time: 0.019624 s
	1. Segmentation time: 0.123877 s
	2. Output time: 0.018770 s
	Time to get frame: 0.068799
	3. Tracking time: 0.141485 s
	Overall: 0.303824 s
Frame: 107 Time: 0.764422 m
	0. Split Channel time: 0.002548 s
	1. Segmentation time: 0.124053 s
	2. Output time: 0.016867 s
	Time to get frame: 0.064204
	3. Tracking time: 0.136996 s
	Overall: 0.280532 s
Frame: 108 Time: 0.769098 m
	0. Split Channel time: 0.034778 s
	1. Segmentation time: 0.123652 s
	2. Output time: 0.015674 s
	Time to get frame: 0.064240
	3. Tracking time: 0.146124 s
	Overall: 0.320301 s
Frame: 109 Time: 0.774436 m
	0. Split Channel time: 0.022464 s
	1. Segmentation time: 0.124772 s
	2. Output time: 0.017080 s
	Time to get frame: 0.064503
	3. Tracking time: 0.138168 s
	Overall: 0.302563 s
Frame: 110 Time: 0.779479 m
	0. Split Channel time: 0.039601 s
	1. Segmentation time: 0.123636 s
	2. Output time: 0.016785 s
	Time to get frame: 0.066268
	3. Tracking time: 0.138220 s
	Overall: 0.318314 s
Frame: 111 Time: 0.784784 m
	0. Split Channel time: 0.010016 s
	1. Segmentation time: 0.123347 s
	2. Output time: 0.019241 s
	Time to get frame: 0.064373
	3. Tracking time: 0.136370 s
	Overall: 0.289048 s
Frame: 112 Time: 0.789602 m
	0. Split Channel time: 0.007663 s
	1. Segmentation time: 0.124084 s
	2. Output time: 0.015585 s
	Time to get frame: 0.064096
	3. Tracking time: 0.135793 s
	Overall: 0.283197 s
Frame: 113 Time: 0.794322 m
	0. Split Channel time: 0.006517 s
	1. Segmentation time: 0.124053 s
	2. Output time: 0.015812 s
	Time to get frame: 0.064918
	3. Tracking time: 0.137033 s
	Overall: 0.283489 s
Frame: 114 Time: 0.799047 m
	0. Split Channel time: 0.003567 s
	1. Segmentation time: 0.123794 s
	2. Output time: 0.020591 s
	Time to get frame: 0.076402
	3. Tracking time: 0.148973 s
	Overall: 0.296995 s
Frame: 115 Time: 0.803997 m
	0. Split Channel time: 0.002573 s
	1. Segmentation time: 0.123330 s
	2. Output time: 0.016820 s
	Time to get frame: 0.064201
	3. Tracking time: 0.136275 s
	Overall: 0.279067 s
Frame: 116 Time: 0.808648 m
	0. Split Channel time: 0.058384 s
	1. Segmentation time: 0.122925 s
	2. Output time: 0.013588 s
	Time to get frame: 0.064086
	3. Tracking time: 0.135687 s
	Overall: 0.330655 s
Frame: 117 Time: 0.814159 m
	0. Split Channel time: 0.044368 s
	1. Segmentation time: 0.123598 s
	2. Output time: 0.016816 s
	Time to get frame: 0.064465
	3. Tracking time: 0.136305 s
	Overall: 0.321161 s
Closing..
Filtering tracks..
Before filtering: 5814 tracks.
After filtering by length: (248,) tracks.
/cs/phd/itskov/Storage/EhudC/EHC143_DAF2_DAY_2_rep_3_19jan20.avi_exp/EHC143_DAF2_DAY_2_rep_3_19jan20_seg_raw_tracked.mp4
/cs/phd/itskov/Storage/EhudC/EHC143_DAF2_DAY_2_rep_3_19jan20.avi_exp/EHC143_DAF2_DAY_2_rep_3_19jan20_seg_both_tracked.mp4
Saving frame: 1 Time: 0.699474573135376 Relevant Tracks: 248
Saving frame: 2 Time: 0.06960916519165039 Relevant Tracks: 248
Saving frame: 3 Time: 0.05144143104553223 Relevant Tracks: 248
Saving frame: 4 Time: 0.05643820762634277 Relevant Tracks: 248
Saving frame: 5 Time: 0.0579526424407959 Relevant Tracks: 248
Saving frame: 6 Time: 0.05042552947998047 Relevant Tracks: 248
Saving frame: 7 Time: 0.04975175857543945 Relevant Tracks: 248
Saving frame: 8 Time: 0.051056861877441406 Relevant Tracks: 248
Saving frame: 9 Time: 0.05404019355773926 Relevant Tracks: 246
Saving frame: 10 Time: 0.05460238456726074 Relevant Tracks: 243
Saving frame: 11 Time: 0.04888486862182617 Relevant Tracks: 240
Saving frame: 12 Time: 0.05974769592285156 Relevant Tracks: 239
Saving frame: 13 Time: 0.0523991584777832 Relevant Tracks: 239
Saving frame: 14 Time: 0.051410675048828125 Relevant Tracks: 234
Saving frame: 15 Time: 0.05236935615539551 Relevant Tracks: 232
Saving frame: 16 Time: 0.049645185470581055 Relevant Tracks: 227
Saving frame: 17 Time: 0.05063319206237793 Relevant Tracks: 221
Saving frame: 18 Time: 0.053277015686035156 Relevant Tracks: 219
Saving frame: 19 Time: 0.049355268478393555 Relevant Tracks: 214
Saving frame: 20 Time: 0.050156593322753906 Relevant Tracks: 210
Saving frame: 21 Time: 0.047621965408325195 Relevant Tracks: 206
Saving frame: 22 Time: 0.05440950393676758 Relevant Tracks: 205
Saving frame: 23 Time: 0.05488014221191406 Relevant Tracks: 201
Saving frame: 24 Time: 0.049230098724365234 Relevant Tracks: 201
Saving frame: 25 Time: 0.05554509162902832 Relevant Tracks: 200
Saving frame: 26 Time: 0.05223989486694336 Relevant Tracks: 198
Saving frame: 27 Time: 0.05658769607543945 Relevant Tracks: 198
Saving frame: 28 Time: 0.057273149490356445 Relevant Tracks: 196
Saving frame: 29 Time: 0.05415773391723633 Relevant Tracks: 194
Saving frame: 30 Time: 0.05193209648132324 Relevant Tracks: 191
Saving frame: 31 Time: 0.051895856857299805 Relevant Tracks: 187
Saving frame: 32 Time: 0.0509037971496582 Relevant Tracks: 185
Saving frame: 33 Time: 0.05229973793029785 Relevant Tracks: 184
Saving frame: 34 Time: 0.050205230712890625 Relevant Tracks: 182
Saving frame: 35 Time: 0.05044817924499512 Relevant Tracks: 177
Saving frame: 36 Time: 0.047730207443237305 Relevant Tracks: 174
Saving frame: 37 Time: 0.0491180419921875 Relevant Tracks: 173
Saving frame: 38 Time: 0.052365779876708984 Relevant Tracks: 171
Saving frame: 39 Time: 0.05181765556335449 Relevant Tracks: 169
Saving frame: 40 Time: 0.051021575927734375 Relevant Tracks: 166
Saving frame: 41 Time: 0.05182218551635742 Relevant Tracks: 166
Saving frame: 42 Time: 0.07352161407470703 Relevant Tracks: 164
Saving frame: 43 Time: 0.07767009735107422 Relevant Tracks: 163
Saving frame: 44 Time: 0.06997942924499512 Relevant Tracks: 161
Saving frame: 45 Time: 0.07197761535644531 Relevant Tracks: 160
Saving frame: 46 Time: 0.0749821662902832 Relevant Tracks: 156
Saving frame: 47 Time: 0.34462451934814453 Relevant Tracks: 155
Saving frame: 48 Time: 0.0923316478729248 Relevant Tracks: 153
Saving frame: 49 Time: 0.08045554161071777 Relevant Tracks: 152
Saving frame: 50 Time: 0.06850361824035645 Relevant Tracks: 149
Saving frame: 51 Time: 0.07697772979736328 Relevant Tracks: 147
Saving frame: 52 Time: 0.23171663284301758 Relevant Tracks: 147
Saving frame: 53 Time: 0.0679161548614502 Relevant Tracks: 147
Saving frame: 54 Time: 0.08144783973693848 Relevant Tracks: 142
Saving frame: 55 Time: 0.1559293270111084 Relevant Tracks: 141
Saving frame: 56 Time: 0.0866856575012207 Relevant Tracks: 140
Saving frame: 57 Time: 0.06522965431213379 Relevant Tracks: 136
Saving frame: 58 Time: 0.1571497917175293 Relevant Tracks: 134
Saving frame: 59 Time: 0.19277071952819824 Relevant Tracks: 133
Saving frame: 60 Time: 0.11667180061340332 Relevant Tracks: 132
Saving frame: 61 Time: 0.07633829116821289 Relevant Tracks: 131
Saving frame: 62 Time: 0.0661935806274414 Relevant Tracks: 128
Saving frame: 63 Time: 0.21070051193237305 Relevant Tracks: 126
Saving frame: 64 Time: 0.12851881980895996 Relevant Tracks: 126
Saving frame: 65 Time: 0.10944890975952148 Relevant Tracks: 125
Saving frame: 66 Time: 0.07196950912475586 Relevant Tracks: 123
Saving frame: 67 Time: 0.11689257621765137 Relevant Tracks: 123
Saving frame: 68 Time: 0.11206626892089844 Relevant Tracks: 122
Saving frame: 69 Time: 0.1216423511505127 Relevant Tracks: 121
Saving frame: 70 Time: 0.08794331550598145 Relevant Tracks: 116
Saving frame: 71 Time: 0.12046241760253906 Relevant Tracks: 114
Saving frame: 72 Time: 0.13028645515441895 Relevant Tracks: 114
Saving frame: 73 Time: 0.07917213439941406 Relevant Tracks: 114
Saving frame: 74 Time: 0.10209798812866211 Relevant Tracks: 111
Saving frame: 75 Time: 0.1522524356842041 Relevant Tracks: 110
Saving frame: 76 Time: 0.07860732078552246 Relevant Tracks: 106
Saving frame: 77 Time: 0.12659311294555664 Relevant Tracks: 102
Saving frame: 78 Time: 0.08846020698547363 Relevant Tracks: 100
Saving frame: 79 Time: 0.20299291610717773 Relevant Tracks: 98
Saving frame: 80 Time: 0.09526562690734863 Relevant Tracks: 96
Saving frame: 81 Time: 0.11095428466796875 Relevant Tracks: 94
Saving frame: 82 Time: 0.0769805908203125 Relevant Tracks: 94
Saving frame: 83 Time: 0.14898014068603516 Relevant Tracks: 93
Saving frame: 84 Time: 0.11470389366149902 Relevant Tracks: 90
Saving frame: 85 Time: 0.15851449966430664 Relevant Tracks: 90
Saving frame: 86 Time: 0.10971951484680176 Relevant Tracks: 87
Saving frame: 87 Time: 0.07959890365600586 Relevant Tracks: 85
Saving frame: 88 Time: 0.0833585262298584 Relevant Tracks: 82
Saving frame: 89 Time: 0.11907696723937988 Relevant Tracks: 81
Saving frame: 90 Time: 0.2156214714050293 Relevant Tracks: 80
Saving frame: 91 Time: 0.07387900352478027 Relevant Tracks: 77
Saving frame: 92 Time: 0.07510232925415039 Relevant Tracks: 75
Saving frame: 93 Time: 0.07016253471374512 Relevant Tracks: 73
Saving frame: 94 Time: 0.15496110916137695 Relevant Tracks: 73
Saving frame: 95 Time: 0.20504450798034668 Relevant Tracks: 71
Saving frame: 96 Time: 0.21861982345581055 Relevant Tracks: 66
Saving frame: 97 Time: 0.11333966255187988 Relevant Tracks: 63
Saving frame: 98 Time: 0.07674646377563477 Relevant Tracks: 62
Saving frame: 99 Time: 0.08011436462402344 Relevant Tracks: 61
Saving frame: 100 Time: 0.11238431930541992 Relevant Tracks: 60
Saving frame: 101 Time: 0.2241065502166748 Relevant Tracks: 58
Saving frame: 102 Time: 0.12421870231628418 Relevant Tracks: 57
Saving frame: 103 Time: 0.07280230522155762 Relevant Tracks: 56
Saving frame: 104 Time: 0.07977104187011719 Relevant Tracks: 51
Saving frame: 105 Time: 0.08047151565551758 Relevant Tracks: 48
Saving frame: 106 Time: 0.11032414436340332 Relevant Tracks: 45
Saving frame: 107 Time: 0.1311964988708496 Relevant Tracks: 43
Saving frame: 108 Time: 0.09139275550842285 Relevant Tracks: 40
Saving frame: 109 Time: 0.07385611534118652 Relevant Tracks: 39
Saving frame: 110 Time: 0.1293468475341797 Relevant Tracks: 36
Saving frame: 111 Time: 0.10803055763244629 Relevant Tracks: 32
Saving frame: 112 Time: 0.10991477966308594 Relevant Tracks: 29
Saving frame: 113 Time: 0.08169937133789062 Relevant Tracks: 27
Saving frame: 114 Time: 0.0752725601196289 Relevant Tracks: 27
Saving frame: 115 Time: 0.1241755485534668 Relevant Tracks: 26
Deactivating venv.
Deletd venv.
